2025-10-26 12:04:29 [main] INFO  edu.univ.erp.util.ConfigUtil - Configuration loaded successfully
2025-10-26 12:04:29 [main] INFO  com.zaxxer.hikari.HikariDataSource - AuthDB-Pool - Starting...
2025-10-26 12:04:29 [main] INFO  com.zaxxer.hikari.pool.HikariPool - AuthDB-Pool - Added connection com.mysql.cj.jdbc.ConnectionImpl@6d6bc158
2025-10-26 12:04:29 [main] INFO  com.zaxxer.hikari.HikariDataSource - AuthDB-Pool - Start completed.
2025-10-26 12:04:29 [main] INFO  e.univ.erp.data.DatabaseConnection - Auth database connection pool initialized
2025-10-26 12:04:29 [main] INFO  com.zaxxer.hikari.HikariDataSource - ErpDB-Pool - Starting...
2025-10-26 12:04:29 [main] INFO  com.zaxxer.hikari.pool.HikariPool - ErpDB-Pool - Added connection com.mysql.cj.jdbc.ConnectionImpl@5489c777
2025-10-26 12:04:29 [main] INFO  com.zaxxer.hikari.HikariDataSource - ErpDB-Pool - Start completed.
2025-10-26 12:04:29 [main] INFO  e.univ.erp.data.DatabaseConnection - ERP database connection pool initialized
2025-10-26 12:04:29 [main] INFO  edu.univ.erp.test.BaseDAOTest - Database connections verified for testing
2025-10-26 12:04:29 [main] DEBUG edu.univ.erp.test.BaseDAOTest - Setting up test case
2025-10-26 12:04:30 [main] INFO  edu.univ.erp.auth.AuthService - Successful login for user: auth_svc_test
2025-10-26 12:04:30 [main] DEBUG edu.univ.erp.test.BaseDAOTest - Tearing down test case
2025-10-26 12:04:30 [main] DEBUG edu.univ.erp.test.BaseDAOTest - Setting up test case
2025-10-26 12:04:30 [main] WARN  edu.univ.erp.auth.AuthService - Login attempt for inactive account: auth_svc_test
2025-10-26 12:04:30 [main] DEBUG edu.univ.erp.test.BaseDAOTest - Tearing down test case
2025-10-26 12:04:30 [main] DEBUG edu.univ.erp.test.BaseDAOTest - Setting up test case
2025-10-26 12:04:30 [main] WARN  edu.univ.erp.auth.AuthService - Login attempt for non-existent user: nonexistent_user
2025-10-26 12:04:30 [main] DEBUG edu.univ.erp.test.BaseDAOTest - Tearing down test case
2025-10-26 12:04:30 [main] DEBUG edu.univ.erp.test.BaseDAOTest - Setting up test case
2025-10-26 12:04:30 [main] WARN  edu.univ.erp.auth.AuthService - Failed login attempt for user: auth_svc_test (attempt 1/5)
2025-10-26 12:04:30 [main] INFO  edu.univ.erp.auth.AuthService - Successful login for user: auth_svc_test
2025-10-26 12:04:30 [main] DEBUG edu.univ.erp.test.BaseDAOTest - Tearing down test case
2025-10-26 12:04:30 [main] DEBUG edu.univ.erp.test.BaseDAOTest - Setting up test case
2025-10-26 12:04:31 [main] WARN  edu.univ.erp.auth.AuthService - Failed login attempt for user: auth_svc_test (attempt 1/5)
2025-10-26 12:04:31 [main] DEBUG edu.univ.erp.test.BaseDAOTest - Tearing down test case
2025-10-26 12:04:31 [main] DEBUG edu.univ.erp.test.BaseDAOTest - Setting up test case
2025-10-26 12:04:31 [main] WARN  edu.univ.erp.auth.AuthService - Failed login attempt for user: auth_svc_test (attempt 1/5)
2025-10-26 12:04:31 [main] WARN  edu.univ.erp.auth.AuthService - Failed login attempt for user: auth_svc_test (attempt 2/5)
2025-10-26 12:04:31 [main] WARN  edu.univ.erp.auth.AuthService - Failed login attempt for user: auth_svc_test (attempt 3/5)
2025-10-26 12:04:31 [main] WARN  edu.univ.erp.auth.AuthService - Failed login attempt for user: auth_svc_test (attempt 4/5)
2025-10-26 12:04:31 [main] WARN  edu.univ.erp.auth.AuthService - Account locked due to too many failed attempts: auth_svc_test
2025-10-26 12:04:31 [main] WARN  edu.univ.erp.auth.AuthService - Login attempt for locked account: auth_svc_test
2025-10-26 12:04:31 [main] DEBUG edu.univ.erp.test.BaseDAOTest - Tearing down test case
2025-10-26 12:04:31 [main] DEBUG edu.univ.erp.test.BaseDAOTest - Setting up test case
2025-10-26 12:04:32 [main] WARN  edu.univ.erp.auth.AuthService - Failed login attempt for user: auth_svc_test (attempt 1/5)
2025-10-26 12:04:32 [main] WARN  edu.univ.erp.auth.AuthService - Failed login attempt for user: auth_svc_test (attempt 2/5)
2025-10-26 12:04:32 [main] WARN  edu.univ.erp.auth.AuthService - Failed login attempt for user: auth_svc_test (attempt 3/5)
2025-10-26 12:04:32 [main] INFO  edu.univ.erp.auth.AuthService - Successful login for user: auth_svc_test
2025-10-26 12:04:32 [main] DEBUG edu.univ.erp.test.BaseDAOTest - Tearing down test case
2025-10-26 12:04:32 [main] DEBUG edu.univ.erp.test.BaseDAOTest - Setting up test case
2025-10-26 12:04:32 [main] WARN  edu.univ.erp.auth.AuthService - Login attempt for locked account: auth_svc_test
2025-10-26 12:04:32 [main] DEBUG edu.univ.erp.test.BaseDAOTest - Tearing down test case
2025-10-26 12:04:32 [main] INFO  edu.univ.erp.test.BaseDAOTest - Database connections verified for testing
2025-10-26 12:04:32 [main] DEBUG edu.univ.erp.test.BaseDAOTest - Setting up test case
2025-10-26 12:04:32 [main] DEBUG edu.univ.erp.test.BaseDAOTest - Tearing down test case
2025-10-26 12:04:32 [main] DEBUG edu.univ.erp.test.BaseDAOTest - Setting up test case
2025-10-26 12:04:33 [main] DEBUG edu.univ.erp.test.BaseDAOTest - Tearing down test case
2025-10-26 12:04:33 [main] DEBUG edu.univ.erp.test.BaseDAOTest - Setting up test case
2025-10-26 12:04:33 [main] DEBUG edu.univ.erp.test.BaseDAOTest - Tearing down test case
2025-10-26 12:04:33 [main] DEBUG edu.univ.erp.test.BaseDAOTest - Setting up test case
2025-10-26 12:04:33 [main] DEBUG edu.univ.erp.test.BaseDAOTest - Tearing down test case
2025-10-26 12:04:33 [main] DEBUG edu.univ.erp.test.BaseDAOTest - Setting up test case
2025-10-26 12:04:33 [main] DEBUG edu.univ.erp.test.BaseDAOTest - Tearing down test case
2025-10-26 12:04:33 [main] DEBUG edu.univ.erp.test.BaseDAOTest - Setting up test case
2025-10-26 12:04:34 [main] DEBUG edu.univ.erp.test.BaseDAOTest - Tearing down test case
2025-10-26 12:04:34 [main] INFO  edu.univ.erp.test.BaseDAOTest - Database connections verified for testing
2025-10-26 12:04:34 [main] DEBUG edu.univ.erp.test.BaseDAOTest - Setting up test case
2025-10-26 12:04:34 [main] DEBUG edu.univ.erp.test.BaseDAOTest - Tearing down test case
2025-10-26 12:04:34 [main] DEBUG edu.univ.erp.test.BaseDAOTest - Setting up test case
2025-10-26 12:04:34 [main] DEBUG edu.univ.erp.test.BaseDAOTest - Tearing down test case
2025-10-26 12:04:34 [main] DEBUG edu.univ.erp.test.BaseDAOTest - Setting up test case
2025-10-26 12:04:34 [main] DEBUG edu.univ.erp.test.BaseDAOTest - Tearing down test case
2025-10-26 12:04:34 [main] INFO  edu.univ.erp.test.BaseDAOTest - Database connections verified for testing
2025-10-26 12:04:34 [main] DEBUG edu.univ.erp.test.BaseDAOTest - Setting up test case
2025-10-26 12:04:34 [main] DEBUG edu.univ.erp.test.BaseDAOTest - Tearing down test case
2025-10-26 12:04:34 [main] DEBUG edu.univ.erp.test.BaseDAOTest - Setting up test case
2025-10-26 12:04:34 [main] DEBUG edu.univ.erp.test.BaseDAOTest - Tearing down test case
2025-10-26 12:04:34 [main] INFO  edu.univ.erp.test.BaseDAOTest - Database connections verified for testing
2025-10-26 12:04:34 [main] DEBUG edu.univ.erp.test.BaseDAOTest - Setting up test case
2025-10-26 12:04:34 [main] DEBUG edu.univ.erp.test.BaseDAOTest - Tearing down test case
2025-10-26 12:04:34 [main] DEBUG edu.univ.erp.test.BaseDAOTest - Setting up test case
2025-10-26 12:04:34 [main] DEBUG edu.univ.erp.test.BaseDAOTest - Tearing down test case
2025-10-26 12:04:34 [main] DEBUG edu.univ.erp.test.BaseDAOTest - Setting up test case
2025-10-26 12:04:34 [main] DEBUG edu.univ.erp.test.BaseDAOTest - Tearing down test case
2025-10-26 12:04:34 [main] DEBUG edu.univ.erp.test.BaseDAOTest - Setting up test case
2025-10-26 12:04:35 [main] DEBUG edu.univ.erp.test.BaseDAOTest - Tearing down test case
2025-10-26 12:04:35 [main] DEBUG edu.univ.erp.test.BaseDAOTest - Setting up test case
2025-10-26 12:04:35 [main] DEBUG edu.univ.erp.test.BaseDAOTest - Tearing down test case
2025-10-26 12:04:35 [main] DEBUG edu.univ.erp.test.BaseDAOTest - Setting up test case
2025-10-26 12:04:35 [main] DEBUG edu.univ.erp.test.BaseDAOTest - Tearing down test case
2025-10-26 12:04:35 [main] DEBUG edu.univ.erp.test.BaseDAOTest - Setting up test case
2025-10-26 12:04:35 [main] DEBUG edu.univ.erp.test.BaseDAOTest - Tearing down test case
2025-10-26 12:04:35 [main] INFO  edu.univ.erp.test.BaseDAOTest - Database connections verified for testing
2025-10-26 12:04:35 [main] DEBUG edu.univ.erp.test.BaseDAOTest - Setting up test case
2025-10-26 12:04:35 [main] DEBUG edu.univ.erp.test.BaseDAOTest - Tearing down test case
2025-10-26 12:04:35 [main] INFO  edu.univ.erp.test.BaseDAOTest - Database connections verified for testing
2025-10-26 12:04:35 [main] DEBUG edu.univ.erp.test.BaseDAOTest - Setting up test case
2025-10-26 12:04:36 [main] DEBUG edu.univ.erp.test.BaseDAOTest - Tearing down test case
2025-10-26 12:04:36 [main] DEBUG edu.univ.erp.test.BaseDAOTest - Setting up test case
2025-10-26 12:04:36 [main] DEBUG edu.univ.erp.test.BaseDAOTest - Tearing down test case
2025-10-26 12:04:36 [main] DEBUG edu.univ.erp.test.BaseDAOTest - Setting up test case
2025-10-26 12:04:36 [main] DEBUG edu.univ.erp.test.BaseDAOTest - Tearing down test case
2025-10-26 12:04:36 [main] DEBUG edu.univ.erp.test.BaseDAOTest - Setting up test case
2025-10-26 12:04:36 [main] DEBUG edu.univ.erp.test.BaseDAOTest - Tearing down test case
2025-10-26 12:04:36 [main] DEBUG edu.univ.erp.test.BaseDAOTest - Setting up test case
2025-10-26 12:04:37 [main] DEBUG edu.univ.erp.test.BaseDAOTest - Tearing down test case
2025-10-26 12:04:37 [main] DEBUG edu.univ.erp.test.BaseDAOTest - Setting up test case
2025-10-26 12:04:37 [main] DEBUG edu.univ.erp.test.BaseDAOTest - Tearing down test case
2025-10-26 12:04:37 [main] DEBUG edu.univ.erp.test.BaseDAOTest - Setting up test case
2025-10-26 12:04:38 [main] DEBUG edu.univ.erp.test.BaseDAOTest - Tearing down test case
2025-10-26 12:04:38 [main] INFO  edu.univ.erp.test.BaseDAOTest - Database connections verified for testing
2025-10-26 12:04:38 [main] DEBUG edu.univ.erp.test.BaseDAOTest - Setting up test case
2025-10-26 12:04:38 [main] INFO  edu.univ.erp.data.AuthDAOTest - Test setup complete for username: test_user_1761460478011
2025-10-26 12:04:38 [main] INFO  edu.univ.erp.data.AuthDAOTest - Successfully found user: test_user_1761460478011
2025-10-26 12:04:38 [main] INFO  edu.univ.erp.data.AuthDAOTest - Cleanup completed for username: test_user_1761460478011
2025-10-26 12:04:38 [main] DEBUG edu.univ.erp.test.BaseDAOTest - Tearing down test case
2025-10-26 12:04:38 [main] DEBUG edu.univ.erp.test.BaseDAOTest - Setting up test case
2025-10-26 12:04:38 [main] INFO  edu.univ.erp.data.AuthDAOTest - Test setup complete for username: test_user_1761460478175
2025-10-26 12:04:38 [main] INFO  edu.univ.erp.data.AuthDAOTest - Correctly returned null for non-existent username: definitely_does_not_exist_1761460478319
2025-10-26 12:04:38 [main] INFO  edu.univ.erp.data.AuthDAOTest - Cleanup completed for username: test_user_1761460478175
2025-10-26 12:04:38 [main] DEBUG edu.univ.erp.test.BaseDAOTest - Tearing down test case
2025-10-26 12:04:38 [main] DEBUG edu.univ.erp.test.BaseDAOTest - Setting up test case
2025-10-26 12:04:38 [main] INFO  edu.univ.erp.data.AuthDAOTest - Test setup complete for username: test_user_1761460478325
2025-10-26 12:04:38 [main] INFO  edu.univ.erp.data.AuthDAOTest - Correctly handled null username input
2025-10-26 12:04:38 [main] INFO  edu.univ.erp.data.AuthDAOTest - Cleanup completed for username: test_user_1761460478325
2025-10-26 12:04:38 [main] DEBUG edu.univ.erp.test.BaseDAOTest - Tearing down test case
2025-10-26 12:04:38 [main] DEBUG edu.univ.erp.test.BaseDAOTest - Setting up test case
2025-10-26 12:04:38 [main] INFO  edu.univ.erp.data.AuthDAOTest - Test setup complete for username: test_user_1761460478465
2025-10-26 12:04:38 [main] INFO  edu.univ.erp.data.AuthDAOTest - Correctly handled empty/whitespace username input
2025-10-26 12:04:38 [main] INFO  edu.univ.erp.data.AuthDAOTest - Cleanup completed for username: test_user_1761460478465
2025-10-26 12:04:38 [main] DEBUG edu.univ.erp.test.BaseDAOTest - Tearing down test case
2025-10-26 12:04:38 [main] DEBUG edu.univ.erp.test.BaseDAOTest - Setting up test case
2025-10-26 12:04:38 [main] INFO  edu.univ.erp.data.AuthDAOTest - Test setup complete for username: test_user_1761460478578
2025-10-26 12:04:38 [main] INFO  edu.univ.erp.data.AuthDAOTest - Successfully created user with ID: 590
2025-10-26 12:04:38 [main] INFO  edu.univ.erp.data.AuthDAOTest - Cleanup completed for username: test_user_1761460478578
2025-10-26 12:04:38 [main] DEBUG edu.univ.erp.test.BaseDAOTest - Tearing down test case
2025-10-26 12:04:38 [main] DEBUG edu.univ.erp.test.BaseDAOTest - Setting up test case
2025-10-26 12:04:38 [main] INFO  edu.univ.erp.data.AuthDAOTest - Test setup complete for username: test_user_1761460478696
2025-10-26 12:04:38 [main] ERROR edu.univ.erp.auth.AuthDAO - Error creating user: test_user_1761460478696
java.sql.SQLIntegrityConstraintViolationException: Duplicate entry 'test_user_1761460478696' for key 'users_auth.username'
	at com.mysql.cj.jdbc.exceptions.SQLError.createSQLException(SQLError.java:118)
	at com.mysql.cj.jdbc.exceptions.SQLExceptionsMapping.translateException(SQLExceptionsMapping.java:122)
	at com.mysql.cj.jdbc.ClientPreparedStatement.executeInternal(ClientPreparedStatement.java:912)
	at com.mysql.cj.jdbc.ClientPreparedStatement.executeUpdateInternal(ClientPreparedStatement.java:1054)
	at com.mysql.cj.jdbc.ClientPreparedStatement.executeUpdateInternal(ClientPreparedStatement.java:1003)
	at com.mysql.cj.jdbc.ClientPreparedStatement.executeLargeUpdate(ClientPreparedStatement.java:1312)
	at com.mysql.cj.jdbc.ClientPreparedStatement.executeUpdate(ClientPreparedStatement.java:988)
	at com.zaxxer.hikari.pool.ProxyPreparedStatement.executeUpdate(ProxyPreparedStatement.java:61)
	at com.zaxxer.hikari.pool.HikariProxyPreparedStatement.executeUpdate(HikariProxyPreparedStatement.java)
	at edu.univ.erp.auth.AuthDAO.createUser(AuthDAO.java:111)
	at edu.univ.erp.data.AuthDAOTest.lambda$testCreateUser_DuplicateUsername$0(AuthDAOTest.java:126)
	at org.junit.jupiter.api.AssertThrows.assertThrows(AssertThrows.java:53)
	at org.junit.jupiter.api.AssertThrows.assertThrows(AssertThrows.java:39)
	at org.junit.jupiter.api.Assertions.assertThrows(Assertions.java:3131)
	at edu.univ.erp.data.AuthDAOTest.testCreateUser_DuplicateUsername(AuthDAOTest.java:125)
	at java.base/jdk.internal.reflect.DirectMethodHandleAccessor.invoke(DirectMethodHandleAccessor.java:103)
	at java.base/java.lang.reflect.Method.invoke(Method.java:580)
	at org.junit.platform.commons.util.ReflectionUtils.invokeMethod(ReflectionUtils.java:728)
	at org.junit.jupiter.engine.execution.MethodInvocation.proceed(MethodInvocation.java:60)
	at org.junit.jupiter.engine.execution.InvocationInterceptorChain$ValidatingInvocation.proceed(InvocationInterceptorChain.java:131)
	at org.junit.jupiter.engine.extension.TimeoutExtension.intercept(TimeoutExtension.java:156)
	at org.junit.jupiter.engine.extension.TimeoutExtension.interceptTestableMethod(TimeoutExtension.java:147)
	at org.junit.jupiter.engine.extension.TimeoutExtension.interceptTestMethod(TimeoutExtension.java:86)
	at org.junit.jupiter.engine.execution.InterceptingExecutableInvoker$ReflectiveInterceptorCall.lambda$ofVoidMethod$0(InterceptingExecutableInvoker.java:103)
	at org.junit.jupiter.engine.execution.InterceptingExecutableInvoker.lambda$invoke$0(InterceptingExecutableInvoker.java:93)
	at org.junit.jupiter.engine.execution.InvocationInterceptorChain$InterceptedInvocation.proceed(InvocationInterceptorChain.java:106)
	at org.junit.jupiter.engine.execution.InvocationInterceptorChain.proceed(InvocationInterceptorChain.java:64)
	at org.junit.jupiter.engine.execution.InvocationInterceptorChain.chainAndInvoke(InvocationInterceptorChain.java:45)
	at org.junit.jupiter.engine.execution.InvocationInterceptorChain.invoke(InvocationInterceptorChain.java:37)
	at org.junit.jupiter.engine.execution.InterceptingExecutableInvoker.invoke(InterceptingExecutableInvoker.java:92)
	at org.junit.jupiter.engine.execution.InterceptingExecutableInvoker.invoke(InterceptingExecutableInvoker.java:86)
	at org.junit.jupiter.engine.descriptor.TestMethodTestDescriptor.lambda$invokeTestMethod$7(TestMethodTestDescriptor.java:218)
	at org.junit.platform.engine.support.hierarchical.ThrowableCollector.execute(ThrowableCollector.java:73)
	at org.junit.jupiter.engine.descriptor.TestMethodTestDescriptor.invokeTestMethod(TestMethodTestDescriptor.java:214)
	at org.junit.jupiter.engine.descriptor.TestMethodTestDescriptor.execute(TestMethodTestDescriptor.java:139)
	at org.junit.jupiter.engine.descriptor.TestMethodTestDescriptor.execute(TestMethodTestDescriptor.java:69)
	at org.junit.platform.engine.support.hierarchical.NodeTestTask.lambda$executeRecursively$6(NodeTestTask.java:151)
	at org.junit.platform.engine.support.hierarchical.ThrowableCollector.execute(ThrowableCollector.java:73)
	at org.junit.platform.engine.support.hierarchical.NodeTestTask.lambda$executeRecursively$8(NodeTestTask.java:141)
	at org.junit.platform.engine.support.hierarchical.Node.around(Node.java:137)
	at org.junit.platform.engine.support.hierarchical.NodeTestTask.lambda$executeRecursively$9(NodeTestTask.java:139)
	at org.junit.platform.engine.support.hierarchical.ThrowableCollector.execute(ThrowableCollector.java:73)
	at org.junit.platform.engine.support.hierarchical.NodeTestTask.executeRecursively(NodeTestTask.java:138)
	at org.junit.platform.engine.support.hierarchical.NodeTestTask.execute(NodeTestTask.java:95)
	at java.base/java.util.ArrayList.forEach(ArrayList.java:1596)
	at org.junit.platform.engine.support.hierarchical.SameThreadHierarchicalTestExecutorService.invokeAll(SameThreadHierarchicalTestExecutorService.java:41)
	at org.junit.platform.engine.support.hierarchical.NodeTestTask.lambda$executeRecursively$6(NodeTestTask.java:155)
	at org.junit.platform.engine.support.hierarchical.ThrowableCollector.execute(ThrowableCollector.java:73)
	at org.junit.platform.engine.support.hierarchical.NodeTestTask.lambda$executeRecursively$8(NodeTestTask.java:141)
	at org.junit.platform.engine.support.hierarchical.Node.around(Node.java:137)
	at org.junit.platform.engine.support.hierarchical.NodeTestTask.lambda$executeRecursively$9(NodeTestTask.java:139)
	at org.junit.platform.engine.support.hierarchical.ThrowableCollector.execute(ThrowableCollector.java:73)
	at org.junit.platform.engine.support.hierarchical.NodeTestTask.executeRecursively(NodeTestTask.java:138)
	at org.junit.platform.engine.support.hierarchical.NodeTestTask.execute(NodeTestTask.java:95)
	at java.base/java.util.ArrayList.forEach(ArrayList.java:1596)
	at org.junit.platform.engine.support.hierarchical.SameThreadHierarchicalTestExecutorService.invokeAll(SameThreadHierarchicalTestExecutorService.java:41)
	at org.junit.platform.engine.support.hierarchical.NodeTestTask.lambda$executeRecursively$6(NodeTestTask.java:155)
	at org.junit.platform.engine.support.hierarchical.ThrowableCollector.execute(ThrowableCollector.java:73)
	at org.junit.platform.engine.support.hierarchical.NodeTestTask.lambda$executeRecursively$8(NodeTestTask.java:141)
	at org.junit.platform.engine.support.hierarchical.Node.around(Node.java:137)
	at org.junit.platform.engine.support.hierarchical.NodeTestTask.lambda$executeRecursively$9(NodeTestTask.java:139)
	at org.junit.platform.engine.support.hierarchical.ThrowableCollector.execute(ThrowableCollector.java:73)
	at org.junit.platform.engine.support.hierarchical.NodeTestTask.executeRecursively(NodeTestTask.java:138)
	at org.junit.platform.engine.support.hierarchical.NodeTestTask.execute(NodeTestTask.java:95)
	at org.junit.platform.engine.support.hierarchical.SameThreadHierarchicalTestExecutorService.submit(SameThreadHierarchicalTestExecutorService.java:35)
	at org.junit.platform.engine.support.hierarchical.HierarchicalTestExecutor.execute(HierarchicalTestExecutor.java:57)
	at org.junit.platform.engine.support.hierarchical.HierarchicalTestEngine.execute(HierarchicalTestEngine.java:54)
	at org.junit.platform.launcher.core.EngineExecutionOrchestrator.execute(EngineExecutionOrchestrator.java:198)
	at org.junit.platform.launcher.core.EngineExecutionOrchestrator.execute(EngineExecutionOrchestrator.java:169)
	at org.junit.platform.launcher.core.EngineExecutionOrchestrator.execute(EngineExecutionOrchestrator.java:93)
	at org.junit.platform.launcher.core.EngineExecutionOrchestrator.lambda$execute$0(EngineExecutionOrchestrator.java:58)
	at org.junit.platform.launcher.core.EngineExecutionOrchestrator.withInterceptedStreams(EngineExecutionOrchestrator.java:141)
	at org.junit.platform.launcher.core.EngineExecutionOrchestrator.execute(EngineExecutionOrchestrator.java:57)
	at org.junit.platform.launcher.core.DefaultLauncher.execute(DefaultLauncher.java:103)
	at org.junit.platform.launcher.core.DefaultLauncher.execute(DefaultLauncher.java:85)
	at org.junit.platform.launcher.core.DelegatingLauncher.execute(DelegatingLauncher.java:47)
	at org.apache.maven.surefire.junitplatform.LazyLauncher.execute(LazyLauncher.java:56)
	at org.apache.maven.surefire.junitplatform.JUnitPlatformProvider.execute(JUnitPlatformProvider.java:184)
	at org.apache.maven.surefire.junitplatform.JUnitPlatformProvider.invokeAllTests(JUnitPlatformProvider.java:148)
	at org.apache.maven.surefire.junitplatform.JUnitPlatformProvider.invoke(JUnitPlatformProvider.java:122)
	at org.apache.maven.surefire.booter.ForkedBooter.runSuitesInProcess(ForkedBooter.java:385)
	at org.apache.maven.surefire.booter.ForkedBooter.execute(ForkedBooter.java:162)
	at org.apache.maven.surefire.booter.ForkedBooter.run(ForkedBooter.java:507)
	at org.apache.maven.surefire.booter.ForkedBooter.main(ForkedBooter.java:495)
2025-10-26 12:04:38 [main] INFO  edu.univ.erp.data.AuthDAOTest - Correctly prevented duplicate username creation
2025-10-26 12:04:38 [main] INFO  edu.univ.erp.data.AuthDAOTest - Cleanup completed for username: test_user_1761460478696
2025-10-26 12:04:38 [main] DEBUG edu.univ.erp.test.BaseDAOTest - Tearing down test case
2025-10-26 12:04:38 [main] DEBUG edu.univ.erp.test.BaseDAOTest - Setting up test case
2025-10-26 12:04:39 [main] INFO  edu.univ.erp.data.AuthDAOTest - Test setup complete for username: test_user_1761460478911
2025-10-26 12:04:39 [main] ERROR edu.univ.erp.auth.AuthDAO - Error creating user: test_user_1761460478911
java.sql.SQLException: Data truncated for column 'role' at row 1
	at com.mysql.cj.jdbc.exceptions.SQLError.createSQLException(SQLError.java:130)
	at com.mysql.cj.jdbc.exceptions.SQLExceptionsMapping.translateException(SQLExceptionsMapping.java:122)
	at com.mysql.cj.jdbc.ClientPreparedStatement.executeInternal(ClientPreparedStatement.java:912)
	at com.mysql.cj.jdbc.ClientPreparedStatement.executeUpdateInternal(ClientPreparedStatement.java:1054)
	at com.mysql.cj.jdbc.ClientPreparedStatement.executeUpdateInternal(ClientPreparedStatement.java:1003)
	at com.mysql.cj.jdbc.ClientPreparedStatement.executeLargeUpdate(ClientPreparedStatement.java:1312)
	at com.mysql.cj.jdbc.ClientPreparedStatement.executeUpdate(ClientPreparedStatement.java:988)
	at com.zaxxer.hikari.pool.ProxyPreparedStatement.executeUpdate(ProxyPreparedStatement.java:61)
	at com.zaxxer.hikari.pool.HikariProxyPreparedStatement.executeUpdate(HikariProxyPreparedStatement.java)
	at edu.univ.erp.auth.AuthDAO.createUser(AuthDAO.java:111)
	at edu.univ.erp.data.AuthDAOTest.lambda$testCreateUser_InvalidRole$1(AuthDAOTest.java:137)
	at org.junit.jupiter.api.AssertThrows.assertThrows(AssertThrows.java:53)
	at org.junit.jupiter.api.AssertThrows.assertThrows(AssertThrows.java:39)
	at org.junit.jupiter.api.Assertions.assertThrows(Assertions.java:3131)
	at edu.univ.erp.data.AuthDAOTest.testCreateUser_InvalidRole(AuthDAOTest.java:136)
	at java.base/jdk.internal.reflect.DirectMethodHandleAccessor.invoke(DirectMethodHandleAccessor.java:103)
	at java.base/java.lang.reflect.Method.invoke(Method.java:580)
	at org.junit.platform.commons.util.ReflectionUtils.invokeMethod(ReflectionUtils.java:728)
	at org.junit.jupiter.engine.execution.MethodInvocation.proceed(MethodInvocation.java:60)
	at org.junit.jupiter.engine.execution.InvocationInterceptorChain$ValidatingInvocation.proceed(InvocationInterceptorChain.java:131)
	at org.junit.jupiter.engine.extension.TimeoutExtension.intercept(TimeoutExtension.java:156)
	at org.junit.jupiter.engine.extension.TimeoutExtension.interceptTestableMethod(TimeoutExtension.java:147)
	at org.junit.jupiter.engine.extension.TimeoutExtension.interceptTestMethod(TimeoutExtension.java:86)
	at org.junit.jupiter.engine.execution.InterceptingExecutableInvoker$ReflectiveInterceptorCall.lambda$ofVoidMethod$0(InterceptingExecutableInvoker.java:103)
	at org.junit.jupiter.engine.execution.InterceptingExecutableInvoker.lambda$invoke$0(InterceptingExecutableInvoker.java:93)
	at org.junit.jupiter.engine.execution.InvocationInterceptorChain$InterceptedInvocation.proceed(InvocationInterceptorChain.java:106)
	at org.junit.jupiter.engine.execution.InvocationInterceptorChain.proceed(InvocationInterceptorChain.java:64)
	at org.junit.jupiter.engine.execution.InvocationInterceptorChain.chainAndInvoke(InvocationInterceptorChain.java:45)
	at org.junit.jupiter.engine.execution.InvocationInterceptorChain.invoke(InvocationInterceptorChain.java:37)
	at org.junit.jupiter.engine.execution.InterceptingExecutableInvoker.invoke(InterceptingExecutableInvoker.java:92)
	at org.junit.jupiter.engine.execution.InterceptingExecutableInvoker.invoke(InterceptingExecutableInvoker.java:86)
	at org.junit.jupiter.engine.descriptor.TestMethodTestDescriptor.lambda$invokeTestMethod$7(TestMethodTestDescriptor.java:218)
	at org.junit.platform.engine.support.hierarchical.ThrowableCollector.execute(ThrowableCollector.java:73)
	at org.junit.jupiter.engine.descriptor.TestMethodTestDescriptor.invokeTestMethod(TestMethodTestDescriptor.java:214)
	at org.junit.jupiter.engine.descriptor.TestMethodTestDescriptor.execute(TestMethodTestDescriptor.java:139)
	at org.junit.jupiter.engine.descriptor.TestMethodTestDescriptor.execute(TestMethodTestDescriptor.java:69)
	at org.junit.platform.engine.support.hierarchical.NodeTestTask.lambda$executeRecursively$6(NodeTestTask.java:151)
	at org.junit.platform.engine.support.hierarchical.ThrowableCollector.execute(ThrowableCollector.java:73)
	at org.junit.platform.engine.support.hierarchical.NodeTestTask.lambda$executeRecursively$8(NodeTestTask.java:141)
	at org.junit.platform.engine.support.hierarchical.Node.around(Node.java:137)
	at org.junit.platform.engine.support.hierarchical.NodeTestTask.lambda$executeRecursively$9(NodeTestTask.java:139)
	at org.junit.platform.engine.support.hierarchical.ThrowableCollector.execute(ThrowableCollector.java:73)
	at org.junit.platform.engine.support.hierarchical.NodeTestTask.executeRecursively(NodeTestTask.java:138)
	at org.junit.platform.engine.support.hierarchical.NodeTestTask.execute(NodeTestTask.java:95)
	at java.base/java.util.ArrayList.forEach(ArrayList.java:1596)
	at org.junit.platform.engine.support.hierarchical.SameThreadHierarchicalTestExecutorService.invokeAll(SameThreadHierarchicalTestExecutorService.java:41)
	at org.junit.platform.engine.support.hierarchical.NodeTestTask.lambda$executeRecursively$6(NodeTestTask.java:155)
	at org.junit.platform.engine.support.hierarchical.ThrowableCollector.execute(ThrowableCollector.java:73)
	at org.junit.platform.engine.support.hierarchical.NodeTestTask.lambda$executeRecursively$8(NodeTestTask.java:141)
	at org.junit.platform.engine.support.hierarchical.Node.around(Node.java:137)
	at org.junit.platform.engine.support.hierarchical.NodeTestTask.lambda$executeRecursively$9(NodeTestTask.java:139)
	at org.junit.platform.engine.support.hierarchical.ThrowableCollector.execute(ThrowableCollector.java:73)
	at org.junit.platform.engine.support.hierarchical.NodeTestTask.executeRecursively(NodeTestTask.java:138)
	at org.junit.platform.engine.support.hierarchical.NodeTestTask.execute(NodeTestTask.java:95)
	at java.base/java.util.ArrayList.forEach(ArrayList.java:1596)
	at org.junit.platform.engine.support.hierarchical.SameThreadHierarchicalTestExecutorService.invokeAll(SameThreadHierarchicalTestExecutorService.java:41)
	at org.junit.platform.engine.support.hierarchical.NodeTestTask.lambda$executeRecursively$6(NodeTestTask.java:155)
	at org.junit.platform.engine.support.hierarchical.ThrowableCollector.execute(ThrowableCollector.java:73)
	at org.junit.platform.engine.support.hierarchical.NodeTestTask.lambda$executeRecursively$8(NodeTestTask.java:141)
	at org.junit.platform.engine.support.hierarchical.Node.around(Node.java:137)
	at org.junit.platform.engine.support.hierarchical.NodeTestTask.lambda$executeRecursively$9(NodeTestTask.java:139)
	at org.junit.platform.engine.support.hierarchical.ThrowableCollector.execute(ThrowableCollector.java:73)
	at org.junit.platform.engine.support.hierarchical.NodeTestTask.executeRecursively(NodeTestTask.java:138)
	at org.junit.platform.engine.support.hierarchical.NodeTestTask.execute(NodeTestTask.java:95)
	at org.junit.platform.engine.support.hierarchical.SameThreadHierarchicalTestExecutorService.submit(SameThreadHierarchicalTestExecutorService.java:35)
	at org.junit.platform.engine.support.hierarchical.HierarchicalTestExecutor.execute(HierarchicalTestExecutor.java:57)
	at org.junit.platform.engine.support.hierarchical.HierarchicalTestEngine.execute(HierarchicalTestEngine.java:54)
	at org.junit.platform.launcher.core.EngineExecutionOrchestrator.execute(EngineExecutionOrchestrator.java:198)
	at org.junit.platform.launcher.core.EngineExecutionOrchestrator.execute(EngineExecutionOrchestrator.java:169)
	at org.junit.platform.launcher.core.EngineExecutionOrchestrator.execute(EngineExecutionOrchestrator.java:93)
	at org.junit.platform.launcher.core.EngineExecutionOrchestrator.lambda$execute$0(EngineExecutionOrchestrator.java:58)
	at org.junit.platform.launcher.core.EngineExecutionOrchestrator.withInterceptedStreams(EngineExecutionOrchestrator.java:141)
	at org.junit.platform.launcher.core.EngineExecutionOrchestrator.execute(EngineExecutionOrchestrator.java:57)
	at org.junit.platform.launcher.core.DefaultLauncher.execute(DefaultLauncher.java:103)
	at org.junit.platform.launcher.core.DefaultLauncher.execute(DefaultLauncher.java:85)
	at org.junit.platform.launcher.core.DelegatingLauncher.execute(DelegatingLauncher.java:47)
	at org.apache.maven.surefire.junitplatform.LazyLauncher.execute(LazyLauncher.java:56)
	at org.apache.maven.surefire.junitplatform.JUnitPlatformProvider.execute(JUnitPlatformProvider.java:184)
	at org.apache.maven.surefire.junitplatform.JUnitPlatformProvider.invokeAllTests(JUnitPlatformProvider.java:148)
	at org.apache.maven.surefire.junitplatform.JUnitPlatformProvider.invoke(JUnitPlatformProvider.java:122)
	at org.apache.maven.surefire.booter.ForkedBooter.runSuitesInProcess(ForkedBooter.java:385)
	at org.apache.maven.surefire.booter.ForkedBooter.execute(ForkedBooter.java:162)
	at org.apache.maven.surefire.booter.ForkedBooter.run(ForkedBooter.java:507)
	at org.apache.maven.surefire.booter.ForkedBooter.main(ForkedBooter.java:495)
2025-10-26 12:04:39 [main] INFO  edu.univ.erp.data.AuthDAOTest - Correctly rejected invalid role
2025-10-26 12:04:39 [main] INFO  edu.univ.erp.data.AuthDAOTest - Cleanup completed for username: test_user_1761460478911
2025-10-26 12:04:39 [main] DEBUG edu.univ.erp.test.BaseDAOTest - Tearing down test case
2025-10-26 12:04:39 [main] DEBUG edu.univ.erp.test.BaseDAOTest - Setting up test case
2025-10-26 12:04:39 [main] INFO  edu.univ.erp.data.AuthDAOTest - Test setup complete for username: test_user_1761460479042
2025-10-26 12:04:39 [main] ERROR edu.univ.erp.auth.AuthDAO - Error creating user: null
java.sql.SQLIntegrityConstraintViolationException: Column 'username' cannot be null
	at com.mysql.cj.jdbc.exceptions.SQLError.createSQLException(SQLError.java:118)
	at com.mysql.cj.jdbc.exceptions.SQLExceptionsMapping.translateException(SQLExceptionsMapping.java:122)
	at com.mysql.cj.jdbc.ClientPreparedStatement.executeInternal(ClientPreparedStatement.java:912)
	at com.mysql.cj.jdbc.ClientPreparedStatement.executeUpdateInternal(ClientPreparedStatement.java:1054)
	at com.mysql.cj.jdbc.ClientPreparedStatement.executeUpdateInternal(ClientPreparedStatement.java:1003)
	at com.mysql.cj.jdbc.ClientPreparedStatement.executeLargeUpdate(ClientPreparedStatement.java:1312)
	at com.mysql.cj.jdbc.ClientPreparedStatement.executeUpdate(ClientPreparedStatement.java:988)
	at com.zaxxer.hikari.pool.ProxyPreparedStatement.executeUpdate(ProxyPreparedStatement.java:61)
	at com.zaxxer.hikari.pool.HikariProxyPreparedStatement.executeUpdate(HikariProxyPreparedStatement.java)
	at edu.univ.erp.auth.AuthDAO.createUser(AuthDAO.java:111)
	at edu.univ.erp.data.AuthDAOTest.lambda$testCreateUser_NullParameters$2(AuthDAOTest.java:148)
	at org.junit.jupiter.api.AssertThrows.assertThrows(AssertThrows.java:53)
	at org.junit.jupiter.api.AssertThrows.assertThrows(AssertThrows.java:39)
	at org.junit.jupiter.api.Assertions.assertThrows(Assertions.java:3131)
	at edu.univ.erp.data.AuthDAOTest.testCreateUser_NullParameters(AuthDAOTest.java:147)
	at java.base/jdk.internal.reflect.DirectMethodHandleAccessor.invoke(DirectMethodHandleAccessor.java:103)
	at java.base/java.lang.reflect.Method.invoke(Method.java:580)
	at org.junit.platform.commons.util.ReflectionUtils.invokeMethod(ReflectionUtils.java:728)
	at org.junit.jupiter.engine.execution.MethodInvocation.proceed(MethodInvocation.java:60)
	at org.junit.jupiter.engine.execution.InvocationInterceptorChain$ValidatingInvocation.proceed(InvocationInterceptorChain.java:131)
	at org.junit.jupiter.engine.extension.TimeoutExtension.intercept(TimeoutExtension.java:156)
	at org.junit.jupiter.engine.extension.TimeoutExtension.interceptTestableMethod(TimeoutExtension.java:147)
	at org.junit.jupiter.engine.extension.TimeoutExtension.interceptTestMethod(TimeoutExtension.java:86)
	at org.junit.jupiter.engine.execution.InterceptingExecutableInvoker$ReflectiveInterceptorCall.lambda$ofVoidMethod$0(InterceptingExecutableInvoker.java:103)
	at org.junit.jupiter.engine.execution.InterceptingExecutableInvoker.lambda$invoke$0(InterceptingExecutableInvoker.java:93)
	at org.junit.jupiter.engine.execution.InvocationInterceptorChain$InterceptedInvocation.proceed(InvocationInterceptorChain.java:106)
	at org.junit.jupiter.engine.execution.InvocationInterceptorChain.proceed(InvocationInterceptorChain.java:64)
	at org.junit.jupiter.engine.execution.InvocationInterceptorChain.chainAndInvoke(InvocationInterceptorChain.java:45)
	at org.junit.jupiter.engine.execution.InvocationInterceptorChain.invoke(InvocationInterceptorChain.java:37)
	at org.junit.jupiter.engine.execution.InterceptingExecutableInvoker.invoke(InterceptingExecutableInvoker.java:92)
	at org.junit.jupiter.engine.execution.InterceptingExecutableInvoker.invoke(InterceptingExecutableInvoker.java:86)
	at org.junit.jupiter.engine.descriptor.TestMethodTestDescriptor.lambda$invokeTestMethod$7(TestMethodTestDescriptor.java:218)
	at org.junit.platform.engine.support.hierarchical.ThrowableCollector.execute(ThrowableCollector.java:73)
	at org.junit.jupiter.engine.descriptor.TestMethodTestDescriptor.invokeTestMethod(TestMethodTestDescriptor.java:214)
	at org.junit.jupiter.engine.descriptor.TestMethodTestDescriptor.execute(TestMethodTestDescriptor.java:139)
	at org.junit.jupiter.engine.descriptor.TestMethodTestDescriptor.execute(TestMethodTestDescriptor.java:69)
	at org.junit.platform.engine.support.hierarchical.NodeTestTask.lambda$executeRecursively$6(NodeTestTask.java:151)
	at org.junit.platform.engine.support.hierarchical.ThrowableCollector.execute(ThrowableCollector.java:73)
	at org.junit.platform.engine.support.hierarchical.NodeTestTask.lambda$executeRecursively$8(NodeTestTask.java:141)
	at org.junit.platform.engine.support.hierarchical.Node.around(Node.java:137)
	at org.junit.platform.engine.support.hierarchical.NodeTestTask.lambda$executeRecursively$9(NodeTestTask.java:139)
	at org.junit.platform.engine.support.hierarchical.ThrowableCollector.execute(ThrowableCollector.java:73)
	at org.junit.platform.engine.support.hierarchical.NodeTestTask.executeRecursively(NodeTestTask.java:138)
	at org.junit.platform.engine.support.hierarchical.NodeTestTask.execute(NodeTestTask.java:95)
	at java.base/java.util.ArrayList.forEach(ArrayList.java:1596)
	at org.junit.platform.engine.support.hierarchical.SameThreadHierarchicalTestExecutorService.invokeAll(SameThreadHierarchicalTestExecutorService.java:41)
	at org.junit.platform.engine.support.hierarchical.NodeTestTask.lambda$executeRecursively$6(NodeTestTask.java:155)
	at org.junit.platform.engine.support.hierarchical.ThrowableCollector.execute(ThrowableCollector.java:73)
	at org.junit.platform.engine.support.hierarchical.NodeTestTask.lambda$executeRecursively$8(NodeTestTask.java:141)
	at org.junit.platform.engine.support.hierarchical.Node.around(Node.java:137)
	at org.junit.platform.engine.support.hierarchical.NodeTestTask.lambda$executeRecursively$9(NodeTestTask.java:139)
	at org.junit.platform.engine.support.hierarchical.ThrowableCollector.execute(ThrowableCollector.java:73)
	at org.junit.platform.engine.support.hierarchical.NodeTestTask.executeRecursively(NodeTestTask.java:138)
	at org.junit.platform.engine.support.hierarchical.NodeTestTask.execute(NodeTestTask.java:95)
	at java.base/java.util.ArrayList.forEach(ArrayList.java:1596)
	at org.junit.platform.engine.support.hierarchical.SameThreadHierarchicalTestExecutorService.invokeAll(SameThreadHierarchicalTestExecutorService.java:41)
	at org.junit.platform.engine.support.hierarchical.NodeTestTask.lambda$executeRecursively$6(NodeTestTask.java:155)
	at org.junit.platform.engine.support.hierarchical.ThrowableCollector.execute(ThrowableCollector.java:73)
	at org.junit.platform.engine.support.hierarchical.NodeTestTask.lambda$executeRecursively$8(NodeTestTask.java:141)
	at org.junit.platform.engine.support.hierarchical.Node.around(Node.java:137)
	at org.junit.platform.engine.support.hierarchical.NodeTestTask.lambda$executeRecursively$9(NodeTestTask.java:139)
	at org.junit.platform.engine.support.hierarchical.ThrowableCollector.execute(ThrowableCollector.java:73)
	at org.junit.platform.engine.support.hierarchical.NodeTestTask.executeRecursively(NodeTestTask.java:138)
	at org.junit.platform.engine.support.hierarchical.NodeTestTask.execute(NodeTestTask.java:95)
	at org.junit.platform.engine.support.hierarchical.SameThreadHierarchicalTestExecutorService.submit(SameThreadHierarchicalTestExecutorService.java:35)
	at org.junit.platform.engine.support.hierarchical.HierarchicalTestExecutor.execute(HierarchicalTestExecutor.java:57)
	at org.junit.platform.engine.support.hierarchical.HierarchicalTestEngine.execute(HierarchicalTestEngine.java:54)
	at org.junit.platform.launcher.core.EngineExecutionOrchestrator.execute(EngineExecutionOrchestrator.java:198)
	at org.junit.platform.launcher.core.EngineExecutionOrchestrator.execute(EngineExecutionOrchestrator.java:169)
	at org.junit.platform.launcher.core.EngineExecutionOrchestrator.execute(EngineExecutionOrchestrator.java:93)
	at org.junit.platform.launcher.core.EngineExecutionOrchestrator.lambda$execute$0(EngineExecutionOrchestrator.java:58)
	at org.junit.platform.launcher.core.EngineExecutionOrchestrator.withInterceptedStreams(EngineExecutionOrchestrator.java:141)
	at org.junit.platform.launcher.core.EngineExecutionOrchestrator.execute(EngineExecutionOrchestrator.java:57)
	at org.junit.platform.launcher.core.DefaultLauncher.execute(DefaultLauncher.java:103)
	at org.junit.platform.launcher.core.DefaultLauncher.execute(DefaultLauncher.java:85)
	at org.junit.platform.launcher.core.DelegatingLauncher.execute(DelegatingLauncher.java:47)
	at org.apache.maven.surefire.junitplatform.LazyLauncher.execute(LazyLauncher.java:56)
	at org.apache.maven.surefire.junitplatform.JUnitPlatformProvider.execute(JUnitPlatformProvider.java:184)
	at org.apache.maven.surefire.junitplatform.JUnitPlatformProvider.invokeAllTests(JUnitPlatformProvider.java:148)
	at org.apache.maven.surefire.junitplatform.JUnitPlatformProvider.invoke(JUnitPlatformProvider.java:122)
	at org.apache.maven.surefire.booter.ForkedBooter.runSuitesInProcess(ForkedBooter.java:385)
	at org.apache.maven.surefire.booter.ForkedBooter.execute(ForkedBooter.java:162)
	at org.apache.maven.surefire.booter.ForkedBooter.run(ForkedBooter.java:507)
	at org.apache.maven.surefire.booter.ForkedBooter.main(ForkedBooter.java:495)
2025-10-26 12:04:39 [main] ERROR edu.univ.erp.auth.AuthDAO - Error creating user: test_user_1761460479042
java.sql.SQLIntegrityConstraintViolationException: Column 'password_hash' cannot be null
	at com.mysql.cj.jdbc.exceptions.SQLError.createSQLException(SQLError.java:118)
	at com.mysql.cj.jdbc.exceptions.SQLExceptionsMapping.translateException(SQLExceptionsMapping.java:122)
	at com.mysql.cj.jdbc.ClientPreparedStatement.executeInternal(ClientPreparedStatement.java:912)
	at com.mysql.cj.jdbc.ClientPreparedStatement.executeUpdateInternal(ClientPreparedStatement.java:1054)
	at com.mysql.cj.jdbc.ClientPreparedStatement.executeUpdateInternal(ClientPreparedStatement.java:1003)
	at com.mysql.cj.jdbc.ClientPreparedStatement.executeLargeUpdate(ClientPreparedStatement.java:1312)
	at com.mysql.cj.jdbc.ClientPreparedStatement.executeUpdate(ClientPreparedStatement.java:988)
	at com.zaxxer.hikari.pool.ProxyPreparedStatement.executeUpdate(ProxyPreparedStatement.java:61)
	at com.zaxxer.hikari.pool.HikariProxyPreparedStatement.executeUpdate(HikariProxyPreparedStatement.java)
	at edu.univ.erp.auth.AuthDAO.createUser(AuthDAO.java:111)
	at edu.univ.erp.data.AuthDAOTest.lambda$testCreateUser_NullParameters$3(AuthDAOTest.java:152)
	at org.junit.jupiter.api.AssertThrows.assertThrows(AssertThrows.java:53)
	at org.junit.jupiter.api.AssertThrows.assertThrows(AssertThrows.java:39)
	at org.junit.jupiter.api.Assertions.assertThrows(Assertions.java:3131)
	at edu.univ.erp.data.AuthDAOTest.testCreateUser_NullParameters(AuthDAOTest.java:151)
	at java.base/jdk.internal.reflect.DirectMethodHandleAccessor.invoke(DirectMethodHandleAccessor.java:103)
	at java.base/java.lang.reflect.Method.invoke(Method.java:580)
	at org.junit.platform.commons.util.ReflectionUtils.invokeMethod(ReflectionUtils.java:728)
	at org.junit.jupiter.engine.execution.MethodInvocation.proceed(MethodInvocation.java:60)
	at org.junit.jupiter.engine.execution.InvocationInterceptorChain$ValidatingInvocation.proceed(InvocationInterceptorChain.java:131)
	at org.junit.jupiter.engine.extension.TimeoutExtension.intercept(TimeoutExtension.java:156)
	at org.junit.jupiter.engine.extension.TimeoutExtension.interceptTestableMethod(TimeoutExtension.java:147)
	at org.junit.jupiter.engine.extension.TimeoutExtension.interceptTestMethod(TimeoutExtension.java:86)
	at org.junit.jupiter.engine.execution.InterceptingExecutableInvoker$ReflectiveInterceptorCall.lambda$ofVoidMethod$0(InterceptingExecutableInvoker.java:103)
	at org.junit.jupiter.engine.execution.InterceptingExecutableInvoker.lambda$invoke$0(InterceptingExecutableInvoker.java:93)
	at org.junit.jupiter.engine.execution.InvocationInterceptorChain$InterceptedInvocation.proceed(InvocationInterceptorChain.java:106)
	at org.junit.jupiter.engine.execution.InvocationInterceptorChain.proceed(InvocationInterceptorChain.java:64)
	at org.junit.jupiter.engine.execution.InvocationInterceptorChain.chainAndInvoke(InvocationInterceptorChain.java:45)
	at org.junit.jupiter.engine.execution.InvocationInterceptorChain.invoke(InvocationInterceptorChain.java:37)
	at org.junit.jupiter.engine.execution.InterceptingExecutableInvoker.invoke(InterceptingExecutableInvoker.java:92)
	at org.junit.jupiter.engine.execution.InterceptingExecutableInvoker.invoke(InterceptingExecutableInvoker.java:86)
	at org.junit.jupiter.engine.descriptor.TestMethodTestDescriptor.lambda$invokeTestMethod$7(TestMethodTestDescriptor.java:218)
	at org.junit.platform.engine.support.hierarchical.ThrowableCollector.execute(ThrowableCollector.java:73)
	at org.junit.jupiter.engine.descriptor.TestMethodTestDescriptor.invokeTestMethod(TestMethodTestDescriptor.java:214)
	at org.junit.jupiter.engine.descriptor.TestMethodTestDescriptor.execute(TestMethodTestDescriptor.java:139)
	at org.junit.jupiter.engine.descriptor.TestMethodTestDescriptor.execute(TestMethodTestDescriptor.java:69)
	at org.junit.platform.engine.support.hierarchical.NodeTestTask.lambda$executeRecursively$6(NodeTestTask.java:151)
	at org.junit.platform.engine.support.hierarchical.ThrowableCollector.execute(ThrowableCollector.java:73)
	at org.junit.platform.engine.support.hierarchical.NodeTestTask.lambda$executeRecursively$8(NodeTestTask.java:141)
	at org.junit.platform.engine.support.hierarchical.Node.around(Node.java:137)
	at org.junit.platform.engine.support.hierarchical.NodeTestTask.lambda$executeRecursively$9(NodeTestTask.java:139)
	at org.junit.platform.engine.support.hierarchical.ThrowableCollector.execute(ThrowableCollector.java:73)
	at org.junit.platform.engine.support.hierarchical.NodeTestTask.executeRecursively(NodeTestTask.java:138)
	at org.junit.platform.engine.support.hierarchical.NodeTestTask.execute(NodeTestTask.java:95)
	at java.base/java.util.ArrayList.forEach(ArrayList.java:1596)
	at org.junit.platform.engine.support.hierarchical.SameThreadHierarchicalTestExecutorService.invokeAll(SameThreadHierarchicalTestExecutorService.java:41)
	at org.junit.platform.engine.support.hierarchical.NodeTestTask.lambda$executeRecursively$6(NodeTestTask.java:155)
	at org.junit.platform.engine.support.hierarchical.ThrowableCollector.execute(ThrowableCollector.java:73)
	at org.junit.platform.engine.support.hierarchical.NodeTestTask.lambda$executeRecursively$8(NodeTestTask.java:141)
	at org.junit.platform.engine.support.hierarchical.Node.around(Node.java:137)
	at org.junit.platform.engine.support.hierarchical.NodeTestTask.lambda$executeRecursively$9(NodeTestTask.java:139)
	at org.junit.platform.engine.support.hierarchical.ThrowableCollector.execute(ThrowableCollector.java:73)
	at org.junit.platform.engine.support.hierarchical.NodeTestTask.executeRecursively(NodeTestTask.java:138)
	at org.junit.platform.engine.support.hierarchical.NodeTestTask.execute(NodeTestTask.java:95)
	at java.base/java.util.ArrayList.forEach(ArrayList.java:1596)
	at org.junit.platform.engine.support.hierarchical.SameThreadHierarchicalTestExecutorService.invokeAll(SameThreadHierarchicalTestExecutorService.java:41)
	at org.junit.platform.engine.support.hierarchical.NodeTestTask.lambda$executeRecursively$6(NodeTestTask.java:155)
	at org.junit.platform.engine.support.hierarchical.ThrowableCollector.execute(ThrowableCollector.java:73)
	at org.junit.platform.engine.support.hierarchical.NodeTestTask.lambda$executeRecursively$8(NodeTestTask.java:141)
	at org.junit.platform.engine.support.hierarchical.Node.around(Node.java:137)
	at org.junit.platform.engine.support.hierarchical.NodeTestTask.lambda$executeRecursively$9(NodeTestTask.java:139)
	at org.junit.platform.engine.support.hierarchical.ThrowableCollector.execute(ThrowableCollector.java:73)
	at org.junit.platform.engine.support.hierarchical.NodeTestTask.executeRecursively(NodeTestTask.java:138)
	at org.junit.platform.engine.support.hierarchical.NodeTestTask.execute(NodeTestTask.java:95)
	at org.junit.platform.engine.support.hierarchical.SameThreadHierarchicalTestExecutorService.submit(SameThreadHierarchicalTestExecutorService.java:35)
	at org.junit.platform.engine.support.hierarchical.HierarchicalTestExecutor.execute(HierarchicalTestExecutor.java:57)
	at org.junit.platform.engine.support.hierarchical.HierarchicalTestEngine.execute(HierarchicalTestEngine.java:54)
	at org.junit.platform.launcher.core.EngineExecutionOrchestrator.execute(EngineExecutionOrchestrator.java:198)
	at org.junit.platform.launcher.core.EngineExecutionOrchestrator.execute(EngineExecutionOrchestrator.java:169)
	at org.junit.platform.launcher.core.EngineExecutionOrchestrator.execute(EngineExecutionOrchestrator.java:93)
	at org.junit.platform.launcher.core.EngineExecutionOrchestrator.lambda$execute$0(EngineExecutionOrchestrator.java:58)
	at org.junit.platform.launcher.core.EngineExecutionOrchestrator.withInterceptedStreams(EngineExecutionOrchestrator.java:141)
	at org.junit.platform.launcher.core.EngineExecutionOrchestrator.execute(EngineExecutionOrchestrator.java:57)
	at org.junit.platform.launcher.core.DefaultLauncher.execute(DefaultLauncher.java:103)
	at org.junit.platform.launcher.core.DefaultLauncher.execute(DefaultLauncher.java:85)
	at org.junit.platform.launcher.core.DelegatingLauncher.execute(DelegatingLauncher.java:47)
	at org.apache.maven.surefire.junitplatform.LazyLauncher.execute(LazyLauncher.java:56)
	at org.apache.maven.surefire.junitplatform.JUnitPlatformProvider.execute(JUnitPlatformProvider.java:184)
	at org.apache.maven.surefire.junitplatform.JUnitPlatformProvider.invokeAllTests(JUnitPlatformProvider.java:148)
	at org.apache.maven.surefire.junitplatform.JUnitPlatformProvider.invoke(JUnitPlatformProvider.java:122)
	at org.apache.maven.surefire.booter.ForkedBooter.runSuitesInProcess(ForkedBooter.java:385)
	at org.apache.maven.surefire.booter.ForkedBooter.execute(ForkedBooter.java:162)
	at org.apache.maven.surefire.booter.ForkedBooter.run(ForkedBooter.java:507)
	at org.apache.maven.surefire.booter.ForkedBooter.main(ForkedBooter.java:495)
2025-10-26 12:04:39 [main] ERROR edu.univ.erp.auth.AuthDAO - Error creating user: test_user_1761460479042
java.sql.SQLIntegrityConstraintViolationException: Column 'role' cannot be null
	at com.mysql.cj.jdbc.exceptions.SQLError.createSQLException(SQLError.java:118)
	at com.mysql.cj.jdbc.exceptions.SQLExceptionsMapping.translateException(SQLExceptionsMapping.java:122)
	at com.mysql.cj.jdbc.ClientPreparedStatement.executeInternal(ClientPreparedStatement.java:912)
	at com.mysql.cj.jdbc.ClientPreparedStatement.executeUpdateInternal(ClientPreparedStatement.java:1054)
	at com.mysql.cj.jdbc.ClientPreparedStatement.executeUpdateInternal(ClientPreparedStatement.java:1003)
	at com.mysql.cj.jdbc.ClientPreparedStatement.executeLargeUpdate(ClientPreparedStatement.java:1312)
	at com.mysql.cj.jdbc.ClientPreparedStatement.executeUpdate(ClientPreparedStatement.java:988)
	at com.zaxxer.hikari.pool.ProxyPreparedStatement.executeUpdate(ProxyPreparedStatement.java:61)
	at com.zaxxer.hikari.pool.HikariProxyPreparedStatement.executeUpdate(HikariProxyPreparedStatement.java)
	at edu.univ.erp.auth.AuthDAO.createUser(AuthDAO.java:111)
	at edu.univ.erp.data.AuthDAOTest.lambda$testCreateUser_NullParameters$4(AuthDAOTest.java:156)
	at org.junit.jupiter.api.AssertThrows.assertThrows(AssertThrows.java:53)
	at org.junit.jupiter.api.AssertThrows.assertThrows(AssertThrows.java:39)
	at org.junit.jupiter.api.Assertions.assertThrows(Assertions.java:3131)
	at edu.univ.erp.data.AuthDAOTest.testCreateUser_NullParameters(AuthDAOTest.java:155)
	at java.base/jdk.internal.reflect.DirectMethodHandleAccessor.invoke(DirectMethodHandleAccessor.java:103)
	at java.base/java.lang.reflect.Method.invoke(Method.java:580)
	at org.junit.platform.commons.util.ReflectionUtils.invokeMethod(ReflectionUtils.java:728)
	at org.junit.jupiter.engine.execution.MethodInvocation.proceed(MethodInvocation.java:60)
	at org.junit.jupiter.engine.execution.InvocationInterceptorChain$ValidatingInvocation.proceed(InvocationInterceptorChain.java:131)
	at org.junit.jupiter.engine.extension.TimeoutExtension.intercept(TimeoutExtension.java:156)
	at org.junit.jupiter.engine.extension.TimeoutExtension.interceptTestableMethod(TimeoutExtension.java:147)
	at org.junit.jupiter.engine.extension.TimeoutExtension.interceptTestMethod(TimeoutExtension.java:86)
	at org.junit.jupiter.engine.execution.InterceptingExecutableInvoker$ReflectiveInterceptorCall.lambda$ofVoidMethod$0(InterceptingExecutableInvoker.java:103)
	at org.junit.jupiter.engine.execution.InterceptingExecutableInvoker.lambda$invoke$0(InterceptingExecutableInvoker.java:93)
	at org.junit.jupiter.engine.execution.InvocationInterceptorChain$InterceptedInvocation.proceed(InvocationInterceptorChain.java:106)
	at org.junit.jupiter.engine.execution.InvocationInterceptorChain.proceed(InvocationInterceptorChain.java:64)
	at org.junit.jupiter.engine.execution.InvocationInterceptorChain.chainAndInvoke(InvocationInterceptorChain.java:45)
	at org.junit.jupiter.engine.execution.InvocationInterceptorChain.invoke(InvocationInterceptorChain.java:37)
	at org.junit.jupiter.engine.execution.InterceptingExecutableInvoker.invoke(InterceptingExecutableInvoker.java:92)
	at org.junit.jupiter.engine.execution.InterceptingExecutableInvoker.invoke(InterceptingExecutableInvoker.java:86)
	at org.junit.jupiter.engine.descriptor.TestMethodTestDescriptor.lambda$invokeTestMethod$7(TestMethodTestDescriptor.java:218)
	at org.junit.platform.engine.support.hierarchical.ThrowableCollector.execute(ThrowableCollector.java:73)
	at org.junit.jupiter.engine.descriptor.TestMethodTestDescriptor.invokeTestMethod(TestMethodTestDescriptor.java:214)
	at org.junit.jupiter.engine.descriptor.TestMethodTestDescriptor.execute(TestMethodTestDescriptor.java:139)
	at org.junit.jupiter.engine.descriptor.TestMethodTestDescriptor.execute(TestMethodTestDescriptor.java:69)
	at org.junit.platform.engine.support.hierarchical.NodeTestTask.lambda$executeRecursively$6(NodeTestTask.java:151)
	at org.junit.platform.engine.support.hierarchical.ThrowableCollector.execute(ThrowableCollector.java:73)
	at org.junit.platform.engine.support.hierarchical.NodeTestTask.lambda$executeRecursively$8(NodeTestTask.java:141)
	at org.junit.platform.engine.support.hierarchical.Node.around(Node.java:137)
	at org.junit.platform.engine.support.hierarchical.NodeTestTask.lambda$executeRecursively$9(NodeTestTask.java:139)
	at org.junit.platform.engine.support.hierarchical.ThrowableCollector.execute(ThrowableCollector.java:73)
	at org.junit.platform.engine.support.hierarchical.NodeTestTask.executeRecursively(NodeTestTask.java:138)
	at org.junit.platform.engine.support.hierarchical.NodeTestTask.execute(NodeTestTask.java:95)
	at java.base/java.util.ArrayList.forEach(ArrayList.java:1596)
	at org.junit.platform.engine.support.hierarchical.SameThreadHierarchicalTestExecutorService.invokeAll(SameThreadHierarchicalTestExecutorService.java:41)
	at org.junit.platform.engine.support.hierarchical.NodeTestTask.lambda$executeRecursively$6(NodeTestTask.java:155)
	at org.junit.platform.engine.support.hierarchical.ThrowableCollector.execute(ThrowableCollector.java:73)
	at org.junit.platform.engine.support.hierarchical.NodeTestTask.lambda$executeRecursively$8(NodeTestTask.java:141)
	at org.junit.platform.engine.support.hierarchical.Node.around(Node.java:137)
	at org.junit.platform.engine.support.hierarchical.NodeTestTask.lambda$executeRecursively$9(NodeTestTask.java:139)
	at org.junit.platform.engine.support.hierarchical.ThrowableCollector.execute(ThrowableCollector.java:73)
	at org.junit.platform.engine.support.hierarchical.NodeTestTask.executeRecursively(NodeTestTask.java:138)
	at org.junit.platform.engine.support.hierarchical.NodeTestTask.execute(NodeTestTask.java:95)
	at java.base/java.util.ArrayList.forEach(ArrayList.java:1596)
	at org.junit.platform.engine.support.hierarchical.SameThreadHierarchicalTestExecutorService.invokeAll(SameThreadHierarchicalTestExecutorService.java:41)
	at org.junit.platform.engine.support.hierarchical.NodeTestTask.lambda$executeRecursively$6(NodeTestTask.java:155)
	at org.junit.platform.engine.support.hierarchical.ThrowableCollector.execute(ThrowableCollector.java:73)
	at org.junit.platform.engine.support.hierarchical.NodeTestTask.lambda$executeRecursively$8(NodeTestTask.java:141)
	at org.junit.platform.engine.support.hierarchical.Node.around(Node.java:137)
	at org.junit.platform.engine.support.hierarchical.NodeTestTask.lambda$executeRecursively$9(NodeTestTask.java:139)
	at org.junit.platform.engine.support.hierarchical.ThrowableCollector.execute(ThrowableCollector.java:73)
	at org.junit.platform.engine.support.hierarchical.NodeTestTask.executeRecursively(NodeTestTask.java:138)
	at org.junit.platform.engine.support.hierarchical.NodeTestTask.execute(NodeTestTask.java:95)
	at org.junit.platform.engine.support.hierarchical.SameThreadHierarchicalTestExecutorService.submit(SameThreadHierarchicalTestExecutorService.java:35)
	at org.junit.platform.engine.support.hierarchical.HierarchicalTestExecutor.execute(HierarchicalTestExecutor.java:57)
	at org.junit.platform.engine.support.hierarchical.HierarchicalTestEngine.execute(HierarchicalTestEngine.java:54)
	at org.junit.platform.launcher.core.EngineExecutionOrchestrator.execute(EngineExecutionOrchestrator.java:198)
	at org.junit.platform.launcher.core.EngineExecutionOrchestrator.execute(EngineExecutionOrchestrator.java:169)
	at org.junit.platform.launcher.core.EngineExecutionOrchestrator.execute(EngineExecutionOrchestrator.java:93)
	at org.junit.platform.launcher.core.EngineExecutionOrchestrator.lambda$execute$0(EngineExecutionOrchestrator.java:58)
	at org.junit.platform.launcher.core.EngineExecutionOrchestrator.withInterceptedStreams(EngineExecutionOrchestrator.java:141)
	at org.junit.platform.launcher.core.EngineExecutionOrchestrator.execute(EngineExecutionOrchestrator.java:57)
	at org.junit.platform.launcher.core.DefaultLauncher.execute(DefaultLauncher.java:103)
	at org.junit.platform.launcher.core.DefaultLauncher.execute(DefaultLauncher.java:85)
	at org.junit.platform.launcher.core.DelegatingLauncher.execute(DelegatingLauncher.java:47)
	at org.apache.maven.surefire.junitplatform.LazyLauncher.execute(LazyLauncher.java:56)
	at org.apache.maven.surefire.junitplatform.JUnitPlatformProvider.execute(JUnitPlatformProvider.java:184)
	at org.apache.maven.surefire.junitplatform.JUnitPlatformProvider.invokeAllTests(JUnitPlatformProvider.java:148)
	at org.apache.maven.surefire.junitplatform.JUnitPlatformProvider.invoke(JUnitPlatformProvider.java:122)
	at org.apache.maven.surefire.booter.ForkedBooter.runSuitesInProcess(ForkedBooter.java:385)
	at org.apache.maven.surefire.booter.ForkedBooter.execute(ForkedBooter.java:162)
	at org.apache.maven.surefire.booter.ForkedBooter.run(ForkedBooter.java:507)
	at org.apache.maven.surefire.booter.ForkedBooter.main(ForkedBooter.java:495)
2025-10-26 12:04:39 [main] INFO  edu.univ.erp.data.AuthDAOTest - Correctly rejected null parameters
2025-10-26 12:04:39 [main] INFO  edu.univ.erp.data.AuthDAOTest - Cleanup completed for username: test_user_1761460479042
2025-10-26 12:04:39 [main] DEBUG edu.univ.erp.test.BaseDAOTest - Tearing down test case
2025-10-26 12:04:39 [main] DEBUG edu.univ.erp.test.BaseDAOTest - Setting up test case
2025-10-26 12:04:39 [main] INFO  edu.univ.erp.data.AuthDAOTest - Test setup complete for username: test_user_1761460479158
2025-10-26 12:04:39 [main] INFO  edu.univ.erp.data.AuthDAOTest - Successfully updated user ID: 593
2025-10-26 12:04:39 [main] INFO  edu.univ.erp.data.AuthDAOTest - Cleanup completed for username: test_user_1761460479158_updated
2025-10-26 12:04:39 [main] DEBUG edu.univ.erp.test.BaseDAOTest - Tearing down test case
2025-10-26 12:04:39 [main] DEBUG edu.univ.erp.test.BaseDAOTest - Setting up test case
2025-10-26 12:04:39 [main] INFO  edu.univ.erp.data.AuthDAOTest - Test setup complete for username: test_user_1761460479372
2025-10-26 12:04:39 [main] ERROR edu.univ.erp.auth.AuthDAO - No user exists with userId=999999. Update failed.
2025-10-26 12:04:39 [main] ERROR edu.univ.erp.auth.AuthDAO - Error updating user with ID: 999999
java.sql.SQLException: No user exists with userId=999999. Update failed.
	at edu.univ.erp.auth.AuthDAO.updateUser(AuthDAO.java:340)
	at edu.univ.erp.data.AuthDAOTest.lambda$testUpdateUser_NonExistentUser$5(AuthDAOTest.java:198)
	at org.junit.jupiter.api.AssertThrows.assertThrows(AssertThrows.java:53)
	at org.junit.jupiter.api.AssertThrows.assertThrows(AssertThrows.java:39)
	at org.junit.jupiter.api.Assertions.assertThrows(Assertions.java:3131)
	at edu.univ.erp.data.AuthDAOTest.testUpdateUser_NonExistentUser(AuthDAOTest.java:197)
	at java.base/jdk.internal.reflect.DirectMethodHandleAccessor.invoke(DirectMethodHandleAccessor.java:103)
	at java.base/java.lang.reflect.Method.invoke(Method.java:580)
	at org.junit.platform.commons.util.ReflectionUtils.invokeMethod(ReflectionUtils.java:728)
	at org.junit.jupiter.engine.execution.MethodInvocation.proceed(MethodInvocation.java:60)
	at org.junit.jupiter.engine.execution.InvocationInterceptorChain$ValidatingInvocation.proceed(InvocationInterceptorChain.java:131)
	at org.junit.jupiter.engine.extension.TimeoutExtension.intercept(TimeoutExtension.java:156)
	at org.junit.jupiter.engine.extension.TimeoutExtension.interceptTestableMethod(TimeoutExtension.java:147)
	at org.junit.jupiter.engine.extension.TimeoutExtension.interceptTestMethod(TimeoutExtension.java:86)
	at org.junit.jupiter.engine.execution.InterceptingExecutableInvoker$ReflectiveInterceptorCall.lambda$ofVoidMethod$0(InterceptingExecutableInvoker.java:103)
	at org.junit.jupiter.engine.execution.InterceptingExecutableInvoker.lambda$invoke$0(InterceptingExecutableInvoker.java:93)
	at org.junit.jupiter.engine.execution.InvocationInterceptorChain$InterceptedInvocation.proceed(InvocationInterceptorChain.java:106)
	at org.junit.jupiter.engine.execution.InvocationInterceptorChain.proceed(InvocationInterceptorChain.java:64)
	at org.junit.jupiter.engine.execution.InvocationInterceptorChain.chainAndInvoke(InvocationInterceptorChain.java:45)
	at org.junit.jupiter.engine.execution.InvocationInterceptorChain.invoke(InvocationInterceptorChain.java:37)
	at org.junit.jupiter.engine.execution.InterceptingExecutableInvoker.invoke(InterceptingExecutableInvoker.java:92)
	at org.junit.jupiter.engine.execution.InterceptingExecutableInvoker.invoke(InterceptingExecutableInvoker.java:86)
	at org.junit.jupiter.engine.descriptor.TestMethodTestDescriptor.lambda$invokeTestMethod$7(TestMethodTestDescriptor.java:218)
	at org.junit.platform.engine.support.hierarchical.ThrowableCollector.execute(ThrowableCollector.java:73)
	at org.junit.jupiter.engine.descriptor.TestMethodTestDescriptor.invokeTestMethod(TestMethodTestDescriptor.java:214)
	at org.junit.jupiter.engine.descriptor.TestMethodTestDescriptor.execute(TestMethodTestDescriptor.java:139)
	at org.junit.jupiter.engine.descriptor.TestMethodTestDescriptor.execute(TestMethodTestDescriptor.java:69)
	at org.junit.platform.engine.support.hierarchical.NodeTestTask.lambda$executeRecursively$6(NodeTestTask.java:151)
	at org.junit.platform.engine.support.hierarchical.ThrowableCollector.execute(ThrowableCollector.java:73)
	at org.junit.platform.engine.support.hierarchical.NodeTestTask.lambda$executeRecursively$8(NodeTestTask.java:141)
	at org.junit.platform.engine.support.hierarchical.Node.around(Node.java:137)
	at org.junit.platform.engine.support.hierarchical.NodeTestTask.lambda$executeRecursively$9(NodeTestTask.java:139)
	at org.junit.platform.engine.support.hierarchical.ThrowableCollector.execute(ThrowableCollector.java:73)
	at org.junit.platform.engine.support.hierarchical.NodeTestTask.executeRecursively(NodeTestTask.java:138)
	at org.junit.platform.engine.support.hierarchical.NodeTestTask.execute(NodeTestTask.java:95)
	at java.base/java.util.ArrayList.forEach(ArrayList.java:1596)
	at org.junit.platform.engine.support.hierarchical.SameThreadHierarchicalTestExecutorService.invokeAll(SameThreadHierarchicalTestExecutorService.java:41)
	at org.junit.platform.engine.support.hierarchical.NodeTestTask.lambda$executeRecursively$6(NodeTestTask.java:155)
	at org.junit.platform.engine.support.hierarchical.ThrowableCollector.execute(ThrowableCollector.java:73)
	at org.junit.platform.engine.support.hierarchical.NodeTestTask.lambda$executeRecursively$8(NodeTestTask.java:141)
	at org.junit.platform.engine.support.hierarchical.Node.around(Node.java:137)
	at org.junit.platform.engine.support.hierarchical.NodeTestTask.lambda$executeRecursively$9(NodeTestTask.java:139)
	at org.junit.platform.engine.support.hierarchical.ThrowableCollector.execute(ThrowableCollector.java:73)
	at org.junit.platform.engine.support.hierarchical.NodeTestTask.executeRecursively(NodeTestTask.java:138)
	at org.junit.platform.engine.support.hierarchical.NodeTestTask.execute(NodeTestTask.java:95)
	at java.base/java.util.ArrayList.forEach(ArrayList.java:1596)
	at org.junit.platform.engine.support.hierarchical.SameThreadHierarchicalTestExecutorService.invokeAll(SameThreadHierarchicalTestExecutorService.java:41)
	at org.junit.platform.engine.support.hierarchical.NodeTestTask.lambda$executeRecursively$6(NodeTestTask.java:155)
	at org.junit.platform.engine.support.hierarchical.ThrowableCollector.execute(ThrowableCollector.java:73)
	at org.junit.platform.engine.support.hierarchical.NodeTestTask.lambda$executeRecursively$8(NodeTestTask.java:141)
	at org.junit.platform.engine.support.hierarchical.Node.around(Node.java:137)
	at org.junit.platform.engine.support.hierarchical.NodeTestTask.lambda$executeRecursively$9(NodeTestTask.java:139)
	at org.junit.platform.engine.support.hierarchical.ThrowableCollector.execute(ThrowableCollector.java:73)
	at org.junit.platform.engine.support.hierarchical.NodeTestTask.executeRecursively(NodeTestTask.java:138)
	at org.junit.platform.engine.support.hierarchical.NodeTestTask.execute(NodeTestTask.java:95)
	at org.junit.platform.engine.support.hierarchical.SameThreadHierarchicalTestExecutorService.submit(SameThreadHierarchicalTestExecutorService.java:35)
	at org.junit.platform.engine.support.hierarchical.HierarchicalTestExecutor.execute(HierarchicalTestExecutor.java:57)
	at org.junit.platform.engine.support.hierarchical.HierarchicalTestEngine.execute(HierarchicalTestEngine.java:54)
	at org.junit.platform.launcher.core.EngineExecutionOrchestrator.execute(EngineExecutionOrchestrator.java:198)
	at org.junit.platform.launcher.core.EngineExecutionOrchestrator.execute(EngineExecutionOrchestrator.java:169)
	at org.junit.platform.launcher.core.EngineExecutionOrchestrator.execute(EngineExecutionOrchestrator.java:93)
	at org.junit.platform.launcher.core.EngineExecutionOrchestrator.lambda$execute$0(EngineExecutionOrchestrator.java:58)
	at org.junit.platform.launcher.core.EngineExecutionOrchestrator.withInterceptedStreams(EngineExecutionOrchestrator.java:141)
	at org.junit.platform.launcher.core.EngineExecutionOrchestrator.execute(EngineExecutionOrchestrator.java:57)
	at org.junit.platform.launcher.core.DefaultLauncher.execute(DefaultLauncher.java:103)
	at org.junit.platform.launcher.core.DefaultLauncher.execute(DefaultLauncher.java:85)
	at org.junit.platform.launcher.core.DelegatingLauncher.execute(DelegatingLauncher.java:47)
	at org.apache.maven.surefire.junitplatform.LazyLauncher.execute(LazyLauncher.java:56)
	at org.apache.maven.surefire.junitplatform.JUnitPlatformProvider.execute(JUnitPlatformProvider.java:184)
	at org.apache.maven.surefire.junitplatform.JUnitPlatformProvider.invokeAllTests(JUnitPlatformProvider.java:148)
	at org.apache.maven.surefire.junitplatform.JUnitPlatformProvider.invoke(JUnitPlatformProvider.java:122)
	at org.apache.maven.surefire.booter.ForkedBooter.runSuitesInProcess(ForkedBooter.java:385)
	at org.apache.maven.surefire.booter.ForkedBooter.execute(ForkedBooter.java:162)
	at org.apache.maven.surefire.booter.ForkedBooter.run(ForkedBooter.java:507)
	at org.apache.maven.surefire.booter.ForkedBooter.main(ForkedBooter.java:495)
2025-10-26 12:04:39 [main] INFO  edu.univ.erp.data.AuthDAOTest - Correctly handled non-existent user update with exception
2025-10-26 12:04:39 [main] INFO  edu.univ.erp.data.AuthDAOTest - Cleanup completed for username: test_user_1761460479372
2025-10-26 12:04:39 [main] DEBUG edu.univ.erp.test.BaseDAOTest - Tearing down test case
2025-10-26 12:04:39 [main] DEBUG edu.univ.erp.test.BaseDAOTest - Setting up test case
2025-10-26 12:04:39 [main] INFO  edu.univ.erp.data.AuthDAOTest - Test setup complete for username: test_user_1761460479494
2025-10-26 12:04:39 [main] INFO  edu.univ.erp.auth.AuthDAO - Password reset for user ID: 594
2025-10-26 12:04:40 [main] INFO  edu.univ.erp.data.AuthDAOTest - Successfully reset password for user ID: 594
2025-10-26 12:04:40 [main] INFO  edu.univ.erp.data.AuthDAOTest - Cleanup completed for username: test_user_1761460479494
2025-10-26 12:04:40 [main] DEBUG edu.univ.erp.test.BaseDAOTest - Tearing down test case
2025-10-26 12:04:40 [main] DEBUG edu.univ.erp.test.BaseDAOTest - Setting up test case
2025-10-26 12:04:40 [main] INFO  edu.univ.erp.data.AuthDAOTest - Test setup complete for username: test_user_1761460480059
2025-10-26 12:04:40 [main] ERROR edu.univ.erp.auth.AuthDAO - No user exists with userId=999999. Password reset failed.
2025-10-26 12:04:40 [main] ERROR edu.univ.erp.auth.AuthDAO - Error resetting password for user ID: 999999
java.sql.SQLException: No user exists with userId=999999. Password reset failed.
	at edu.univ.erp.auth.AuthDAO.resetPassword(AuthDAO.java:363)
	at edu.univ.erp.data.AuthDAOTest.lambda$testResetPassword_NonExistentUser$6(AuthDAOTest.java:235)
	at org.junit.jupiter.api.AssertThrows.assertThrows(AssertThrows.java:53)
	at org.junit.jupiter.api.AssertThrows.assertThrows(AssertThrows.java:39)
	at org.junit.jupiter.api.Assertions.assertThrows(Assertions.java:3131)
	at edu.univ.erp.data.AuthDAOTest.testResetPassword_NonExistentUser(AuthDAOTest.java:234)
	at java.base/jdk.internal.reflect.DirectMethodHandleAccessor.invoke(DirectMethodHandleAccessor.java:103)
	at java.base/java.lang.reflect.Method.invoke(Method.java:580)
	at org.junit.platform.commons.util.ReflectionUtils.invokeMethod(ReflectionUtils.java:728)
	at org.junit.jupiter.engine.execution.MethodInvocation.proceed(MethodInvocation.java:60)
	at org.junit.jupiter.engine.execution.InvocationInterceptorChain$ValidatingInvocation.proceed(InvocationInterceptorChain.java:131)
	at org.junit.jupiter.engine.extension.TimeoutExtension.intercept(TimeoutExtension.java:156)
	at org.junit.jupiter.engine.extension.TimeoutExtension.interceptTestableMethod(TimeoutExtension.java:147)
	at org.junit.jupiter.engine.extension.TimeoutExtension.interceptTestMethod(TimeoutExtension.java:86)
	at org.junit.jupiter.engine.execution.InterceptingExecutableInvoker$ReflectiveInterceptorCall.lambda$ofVoidMethod$0(InterceptingExecutableInvoker.java:103)
	at org.junit.jupiter.engine.execution.InterceptingExecutableInvoker.lambda$invoke$0(InterceptingExecutableInvoker.java:93)
	at org.junit.jupiter.engine.execution.InvocationInterceptorChain$InterceptedInvocation.proceed(InvocationInterceptorChain.java:106)
	at org.junit.jupiter.engine.execution.InvocationInterceptorChain.proceed(InvocationInterceptorChain.java:64)
	at org.junit.jupiter.engine.execution.InvocationInterceptorChain.chainAndInvoke(InvocationInterceptorChain.java:45)
	at org.junit.jupiter.engine.execution.InvocationInterceptorChain.invoke(InvocationInterceptorChain.java:37)
	at org.junit.jupiter.engine.execution.InterceptingExecutableInvoker.invoke(InterceptingExecutableInvoker.java:92)
	at org.junit.jupiter.engine.execution.InterceptingExecutableInvoker.invoke(InterceptingExecutableInvoker.java:86)
	at org.junit.jupiter.engine.descriptor.TestMethodTestDescriptor.lambda$invokeTestMethod$7(TestMethodTestDescriptor.java:218)
	at org.junit.platform.engine.support.hierarchical.ThrowableCollector.execute(ThrowableCollector.java:73)
	at org.junit.jupiter.engine.descriptor.TestMethodTestDescriptor.invokeTestMethod(TestMethodTestDescriptor.java:214)
	at org.junit.jupiter.engine.descriptor.TestMethodTestDescriptor.execute(TestMethodTestDescriptor.java:139)
	at org.junit.jupiter.engine.descriptor.TestMethodTestDescriptor.execute(TestMethodTestDescriptor.java:69)
	at org.junit.platform.engine.support.hierarchical.NodeTestTask.lambda$executeRecursively$6(NodeTestTask.java:151)
	at org.junit.platform.engine.support.hierarchical.ThrowableCollector.execute(ThrowableCollector.java:73)
	at org.junit.platform.engine.support.hierarchical.NodeTestTask.lambda$executeRecursively$8(NodeTestTask.java:141)
	at org.junit.platform.engine.support.hierarchical.Node.around(Node.java:137)
	at org.junit.platform.engine.support.hierarchical.NodeTestTask.lambda$executeRecursively$9(NodeTestTask.java:139)
	at org.junit.platform.engine.support.hierarchical.ThrowableCollector.execute(ThrowableCollector.java:73)
	at org.junit.platform.engine.support.hierarchical.NodeTestTask.executeRecursively(NodeTestTask.java:138)
	at org.junit.platform.engine.support.hierarchical.NodeTestTask.execute(NodeTestTask.java:95)
	at java.base/java.util.ArrayList.forEach(ArrayList.java:1596)
	at org.junit.platform.engine.support.hierarchical.SameThreadHierarchicalTestExecutorService.invokeAll(SameThreadHierarchicalTestExecutorService.java:41)
	at org.junit.platform.engine.support.hierarchical.NodeTestTask.lambda$executeRecursively$6(NodeTestTask.java:155)
	at org.junit.platform.engine.support.hierarchical.ThrowableCollector.execute(ThrowableCollector.java:73)
	at org.junit.platform.engine.support.hierarchical.NodeTestTask.lambda$executeRecursively$8(NodeTestTask.java:141)
	at org.junit.platform.engine.support.hierarchical.Node.around(Node.java:137)
	at org.junit.platform.engine.support.hierarchical.NodeTestTask.lambda$executeRecursively$9(NodeTestTask.java:139)
	at org.junit.platform.engine.support.hierarchical.ThrowableCollector.execute(ThrowableCollector.java:73)
	at org.junit.platform.engine.support.hierarchical.NodeTestTask.executeRecursively(NodeTestTask.java:138)
	at org.junit.platform.engine.support.hierarchical.NodeTestTask.execute(NodeTestTask.java:95)
	at java.base/java.util.ArrayList.forEach(ArrayList.java:1596)
	at org.junit.platform.engine.support.hierarchical.SameThreadHierarchicalTestExecutorService.invokeAll(SameThreadHierarchicalTestExecutorService.java:41)
	at org.junit.platform.engine.support.hierarchical.NodeTestTask.lambda$executeRecursively$6(NodeTestTask.java:155)
	at org.junit.platform.engine.support.hierarchical.ThrowableCollector.execute(ThrowableCollector.java:73)
	at org.junit.platform.engine.support.hierarchical.NodeTestTask.lambda$executeRecursively$8(NodeTestTask.java:141)
	at org.junit.platform.engine.support.hierarchical.Node.around(Node.java:137)
	at org.junit.platform.engine.support.hierarchical.NodeTestTask.lambda$executeRecursively$9(NodeTestTask.java:139)
	at org.junit.platform.engine.support.hierarchical.ThrowableCollector.execute(ThrowableCollector.java:73)
	at org.junit.platform.engine.support.hierarchical.NodeTestTask.executeRecursively(NodeTestTask.java:138)
	at org.junit.platform.engine.support.hierarchical.NodeTestTask.execute(NodeTestTask.java:95)
	at org.junit.platform.engine.support.hierarchical.SameThreadHierarchicalTestExecutorService.submit(SameThreadHierarchicalTestExecutorService.java:35)
	at org.junit.platform.engine.support.hierarchical.HierarchicalTestExecutor.execute(HierarchicalTestExecutor.java:57)
	at org.junit.platform.engine.support.hierarchical.HierarchicalTestEngine.execute(HierarchicalTestEngine.java:54)
	at org.junit.platform.launcher.core.EngineExecutionOrchestrator.execute(EngineExecutionOrchestrator.java:198)
	at org.junit.platform.launcher.core.EngineExecutionOrchestrator.execute(EngineExecutionOrchestrator.java:169)
	at org.junit.platform.launcher.core.EngineExecutionOrchestrator.execute(EngineExecutionOrchestrator.java:93)
	at org.junit.platform.launcher.core.EngineExecutionOrchestrator.lambda$execute$0(EngineExecutionOrchestrator.java:58)
	at org.junit.platform.launcher.core.EngineExecutionOrchestrator.withInterceptedStreams(EngineExecutionOrchestrator.java:141)
	at org.junit.platform.launcher.core.EngineExecutionOrchestrator.execute(EngineExecutionOrchestrator.java:57)
	at org.junit.platform.launcher.core.DefaultLauncher.execute(DefaultLauncher.java:103)
	at org.junit.platform.launcher.core.DefaultLauncher.execute(DefaultLauncher.java:85)
	at org.junit.platform.launcher.core.DelegatingLauncher.execute(DelegatingLauncher.java:47)
	at org.apache.maven.surefire.junitplatform.LazyLauncher.execute(LazyLauncher.java:56)
	at org.apache.maven.surefire.junitplatform.JUnitPlatformProvider.execute(JUnitPlatformProvider.java:184)
	at org.apache.maven.surefire.junitplatform.JUnitPlatformProvider.invokeAllTests(JUnitPlatformProvider.java:148)
	at org.apache.maven.surefire.junitplatform.JUnitPlatformProvider.invoke(JUnitPlatformProvider.java:122)
	at org.apache.maven.surefire.booter.ForkedBooter.runSuitesInProcess(ForkedBooter.java:385)
	at org.apache.maven.surefire.booter.ForkedBooter.execute(ForkedBooter.java:162)
	at org.apache.maven.surefire.booter.ForkedBooter.run(ForkedBooter.java:507)
	at org.apache.maven.surefire.booter.ForkedBooter.main(ForkedBooter.java:495)
2025-10-26 12:04:40 [main] INFO  edu.univ.erp.data.AuthDAOTest - Correctly handled non-existent user password reset with exception
2025-10-26 12:04:40 [main] INFO  edu.univ.erp.data.AuthDAOTest - Cleanup completed for username: test_user_1761460480059
2025-10-26 12:04:40 [main] DEBUG edu.univ.erp.test.BaseDAOTest - Tearing down test case
2025-10-26 12:04:40 [main] DEBUG edu.univ.erp.test.BaseDAOTest - Setting up test case
2025-10-26 12:04:40 [main] INFO  edu.univ.erp.data.AuthDAOTest - Test setup complete for username: test_user_1761460480193
2025-10-26 12:04:40 [main] INFO  edu.univ.erp.auth.AuthDAO - Account unlocked for user ID: 595
2025-10-26 12:04:40 [main] INFO  edu.univ.erp.data.AuthDAOTest - Successfully unlocked account for user ID: 595
2025-10-26 12:04:40 [main] INFO  edu.univ.erp.data.AuthDAOTest - Cleanup completed for username: test_user_1761460480193
2025-10-26 12:04:40 [main] DEBUG edu.univ.erp.test.BaseDAOTest - Tearing down test case
2025-10-26 12:04:40 [main] DEBUG edu.univ.erp.test.BaseDAOTest - Setting up test case
2025-10-26 12:04:40 [main] INFO  edu.univ.erp.data.AuthDAOTest - Test setup complete for username: test_user_1761460480317
2025-10-26 12:04:40 [main] ERROR edu.univ.erp.auth.AuthDAO - No user exists with userId=999999. Account unlock failed.
2025-10-26 12:04:40 [main] ERROR edu.univ.erp.auth.AuthDAO - Error unlocking account for user ID: 999999
java.sql.SQLException: No user exists with userId=999999. Account unlock failed.
	at edu.univ.erp.auth.AuthDAO.unlockAccount(AuthDAO.java:388)
	at edu.univ.erp.data.AuthDAOTest.lambda$testUnlockAccount_NonExistentUser$7(AuthDAOTest.java:272)
	at org.junit.jupiter.api.AssertThrows.assertThrows(AssertThrows.java:53)
	at org.junit.jupiter.api.AssertThrows.assertThrows(AssertThrows.java:39)
	at org.junit.jupiter.api.Assertions.assertThrows(Assertions.java:3131)
	at edu.univ.erp.data.AuthDAOTest.testUnlockAccount_NonExistentUser(AuthDAOTest.java:271)
	at java.base/jdk.internal.reflect.DirectMethodHandleAccessor.invoke(DirectMethodHandleAccessor.java:103)
	at java.base/java.lang.reflect.Method.invoke(Method.java:580)
	at org.junit.platform.commons.util.ReflectionUtils.invokeMethod(ReflectionUtils.java:728)
	at org.junit.jupiter.engine.execution.MethodInvocation.proceed(MethodInvocation.java:60)
	at org.junit.jupiter.engine.execution.InvocationInterceptorChain$ValidatingInvocation.proceed(InvocationInterceptorChain.java:131)
	at org.junit.jupiter.engine.extension.TimeoutExtension.intercept(TimeoutExtension.java:156)
	at org.junit.jupiter.engine.extension.TimeoutExtension.interceptTestableMethod(TimeoutExtension.java:147)
	at org.junit.jupiter.engine.extension.TimeoutExtension.interceptTestMethod(TimeoutExtension.java:86)
	at org.junit.jupiter.engine.execution.InterceptingExecutableInvoker$ReflectiveInterceptorCall.lambda$ofVoidMethod$0(InterceptingExecutableInvoker.java:103)
	at org.junit.jupiter.engine.execution.InterceptingExecutableInvoker.lambda$invoke$0(InterceptingExecutableInvoker.java:93)
	at org.junit.jupiter.engine.execution.InvocationInterceptorChain$InterceptedInvocation.proceed(InvocationInterceptorChain.java:106)
	at org.junit.jupiter.engine.execution.InvocationInterceptorChain.proceed(InvocationInterceptorChain.java:64)
	at org.junit.jupiter.engine.execution.InvocationInterceptorChain.chainAndInvoke(InvocationInterceptorChain.java:45)
	at org.junit.jupiter.engine.execution.InvocationInterceptorChain.invoke(InvocationInterceptorChain.java:37)
	at org.junit.jupiter.engine.execution.InterceptingExecutableInvoker.invoke(InterceptingExecutableInvoker.java:92)
	at org.junit.jupiter.engine.execution.InterceptingExecutableInvoker.invoke(InterceptingExecutableInvoker.java:86)
	at org.junit.jupiter.engine.descriptor.TestMethodTestDescriptor.lambda$invokeTestMethod$7(TestMethodTestDescriptor.java:218)
	at org.junit.platform.engine.support.hierarchical.ThrowableCollector.execute(ThrowableCollector.java:73)
	at org.junit.jupiter.engine.descriptor.TestMethodTestDescriptor.invokeTestMethod(TestMethodTestDescriptor.java:214)
	at org.junit.jupiter.engine.descriptor.TestMethodTestDescriptor.execute(TestMethodTestDescriptor.java:139)
	at org.junit.jupiter.engine.descriptor.TestMethodTestDescriptor.execute(TestMethodTestDescriptor.java:69)
	at org.junit.platform.engine.support.hierarchical.NodeTestTask.lambda$executeRecursively$6(NodeTestTask.java:151)
	at org.junit.platform.engine.support.hierarchical.ThrowableCollector.execute(ThrowableCollector.java:73)
	at org.junit.platform.engine.support.hierarchical.NodeTestTask.lambda$executeRecursively$8(NodeTestTask.java:141)
	at org.junit.platform.engine.support.hierarchical.Node.around(Node.java:137)
	at org.junit.platform.engine.support.hierarchical.NodeTestTask.lambda$executeRecursively$9(NodeTestTask.java:139)
	at org.junit.platform.engine.support.hierarchical.ThrowableCollector.execute(ThrowableCollector.java:73)
	at org.junit.platform.engine.support.hierarchical.NodeTestTask.executeRecursively(NodeTestTask.java:138)
	at org.junit.platform.engine.support.hierarchical.NodeTestTask.execute(NodeTestTask.java:95)
	at java.base/java.util.ArrayList.forEach(ArrayList.java:1596)
	at org.junit.platform.engine.support.hierarchical.SameThreadHierarchicalTestExecutorService.invokeAll(SameThreadHierarchicalTestExecutorService.java:41)
	at org.junit.platform.engine.support.hierarchical.NodeTestTask.lambda$executeRecursively$6(NodeTestTask.java:155)
	at org.junit.platform.engine.support.hierarchical.ThrowableCollector.execute(ThrowableCollector.java:73)
	at org.junit.platform.engine.support.hierarchical.NodeTestTask.lambda$executeRecursively$8(NodeTestTask.java:141)
	at org.junit.platform.engine.support.hierarchical.Node.around(Node.java:137)
	at org.junit.platform.engine.support.hierarchical.NodeTestTask.lambda$executeRecursively$9(NodeTestTask.java:139)
	at org.junit.platform.engine.support.hierarchical.ThrowableCollector.execute(ThrowableCollector.java:73)
	at org.junit.platform.engine.support.hierarchical.NodeTestTask.executeRecursively(NodeTestTask.java:138)
	at org.junit.platform.engine.support.hierarchical.NodeTestTask.execute(NodeTestTask.java:95)
	at java.base/java.util.ArrayList.forEach(ArrayList.java:1596)
	at org.junit.platform.engine.support.hierarchical.SameThreadHierarchicalTestExecutorService.invokeAll(SameThreadHierarchicalTestExecutorService.java:41)
	at org.junit.platform.engine.support.hierarchical.NodeTestTask.lambda$executeRecursively$6(NodeTestTask.java:155)
	at org.junit.platform.engine.support.hierarchical.ThrowableCollector.execute(ThrowableCollector.java:73)
	at org.junit.platform.engine.support.hierarchical.NodeTestTask.lambda$executeRecursively$8(NodeTestTask.java:141)
	at org.junit.platform.engine.support.hierarchical.Node.around(Node.java:137)
	at org.junit.platform.engine.support.hierarchical.NodeTestTask.lambda$executeRecursively$9(NodeTestTask.java:139)
	at org.junit.platform.engine.support.hierarchical.ThrowableCollector.execute(ThrowableCollector.java:73)
	at org.junit.platform.engine.support.hierarchical.NodeTestTask.executeRecursively(NodeTestTask.java:138)
	at org.junit.platform.engine.support.hierarchical.NodeTestTask.execute(NodeTestTask.java:95)
	at org.junit.platform.engine.support.hierarchical.SameThreadHierarchicalTestExecutorService.submit(SameThreadHierarchicalTestExecutorService.java:35)
	at org.junit.platform.engine.support.hierarchical.HierarchicalTestExecutor.execute(HierarchicalTestExecutor.java:57)
	at org.junit.platform.engine.support.hierarchical.HierarchicalTestEngine.execute(HierarchicalTestEngine.java:54)
	at org.junit.platform.launcher.core.EngineExecutionOrchestrator.execute(EngineExecutionOrchestrator.java:198)
	at org.junit.platform.launcher.core.EngineExecutionOrchestrator.execute(EngineExecutionOrchestrator.java:169)
	at org.junit.platform.launcher.core.EngineExecutionOrchestrator.execute(EngineExecutionOrchestrator.java:93)
	at org.junit.platform.launcher.core.EngineExecutionOrchestrator.lambda$execute$0(EngineExecutionOrchestrator.java:58)
	at org.junit.platform.launcher.core.EngineExecutionOrchestrator.withInterceptedStreams(EngineExecutionOrchestrator.java:141)
	at org.junit.platform.launcher.core.EngineExecutionOrchestrator.execute(EngineExecutionOrchestrator.java:57)
	at org.junit.platform.launcher.core.DefaultLauncher.execute(DefaultLauncher.java:103)
	at org.junit.platform.launcher.core.DefaultLauncher.execute(DefaultLauncher.java:85)
	at org.junit.platform.launcher.core.DelegatingLauncher.execute(DelegatingLauncher.java:47)
	at org.apache.maven.surefire.junitplatform.LazyLauncher.execute(LazyLauncher.java:56)
	at org.apache.maven.surefire.junitplatform.JUnitPlatformProvider.execute(JUnitPlatformProvider.java:184)
	at org.apache.maven.surefire.junitplatform.JUnitPlatformProvider.invokeAllTests(JUnitPlatformProvider.java:148)
	at org.apache.maven.surefire.junitplatform.JUnitPlatformProvider.invoke(JUnitPlatformProvider.java:122)
	at org.apache.maven.surefire.booter.ForkedBooter.runSuitesInProcess(ForkedBooter.java:385)
	at org.apache.maven.surefire.booter.ForkedBooter.execute(ForkedBooter.java:162)
	at org.apache.maven.surefire.booter.ForkedBooter.run(ForkedBooter.java:507)
	at org.apache.maven.surefire.booter.ForkedBooter.main(ForkedBooter.java:495)
2025-10-26 12:04:40 [main] INFO  edu.univ.erp.data.AuthDAOTest - Correctly handled non-existent user unlock with exception
2025-10-26 12:04:40 [main] INFO  edu.univ.erp.data.AuthDAOTest - Cleanup completed for username: test_user_1761460480317
2025-10-26 12:04:40 [main] DEBUG edu.univ.erp.test.BaseDAOTest - Tearing down test case
2025-10-26 12:04:40 [main] DEBUG edu.univ.erp.test.BaseDAOTest - Setting up test case
2025-10-26 12:04:40 [main] INFO  edu.univ.erp.data.AuthDAOTest - Test setup complete for username: test_user_1761460480464
2025-10-26 12:04:41 [main] INFO  edu.univ.erp.data.AuthDAOTest - BCrypt password verification working correctly
2025-10-26 12:04:41 [main] INFO  edu.univ.erp.data.AuthDAOTest - Cleanup completed for username: test_user_1761460480464
2025-10-26 12:04:41 [main] DEBUG edu.univ.erp.test.BaseDAOTest - Tearing down test case
2025-10-26 12:04:41 [main] DEBUG edu.univ.erp.test.BaseDAOTest - Setting up test case
2025-10-26 12:04:41 [main] INFO  edu.univ.erp.data.AuthDAOTest - Test setup complete for username: test_user_1761460481038
2025-10-26 12:04:41 [main] INFO  edu.univ.erp.data.AuthDAOTest - All valid user roles work correctly
2025-10-26 12:04:41 [main] INFO  edu.univ.erp.data.AuthDAOTest - Cleanup completed for username: test_user_1761460481038
2025-10-26 12:04:41 [main] DEBUG edu.univ.erp.test.BaseDAOTest - Tearing down test case
2025-10-26 12:04:41 [main] DEBUG edu.univ.erp.test.BaseDAOTest - Setting up test case
2025-10-26 12:04:41 [main] INFO  edu.univ.erp.data.AuthDAOTest - Test setup complete for username: test_user_1761460481171
2025-10-26 12:04:41 [main] INFO  edu.univ.erp.data.AuthDAOTest - Concurrent access test completed successfully
2025-10-26 12:04:41 [main] INFO  edu.univ.erp.data.AuthDAOTest - Cleanup completed for username: test_user_1761460481171
2025-10-26 12:04:41 [main] DEBUG edu.univ.erp.test.BaseDAOTest - Tearing down test case
2025-10-26 12:04:41 [main] DEBUG edu.univ.erp.test.BaseDAOTest - Setting up test case
2025-10-26 12:04:41 [main] INFO  edu.univ.erp.data.AuthDAOTest - Test setup complete for username: test_user_1761460481293
2025-10-26 12:04:41 [main] INFO  edu.univ.erp.data.AuthDAOTest - Special character username handling works correctly
2025-10-26 12:04:41 [main] INFO  edu.univ.erp.data.AuthDAOTest - Cleanup completed for username: test_user_1761460481293
2025-10-26 12:04:41 [main] DEBUG edu.univ.erp.test.BaseDAOTest - Tearing down test case
2025-10-26 12:04:41 [main] DEBUG edu.univ.erp.test.BaseDAOTest - Setting up test case
2025-10-26 12:04:41 [main] INFO  edu.univ.erp.data.AuthDAOTest - Test setup complete for username: test_user_1761460481413
2025-10-26 12:04:41 [main] ERROR edu.univ.erp.auth.AuthDAO - Error creating user: aaaaaaaaaaaaaaaaaaaaaaaaaaaaaaaaaaaaaaaaaaaaaaaaaaa
com.mysql.cj.jdbc.exceptions.MysqlDataTruncation: Data truncation: Data too long for column 'username' at row 1
	at com.mysql.cj.jdbc.exceptions.SQLExceptionsMapping.translateException(SQLExceptionsMapping.java:104)
	at com.mysql.cj.jdbc.ClientPreparedStatement.executeInternal(ClientPreparedStatement.java:912)
	at com.mysql.cj.jdbc.ClientPreparedStatement.executeUpdateInternal(ClientPreparedStatement.java:1054)
	at com.mysql.cj.jdbc.ClientPreparedStatement.executeUpdateInternal(ClientPreparedStatement.java:1003)
	at com.mysql.cj.jdbc.ClientPreparedStatement.executeLargeUpdate(ClientPreparedStatement.java:1312)
	at com.mysql.cj.jdbc.ClientPreparedStatement.executeUpdate(ClientPreparedStatement.java:988)
	at com.zaxxer.hikari.pool.ProxyPreparedStatement.executeUpdate(ProxyPreparedStatement.java:61)
	at com.zaxxer.hikari.pool.HikariProxyPreparedStatement.executeUpdate(HikariProxyPreparedStatement.java)
	at edu.univ.erp.auth.AuthDAO.createUser(AuthDAO.java:111)
	at edu.univ.erp.data.AuthDAOTest.lambda$testEdgeCases_LongUsername$9(AuthDAOTest.java:411)
	at org.junit.jupiter.api.AssertThrows.assertThrows(AssertThrows.java:53)
	at org.junit.jupiter.api.AssertThrows.assertThrows(AssertThrows.java:39)
	at org.junit.jupiter.api.Assertions.assertThrows(Assertions.java:3131)
	at edu.univ.erp.data.AuthDAOTest.testEdgeCases_LongUsername(AuthDAOTest.java:410)
	at java.base/jdk.internal.reflect.DirectMethodHandleAccessor.invoke(DirectMethodHandleAccessor.java:103)
	at java.base/java.lang.reflect.Method.invoke(Method.java:580)
	at org.junit.platform.commons.util.ReflectionUtils.invokeMethod(ReflectionUtils.java:728)
	at org.junit.jupiter.engine.execution.MethodInvocation.proceed(MethodInvocation.java:60)
	at org.junit.jupiter.engine.execution.InvocationInterceptorChain$ValidatingInvocation.proceed(InvocationInterceptorChain.java:131)
	at org.junit.jupiter.engine.extension.TimeoutExtension.intercept(TimeoutExtension.java:156)
	at org.junit.jupiter.engine.extension.TimeoutExtension.interceptTestableMethod(TimeoutExtension.java:147)
	at org.junit.jupiter.engine.extension.TimeoutExtension.interceptTestMethod(TimeoutExtension.java:86)
	at org.junit.jupiter.engine.execution.InterceptingExecutableInvoker$ReflectiveInterceptorCall.lambda$ofVoidMethod$0(InterceptingExecutableInvoker.java:103)
	at org.junit.jupiter.engine.execution.InterceptingExecutableInvoker.lambda$invoke$0(InterceptingExecutableInvoker.java:93)
	at org.junit.jupiter.engine.execution.InvocationInterceptorChain$InterceptedInvocation.proceed(InvocationInterceptorChain.java:106)
	at org.junit.jupiter.engine.execution.InvocationInterceptorChain.proceed(InvocationInterceptorChain.java:64)
	at org.junit.jupiter.engine.execution.InvocationInterceptorChain.chainAndInvoke(InvocationInterceptorChain.java:45)
	at org.junit.jupiter.engine.execution.InvocationInterceptorChain.invoke(InvocationInterceptorChain.java:37)
	at org.junit.jupiter.engine.execution.InterceptingExecutableInvoker.invoke(InterceptingExecutableInvoker.java:92)
	at org.junit.jupiter.engine.execution.InterceptingExecutableInvoker.invoke(InterceptingExecutableInvoker.java:86)
	at org.junit.jupiter.engine.descriptor.TestMethodTestDescriptor.lambda$invokeTestMethod$7(TestMethodTestDescriptor.java:218)
	at org.junit.platform.engine.support.hierarchical.ThrowableCollector.execute(ThrowableCollector.java:73)
	at org.junit.jupiter.engine.descriptor.TestMethodTestDescriptor.invokeTestMethod(TestMethodTestDescriptor.java:214)
	at org.junit.jupiter.engine.descriptor.TestMethodTestDescriptor.execute(TestMethodTestDescriptor.java:139)
	at org.junit.jupiter.engine.descriptor.TestMethodTestDescriptor.execute(TestMethodTestDescriptor.java:69)
	at org.junit.platform.engine.support.hierarchical.NodeTestTask.lambda$executeRecursively$6(NodeTestTask.java:151)
	at org.junit.platform.engine.support.hierarchical.ThrowableCollector.execute(ThrowableCollector.java:73)
	at org.junit.platform.engine.support.hierarchical.NodeTestTask.lambda$executeRecursively$8(NodeTestTask.java:141)
	at org.junit.platform.engine.support.hierarchical.Node.around(Node.java:137)
	at org.junit.platform.engine.support.hierarchical.NodeTestTask.lambda$executeRecursively$9(NodeTestTask.java:139)
	at org.junit.platform.engine.support.hierarchical.ThrowableCollector.execute(ThrowableCollector.java:73)
	at org.junit.platform.engine.support.hierarchical.NodeTestTask.executeRecursively(NodeTestTask.java:138)
	at org.junit.platform.engine.support.hierarchical.NodeTestTask.execute(NodeTestTask.java:95)
	at java.base/java.util.ArrayList.forEach(ArrayList.java:1596)
	at org.junit.platform.engine.support.hierarchical.SameThreadHierarchicalTestExecutorService.invokeAll(SameThreadHierarchicalTestExecutorService.java:41)
	at org.junit.platform.engine.support.hierarchical.NodeTestTask.lambda$executeRecursively$6(NodeTestTask.java:155)
	at org.junit.platform.engine.support.hierarchical.ThrowableCollector.execute(ThrowableCollector.java:73)
	at org.junit.platform.engine.support.hierarchical.NodeTestTask.lambda$executeRecursively$8(NodeTestTask.java:141)
	at org.junit.platform.engine.support.hierarchical.Node.around(Node.java:137)
	at org.junit.platform.engine.support.hierarchical.NodeTestTask.lambda$executeRecursively$9(NodeTestTask.java:139)
	at org.junit.platform.engine.support.hierarchical.ThrowableCollector.execute(ThrowableCollector.java:73)
	at org.junit.platform.engine.support.hierarchical.NodeTestTask.executeRecursively(NodeTestTask.java:138)
	at org.junit.platform.engine.support.hierarchical.NodeTestTask.execute(NodeTestTask.java:95)
	at java.base/java.util.ArrayList.forEach(ArrayList.java:1596)
	at org.junit.platform.engine.support.hierarchical.SameThreadHierarchicalTestExecutorService.invokeAll(SameThreadHierarchicalTestExecutorService.java:41)
	at org.junit.platform.engine.support.hierarchical.NodeTestTask.lambda$executeRecursively$6(NodeTestTask.java:155)
	at org.junit.platform.engine.support.hierarchical.ThrowableCollector.execute(ThrowableCollector.java:73)
	at org.junit.platform.engine.support.hierarchical.NodeTestTask.lambda$executeRecursively$8(NodeTestTask.java:141)
	at org.junit.platform.engine.support.hierarchical.Node.around(Node.java:137)
	at org.junit.platform.engine.support.hierarchical.NodeTestTask.lambda$executeRecursively$9(NodeTestTask.java:139)
	at org.junit.platform.engine.support.hierarchical.ThrowableCollector.execute(ThrowableCollector.java:73)
	at org.junit.platform.engine.support.hierarchical.NodeTestTask.executeRecursively(NodeTestTask.java:138)
	at org.junit.platform.engine.support.hierarchical.NodeTestTask.execute(NodeTestTask.java:95)
	at org.junit.platform.engine.support.hierarchical.SameThreadHierarchicalTestExecutorService.submit(SameThreadHierarchicalTestExecutorService.java:35)
	at org.junit.platform.engine.support.hierarchical.HierarchicalTestExecutor.execute(HierarchicalTestExecutor.java:57)
	at org.junit.platform.engine.support.hierarchical.HierarchicalTestEngine.execute(HierarchicalTestEngine.java:54)
	at org.junit.platform.launcher.core.EngineExecutionOrchestrator.execute(EngineExecutionOrchestrator.java:198)
	at org.junit.platform.launcher.core.EngineExecutionOrchestrator.execute(EngineExecutionOrchestrator.java:169)
	at org.junit.platform.launcher.core.EngineExecutionOrchestrator.execute(EngineExecutionOrchestrator.java:93)
	at org.junit.platform.launcher.core.EngineExecutionOrchestrator.lambda$execute$0(EngineExecutionOrchestrator.java:58)
	at org.junit.platform.launcher.core.EngineExecutionOrchestrator.withInterceptedStreams(EngineExecutionOrchestrator.java:141)
	at org.junit.platform.launcher.core.EngineExecutionOrchestrator.execute(EngineExecutionOrchestrator.java:57)
	at org.junit.platform.launcher.core.DefaultLauncher.execute(DefaultLauncher.java:103)
	at org.junit.platform.launcher.core.DefaultLauncher.execute(DefaultLauncher.java:85)
	at org.junit.platform.launcher.core.DelegatingLauncher.execute(DelegatingLauncher.java:47)
	at org.apache.maven.surefire.junitplatform.LazyLauncher.execute(LazyLauncher.java:56)
	at org.apache.maven.surefire.junitplatform.JUnitPlatformProvider.execute(JUnitPlatformProvider.java:184)
	at org.apache.maven.surefire.junitplatform.JUnitPlatformProvider.invokeAllTests(JUnitPlatformProvider.java:148)
	at org.apache.maven.surefire.junitplatform.JUnitPlatformProvider.invoke(JUnitPlatformProvider.java:122)
	at org.apache.maven.surefire.booter.ForkedBooter.runSuitesInProcess(ForkedBooter.java:385)
	at org.apache.maven.surefire.booter.ForkedBooter.execute(ForkedBooter.java:162)
	at org.apache.maven.surefire.booter.ForkedBooter.run(ForkedBooter.java:507)
	at org.apache.maven.surefire.booter.ForkedBooter.main(ForkedBooter.java:495)
2025-10-26 12:04:41 [main] INFO  edu.univ.erp.data.AuthDAOTest - Username length handling works correctly
2025-10-26 12:04:41 [main] INFO  edu.univ.erp.data.AuthDAOTest - Cleanup completed for username: test_user_1761460481413
2025-10-26 12:04:41 [main] DEBUG edu.univ.erp.test.BaseDAOTest - Tearing down test case
2025-10-26 12:04:41 [main] INFO  edu.univ.erp.test.BaseDAOTest - Database connections verified for testing
2025-10-26 12:04:41 [main] DEBUG edu.univ.erp.test.BaseDAOTest - Setting up test case
2025-10-26 12:04:41 [main] DEBUG edu.univ.erp.test.BaseDAOTest - Tearing down test case
2025-10-26 12:04:41 [main] DEBUG edu.univ.erp.test.BaseDAOTest - Setting up test case
2025-10-26 12:04:42 [main] DEBUG edu.univ.erp.test.BaseDAOTest - Tearing down test case
2025-10-26 12:04:42 [main] DEBUG edu.univ.erp.test.BaseDAOTest - Setting up test case
2025-10-26 12:04:42 [main] DEBUG edu.univ.erp.test.BaseDAOTest - Tearing down test case
2025-10-26 12:04:42 [main] DEBUG edu.univ.erp.test.BaseDAOTest - Setting up test case
2025-10-26 12:04:42 [main] DEBUG edu.univ.erp.test.BaseDAOTest - Tearing down test case
2025-10-26 12:04:42 [main] DEBUG edu.univ.erp.test.BaseDAOTest - Setting up test case
2025-10-26 12:04:43 [main] DEBUG edu.univ.erp.test.BaseDAOTest - Tearing down test case
2025-10-26 12:04:43 [main] DEBUG edu.univ.erp.test.BaseDAOTest - Setting up test case
2025-10-26 12:04:43 [main] DEBUG edu.univ.erp.test.BaseDAOTest - Tearing down test case
2025-10-26 12:04:43 [main] DEBUG edu.univ.erp.test.BaseDAOTest - Setting up test case
2025-10-26 12:04:43 [main] DEBUG edu.univ.erp.test.BaseDAOTest - Tearing down test case
2025-10-26 12:04:44 [AWT-EventQueue-0] ERROR e.u.erp.ui.instructor.ReportsPanel - No current user session found. User must be logged in to access instructor features.
2025-10-26 12:04:44 [AWT-EventQueue-0] ERROR e.u.erp.ui.instructor.ReportsPanel - Error retrieving current instructor ID from session
java.lang.IllegalStateException: User session not found. Please log in again.
	at edu.univ.erp.ui.instructor.ReportsPanel.getCurrentInstructorId(ReportsPanel.java:827)
	at edu.univ.erp.ui.instructor.ReportsPanel.lambda$loadSections$1(ReportsPanel.java:155)
	at java.desktop/java.awt.event.InvocationEvent.dispatch(InvocationEvent.java:318)
	at java.desktop/java.awt.EventQueue.dispatchEventImpl(EventQueue.java:773)
	at java.desktop/java.awt.EventQueue$4.run(EventQueue.java:720)
	at java.desktop/java.awt.EventQueue$4.run(EventQueue.java:714)
	at java.base/java.security.AccessController.doPrivileged(AccessController.java:400)
	at java.base/java.security.ProtectionDomain$JavaSecurityAccessImpl.doIntersectionPrivilege(ProtectionDomain.java:87)
	at java.desktop/java.awt.EventQueue.dispatchEvent(EventQueue.java:742)
	at java.desktop/java.awt.EventDispatchThread.pumpOneEventForFilters(EventDispatchThread.java:203)
	at java.desktop/java.awt.EventDispatchThread.pumpEventsForFilter(EventDispatchThread.java:124)
	at java.desktop/java.awt.EventDispatchThread.pumpEventsForHierarchy(EventDispatchThread.java:113)
	at java.desktop/java.awt.EventDispatchThread.pumpEvents(EventDispatchThread.java:109)
	at java.desktop/java.awt.EventDispatchThread.pumpEvents(EventDispatchThread.java:101)
	at java.desktop/java.awt.EventDispatchThread.run(EventDispatchThread.java:90)
2025-10-26 12:04:44 [AWT-EventQueue-0] ERROR e.u.erp.ui.instructor.ReportsPanel - Error loading sections
java.lang.IllegalStateException: User session not found. Please log in again.
	at edu.univ.erp.ui.instructor.ReportsPanel.getCurrentInstructorId(ReportsPanel.java:827)
	at edu.univ.erp.ui.instructor.ReportsPanel.lambda$loadSections$1(ReportsPanel.java:155)
	at java.desktop/java.awt.event.InvocationEvent.dispatch(InvocationEvent.java:318)
	at java.desktop/java.awt.EventQueue.dispatchEventImpl(EventQueue.java:773)
	at java.desktop/java.awt.EventQueue$4.run(EventQueue.java:720)
	at java.desktop/java.awt.EventQueue$4.run(EventQueue.java:714)
	at java.base/java.security.AccessController.doPrivileged(AccessController.java:400)
	at java.base/java.security.ProtectionDomain$JavaSecurityAccessImpl.doIntersectionPrivilege(ProtectionDomain.java:87)
	at java.desktop/java.awt.EventQueue.dispatchEvent(EventQueue.java:742)
	at java.desktop/java.awt.EventDispatchThread.pumpOneEventForFilters(EventDispatchThread.java:203)
	at java.desktop/java.awt.EventDispatchThread.pumpEventsForFilter(EventDispatchThread.java:124)
	at java.desktop/java.awt.EventDispatchThread.pumpEventsForHierarchy(EventDispatchThread.java:113)
	at java.desktop/java.awt.EventDispatchThread.pumpEvents(EventDispatchThread.java:109)
	at java.desktop/java.awt.EventDispatchThread.pumpEvents(EventDispatchThread.java:101)
	at java.desktop/java.awt.EventDispatchThread.run(EventDispatchThread.java:90)
2025-10-26 12:04:44 [AWT-EventQueue-0] ERROR e.u.erp.ui.instructor.ReportsPanel - No current user session found. User must be logged in to access instructor features.
2025-10-26 12:04:44 [AWT-EventQueue-0] ERROR e.u.erp.ui.instructor.ReportsPanel - Error retrieving current instructor ID from session
java.lang.IllegalStateException: User session not found. Please log in again.
	at edu.univ.erp.ui.instructor.ReportsPanel.getCurrentInstructorId(ReportsPanel.java:827)
	at edu.univ.erp.ui.instructor.ReportsPanel.lambda$loadSections$1(ReportsPanel.java:155)
	at java.desktop/java.awt.event.InvocationEvent.dispatch(InvocationEvent.java:318)
	at java.desktop/java.awt.EventQueue.dispatchEventImpl(EventQueue.java:773)
	at java.desktop/java.awt.EventQueue$4.run(EventQueue.java:720)
	at java.desktop/java.awt.EventQueue$4.run(EventQueue.java:714)
	at java.base/java.security.AccessController.doPrivileged(AccessController.java:400)
	at java.base/java.security.ProtectionDomain$JavaSecurityAccessImpl.doIntersectionPrivilege(ProtectionDomain.java:87)
	at java.desktop/java.awt.EventQueue.dispatchEvent(EventQueue.java:742)
	at java.desktop/java.awt.EventDispatchThread.pumpOneEventForFilters(EventDispatchThread.java:203)
	at java.desktop/java.awt.EventDispatchThread.pumpEventsForFilter(EventDispatchThread.java:124)
	at java.desktop/java.awt.EventDispatchThread.pumpEventsForFilter(EventDispatchThread.java:117)
	at java.desktop/java.awt.WaitDispatchSupport$2.run(WaitDispatchSupport.java:191)
	at java.desktop/java.awt.WaitDispatchSupport$4.run(WaitDispatchSupport.java:236)
	at java.desktop/java.awt.WaitDispatchSupport$4.run(WaitDispatchSupport.java:234)
	at java.base/java.security.AccessController.doPrivileged(AccessController.java:319)
	at java.desktop/java.awt.WaitDispatchSupport.enter(WaitDispatchSupport.java:234)
	at java.desktop/java.awt.Dialog.show(Dialog.java:1079)
	at java.desktop/javax.swing.JOptionPane.showOptionDialog(JOptionPane.java:881)
	at java.desktop/javax.swing.JOptionPane.showMessageDialog(JOptionPane.java:677)
	at java.desktop/javax.swing.JOptionPane.showMessageDialog(JOptionPane.java:648)
	at edu.univ.erp.ui.instructor.ReportsPanel.lambda$loadSections$1(ReportsPanel.java:163)
	at java.desktop/java.awt.event.InvocationEvent.dispatch(InvocationEvent.java:318)
	at java.desktop/java.awt.EventQueue.dispatchEventImpl(EventQueue.java:773)
	at java.desktop/java.awt.EventQueue$4.run(EventQueue.java:720)
	at java.desktop/java.awt.EventQueue$4.run(EventQueue.java:714)
	at java.base/java.security.AccessController.doPrivileged(AccessController.java:400)
	at java.base/java.security.ProtectionDomain$JavaSecurityAccessImpl.doIntersectionPrivilege(ProtectionDomain.java:87)
	at java.desktop/java.awt.EventQueue.dispatchEvent(EventQueue.java:742)
	at java.desktop/java.awt.EventDispatchThread.pumpOneEventForFilters(EventDispatchThread.java:203)
	at java.desktop/java.awt.EventDispatchThread.pumpEventsForFilter(EventDispatchThread.java:124)
	at java.desktop/java.awt.EventDispatchThread.pumpEventsForHierarchy(EventDispatchThread.java:113)
	at java.desktop/java.awt.EventDispatchThread.pumpEvents(EventDispatchThread.java:109)
	at java.desktop/java.awt.EventDispatchThread.pumpEvents(EventDispatchThread.java:101)
	at java.desktop/java.awt.EventDispatchThread.run(EventDispatchThread.java:90)
2025-10-26 12:04:44 [AWT-EventQueue-0] ERROR e.u.erp.ui.instructor.ReportsPanel - Error loading sections
java.lang.IllegalStateException: User session not found. Please log in again.
	at edu.univ.erp.ui.instructor.ReportsPanel.getCurrentInstructorId(ReportsPanel.java:827)
	at edu.univ.erp.ui.instructor.ReportsPanel.lambda$loadSections$1(ReportsPanel.java:155)
	at java.desktop/java.awt.event.InvocationEvent.dispatch(InvocationEvent.java:318)
	at java.desktop/java.awt.EventQueue.dispatchEventImpl(EventQueue.java:773)
	at java.desktop/java.awt.EventQueue$4.run(EventQueue.java:720)
	at java.desktop/java.awt.EventQueue$4.run(EventQueue.java:714)
	at java.base/java.security.AccessController.doPrivileged(AccessController.java:400)
	at java.base/java.security.ProtectionDomain$JavaSecurityAccessImpl.doIntersectionPrivilege(ProtectionDomain.java:87)
	at java.desktop/java.awt.EventQueue.dispatchEvent(EventQueue.java:742)
	at java.desktop/java.awt.EventDispatchThread.pumpOneEventForFilters(EventDispatchThread.java:203)
	at java.desktop/java.awt.EventDispatchThread.pumpEventsForFilter(EventDispatchThread.java:124)
	at java.desktop/java.awt.EventDispatchThread.pumpEventsForFilter(EventDispatchThread.java:117)
	at java.desktop/java.awt.WaitDispatchSupport$2.run(WaitDispatchSupport.java:191)
	at java.desktop/java.awt.WaitDispatchSupport$4.run(WaitDispatchSupport.java:236)
	at java.desktop/java.awt.WaitDispatchSupport$4.run(WaitDispatchSupport.java:234)
	at java.base/java.security.AccessController.doPrivileged(AccessController.java:319)
	at java.desktop/java.awt.WaitDispatchSupport.enter(WaitDispatchSupport.java:234)
	at java.desktop/java.awt.Dialog.show(Dialog.java:1079)
	at java.desktop/javax.swing.JOptionPane.showOptionDialog(JOptionPane.java:881)
	at java.desktop/javax.swing.JOptionPane.showMessageDialog(JOptionPane.java:677)
	at java.desktop/javax.swing.JOptionPane.showMessageDialog(JOptionPane.java:648)
	at edu.univ.erp.ui.instructor.ReportsPanel.lambda$loadSections$1(ReportsPanel.java:163)
	at java.desktop/java.awt.event.InvocationEvent.dispatch(InvocationEvent.java:318)
	at java.desktop/java.awt.EventQueue.dispatchEventImpl(EventQueue.java:773)
	at java.desktop/java.awt.EventQueue$4.run(EventQueue.java:720)
	at java.desktop/java.awt.EventQueue$4.run(EventQueue.java:714)
	at java.base/java.security.AccessController.doPrivileged(AccessController.java:400)
	at java.base/java.security.ProtectionDomain$JavaSecurityAccessImpl.doIntersectionPrivilege(ProtectionDomain.java:87)
	at java.desktop/java.awt.EventQueue.dispatchEvent(EventQueue.java:742)
	at java.desktop/java.awt.EventDispatchThread.pumpOneEventForFilters(EventDispatchThread.java:203)
	at java.desktop/java.awt.EventDispatchThread.pumpEventsForFilter(EventDispatchThread.java:124)
	at java.desktop/java.awt.EventDispatchThread.pumpEventsForHierarchy(EventDispatchThread.java:113)
	at java.desktop/java.awt.EventDispatchThread.pumpEvents(EventDispatchThread.java:109)
	at java.desktop/java.awt.EventDispatchThread.pumpEvents(EventDispatchThread.java:101)
	at java.desktop/java.awt.EventDispatchThread.run(EventDispatchThread.java:90)
2025-10-26 12:04:44 [AWT-EventQueue-0] ERROR e.u.erp.ui.instructor.ReportsPanel - No current user session found. User must be logged in to access instructor features.
2025-10-26 12:04:44 [AWT-EventQueue-0] ERROR e.u.erp.ui.instructor.ReportsPanel - Error retrieving current instructor ID from session
java.lang.IllegalStateException: User session not found. Please log in again.
	at edu.univ.erp.ui.instructor.ReportsPanel.getCurrentInstructorId(ReportsPanel.java:827)
	at edu.univ.erp.ui.instructor.ReportsPanel.lambda$loadSections$1(ReportsPanel.java:155)
	at java.desktop/java.awt.event.InvocationEvent.dispatch(InvocationEvent.java:318)
	at java.desktop/java.awt.EventQueue.dispatchEventImpl(EventQueue.java:773)
	at java.desktop/java.awt.EventQueue$4.run(EventQueue.java:720)
	at java.desktop/java.awt.EventQueue$4.run(EventQueue.java:714)
	at java.base/java.security.AccessController.doPrivileged(AccessController.java:400)
	at java.base/java.security.ProtectionDomain$JavaSecurityAccessImpl.doIntersectionPrivilege(ProtectionDomain.java:87)
	at java.desktop/java.awt.EventQueue.dispatchEvent(EventQueue.java:742)
	at java.desktop/java.awt.EventDispatchThread.pumpOneEventForFilters(EventDispatchThread.java:203)
	at java.desktop/java.awt.EventDispatchThread.pumpEventsForFilter(EventDispatchThread.java:124)
	at java.desktop/java.awt.EventDispatchThread.pumpEventsForFilter(EventDispatchThread.java:117)
	at java.desktop/java.awt.WaitDispatchSupport$2.run(WaitDispatchSupport.java:191)
	at java.desktop/java.awt.WaitDispatchSupport$4.run(WaitDispatchSupport.java:236)
	at java.desktop/java.awt.WaitDispatchSupport$4.run(WaitDispatchSupport.java:234)
	at java.base/java.security.AccessController.doPrivileged(AccessController.java:319)
	at java.desktop/java.awt.WaitDispatchSupport.enter(WaitDispatchSupport.java:234)
	at java.desktop/java.awt.Dialog.show(Dialog.java:1079)
	at java.desktop/javax.swing.JOptionPane.showOptionDialog(JOptionPane.java:881)
	at java.desktop/javax.swing.JOptionPane.showMessageDialog(JOptionPane.java:677)
	at java.desktop/javax.swing.JOptionPane.showMessageDialog(JOptionPane.java:648)
	at edu.univ.erp.ui.instructor.ReportsPanel.lambda$loadSections$1(ReportsPanel.java:163)
	at java.desktop/java.awt.event.InvocationEvent.dispatch(InvocationEvent.java:318)
	at java.desktop/java.awt.EventQueue.dispatchEventImpl(EventQueue.java:773)
	at java.desktop/java.awt.EventQueue$4.run(EventQueue.java:720)
	at java.desktop/java.awt.EventQueue$4.run(EventQueue.java:714)
	at java.base/java.security.AccessController.doPrivileged(AccessController.java:400)
	at java.base/java.security.ProtectionDomain$JavaSecurityAccessImpl.doIntersectionPrivilege(ProtectionDomain.java:87)
	at java.desktop/java.awt.EventQueue.dispatchEvent(EventQueue.java:742)
	at java.desktop/java.awt.EventDispatchThread.pumpOneEventForFilters(EventDispatchThread.java:203)
	at java.desktop/java.awt.EventDispatchThread.pumpEventsForFilter(EventDispatchThread.java:124)
	at java.desktop/java.awt.EventDispatchThread.pumpEventsForFilter(EventDispatchThread.java:117)
	at java.desktop/java.awt.WaitDispatchSupport$2.run(WaitDispatchSupport.java:191)
	at java.desktop/java.awt.WaitDispatchSupport$4.run(WaitDispatchSupport.java:236)
	at java.desktop/java.awt.WaitDispatchSupport$4.run(WaitDispatchSupport.java:234)
	at java.base/java.security.AccessController.doPrivileged(AccessController.java:319)
	at java.desktop/java.awt.WaitDispatchSupport.enter(WaitDispatchSupport.java:234)
	at java.desktop/java.awt.Dialog.show(Dialog.java:1079)
	at java.desktop/javax.swing.JOptionPane.showOptionDialog(JOptionPane.java:881)
	at java.desktop/javax.swing.JOptionPane.showMessageDialog(JOptionPane.java:677)
	at java.desktop/javax.swing.JOptionPane.showMessageDialog(JOptionPane.java:648)
	at edu.univ.erp.ui.instructor.ReportsPanel.lambda$loadSections$1(ReportsPanel.java:163)
	at java.desktop/java.awt.event.InvocationEvent.dispatch(InvocationEvent.java:318)
	at java.desktop/java.awt.EventQueue.dispatchEventImpl(EventQueue.java:773)
	at java.desktop/java.awt.EventQueue$4.run(EventQueue.java:720)
	at java.desktop/java.awt.EventQueue$4.run(EventQueue.java:714)
	at java.base/java.security.AccessController.doPrivileged(AccessController.java:400)
	at java.base/java.security.ProtectionDomain$JavaSecurityAccessImpl.doIntersectionPrivilege(ProtectionDomain.java:87)
	at java.desktop/java.awt.EventQueue.dispatchEvent(EventQueue.java:742)
	at java.desktop/java.awt.EventDispatchThread.pumpOneEventForFilters(EventDispatchThread.java:203)
	at java.desktop/java.awt.EventDispatchThread.pumpEventsForFilter(EventDispatchThread.java:124)
	at java.desktop/java.awt.EventDispatchThread.pumpEventsForHierarchy(EventDispatchThread.java:113)
	at java.desktop/java.awt.EventDispatchThread.pumpEvents(EventDispatchThread.java:109)
	at java.desktop/java.awt.EventDispatchThread.pumpEvents(EventDispatchThread.java:101)
	at java.desktop/java.awt.EventDispatchThread.run(EventDispatchThread.java:90)
2025-10-26 12:04:44 [AWT-EventQueue-0] ERROR e.u.erp.ui.instructor.ReportsPanel - Error loading sections
java.lang.IllegalStateException: User session not found. Please log in again.
	at edu.univ.erp.ui.instructor.ReportsPanel.getCurrentInstructorId(ReportsPanel.java:827)
	at edu.univ.erp.ui.instructor.ReportsPanel.lambda$loadSections$1(ReportsPanel.java:155)
	at java.desktop/java.awt.event.InvocationEvent.dispatch(InvocationEvent.java:318)
	at java.desktop/java.awt.EventQueue.dispatchEventImpl(EventQueue.java:773)
	at java.desktop/java.awt.EventQueue$4.run(EventQueue.java:720)
	at java.desktop/java.awt.EventQueue$4.run(EventQueue.java:714)
	at java.base/java.security.AccessController.doPrivileged(AccessController.java:400)
	at java.base/java.security.ProtectionDomain$JavaSecurityAccessImpl.doIntersectionPrivilege(ProtectionDomain.java:87)
	at java.desktop/java.awt.EventQueue.dispatchEvent(EventQueue.java:742)
	at java.desktop/java.awt.EventDispatchThread.pumpOneEventForFilters(EventDispatchThread.java:203)
	at java.desktop/java.awt.EventDispatchThread.pumpEventsForFilter(EventDispatchThread.java:124)
	at java.desktop/java.awt.EventDispatchThread.pumpEventsForFilter(EventDispatchThread.java:117)
	at java.desktop/java.awt.WaitDispatchSupport$2.run(WaitDispatchSupport.java:191)
	at java.desktop/java.awt.WaitDispatchSupport$4.run(WaitDispatchSupport.java:236)
	at java.desktop/java.awt.WaitDispatchSupport$4.run(WaitDispatchSupport.java:234)
	at java.base/java.security.AccessController.doPrivileged(AccessController.java:319)
	at java.desktop/java.awt.WaitDispatchSupport.enter(WaitDispatchSupport.java:234)
	at java.desktop/java.awt.Dialog.show(Dialog.java:1079)
	at java.desktop/javax.swing.JOptionPane.showOptionDialog(JOptionPane.java:881)
	at java.desktop/javax.swing.JOptionPane.showMessageDialog(JOptionPane.java:677)
	at java.desktop/javax.swing.JOptionPane.showMessageDialog(JOptionPane.java:648)
	at edu.univ.erp.ui.instructor.ReportsPanel.lambda$loadSections$1(ReportsPanel.java:163)
	at java.desktop/java.awt.event.InvocationEvent.dispatch(InvocationEvent.java:318)
	at java.desktop/java.awt.EventQueue.dispatchEventImpl(EventQueue.java:773)
	at java.desktop/java.awt.EventQueue$4.run(EventQueue.java:720)
	at java.desktop/java.awt.EventQueue$4.run(EventQueue.java:714)
	at java.base/java.security.AccessController.doPrivileged(AccessController.java:400)
	at java.base/java.security.ProtectionDomain$JavaSecurityAccessImpl.doIntersectionPrivilege(ProtectionDomain.java:87)
	at java.desktop/java.awt.EventQueue.dispatchEvent(EventQueue.java:742)
	at java.desktop/java.awt.EventDispatchThread.pumpOneEventForFilters(EventDispatchThread.java:203)
	at java.desktop/java.awt.EventDispatchThread.pumpEventsForFilter(EventDispatchThread.java:124)
	at java.desktop/java.awt.EventDispatchThread.pumpEventsForFilter(EventDispatchThread.java:117)
	at java.desktop/java.awt.WaitDispatchSupport$2.run(WaitDispatchSupport.java:191)
	at java.desktop/java.awt.WaitDispatchSupport$4.run(WaitDispatchSupport.java:236)
	at java.desktop/java.awt.WaitDispatchSupport$4.run(WaitDispatchSupport.java:234)
	at java.base/java.security.AccessController.doPrivileged(AccessController.java:319)
	at java.desktop/java.awt.WaitDispatchSupport.enter(WaitDispatchSupport.java:234)
	at java.desktop/java.awt.Dialog.show(Dialog.java:1079)
	at java.desktop/javax.swing.JOptionPane.showOptionDialog(JOptionPane.java:881)
	at java.desktop/javax.swing.JOptionPane.showMessageDialog(JOptionPane.java:677)
	at java.desktop/javax.swing.JOptionPane.showMessageDialog(JOptionPane.java:648)
	at edu.univ.erp.ui.instructor.ReportsPanel.lambda$loadSections$1(ReportsPanel.java:163)
	at java.desktop/java.awt.event.InvocationEvent.dispatch(InvocationEvent.java:318)
	at java.desktop/java.awt.EventQueue.dispatchEventImpl(EventQueue.java:773)
	at java.desktop/java.awt.EventQueue$4.run(EventQueue.java:720)
	at java.desktop/java.awt.EventQueue$4.run(EventQueue.java:714)
	at java.base/java.security.AccessController.doPrivileged(AccessController.java:400)
	at java.base/java.security.ProtectionDomain$JavaSecurityAccessImpl.doIntersectionPrivilege(ProtectionDomain.java:87)
	at java.desktop/java.awt.EventQueue.dispatchEvent(EventQueue.java:742)
	at java.desktop/java.awt.EventDispatchThread.pumpOneEventForFilters(EventDispatchThread.java:203)
	at java.desktop/java.awt.EventDispatchThread.pumpEventsForFilter(EventDispatchThread.java:124)
	at java.desktop/java.awt.EventDispatchThread.pumpEventsForHierarchy(EventDispatchThread.java:113)
	at java.desktop/java.awt.EventDispatchThread.pumpEvents(EventDispatchThread.java:109)
	at java.desktop/java.awt.EventDispatchThread.pumpEvents(EventDispatchThread.java:101)
	at java.desktop/java.awt.EventDispatchThread.run(EventDispatchThread.java:90)
2025-10-26 12:04:44 [main] INFO  edu.univ.erp.test.BaseDAOTest - Database connections verified for testing
2025-10-26 12:04:44 [main] DEBUG edu.univ.erp.test.BaseDAOTest - Setting up test case
2025-10-26 12:04:44 [main] DEBUG edu.univ.erp.test.BaseDAOTest - Tearing down test case
2025-10-26 12:04:44 [main] DEBUG edu.univ.erp.test.BaseDAOTest - Setting up test case
2025-10-26 12:04:44 [main] DEBUG edu.univ.erp.test.BaseDAOTest - Tearing down test case
2025-10-26 12:04:44 [main] DEBUG edu.univ.erp.test.BaseDAOTest - Setting up test case
2025-10-26 12:04:44 [main] DEBUG edu.univ.erp.test.BaseDAOTest - Tearing down test case
2025-10-26 12:04:44 [main] DEBUG edu.univ.erp.test.BaseDAOTest - Setting up test case
2025-10-26 12:04:44 [main] DEBUG edu.univ.erp.test.BaseDAOTest - Tearing down test case
2025-10-26 12:04:44 [main] DEBUG edu.univ.erp.test.BaseDAOTest - Setting up test case
2025-10-26 12:04:44 [main] DEBUG edu.univ.erp.test.BaseDAOTest - Tearing down test case
2025-10-26 12:04:44 [main] DEBUG edu.univ.erp.test.BaseDAOTest - Setting up test case
2025-10-26 12:04:44 [main] DEBUG edu.univ.erp.test.BaseDAOTest - Tearing down test case
2025-10-26 12:04:44 [main] DEBUG edu.univ.erp.test.BaseDAOTest - Setting up test case
2025-10-26 12:04:44 [main] DEBUG edu.univ.erp.test.BaseDAOTest - Tearing down test case
2025-10-26 12:04:44 [main] DEBUG edu.univ.erp.test.BaseDAOTest - Setting up test case
2025-10-26 12:04:44 [main] DEBUG edu.univ.erp.test.BaseDAOTest - Tearing down test case
2025-10-26 12:04:44 [main] INFO  edu.univ.erp.test.BaseDAOTest - Database connections verified for testing
2025-10-26 12:04:44 [main] DEBUG edu.univ.erp.test.BaseDAOTest - Setting up test case
2025-10-26 12:04:44 [main] DEBUG edu.univ.erp.test.BaseDAOTest - Tearing down test case
2025-10-26 12:04:44 [main] DEBUG edu.univ.erp.test.BaseDAOTest - Setting up test case
2025-10-26 12:04:44 [main] DEBUG edu.univ.erp.test.BaseDAOTest - Tearing down test case
2025-10-26 12:04:44 [main] DEBUG edu.univ.erp.test.BaseDAOTest - Setting up test case
2025-10-26 12:04:44 [main] DEBUG edu.univ.erp.test.BaseDAOTest - Tearing down test case
2025-10-26 12:04:44 [main] DEBUG edu.univ.erp.test.BaseDAOTest - Setting up test case
2025-10-26 12:04:44 [main] DEBUG edu.univ.erp.test.BaseDAOTest - Tearing down test case
2025-10-26 12:04:44 [main] DEBUG edu.univ.erp.test.BaseDAOTest - Setting up test case
2025-10-26 12:04:44 [main] DEBUG edu.univ.erp.test.BaseDAOTest - Tearing down test case
2025-10-26 12:04:44 [main] DEBUG edu.univ.erp.test.BaseDAOTest - Setting up test case
2025-10-26 12:04:44 [main] DEBUG edu.univ.erp.test.BaseDAOTest - Tearing down test case
2025-10-26 12:04:44 [main] DEBUG edu.univ.erp.test.BaseDAOTest - Setting up test case
2025-10-26 12:04:44 [main] DEBUG edu.univ.erp.test.BaseDAOTest - Tearing down test case
2025-10-26 12:04:44 [main] DEBUG edu.univ.erp.test.BaseDAOTest - Setting up test case
2025-10-26 12:04:44 [main] DEBUG edu.univ.erp.test.BaseDAOTest - Tearing down test case
2025-10-26 12:04:44 [main] DEBUG edu.univ.erp.test.BaseDAOTest - Setting up test case
2025-10-26 12:04:44 [main] DEBUG edu.univ.erp.test.BaseDAOTest - Tearing down test case
2025-10-26 12:04:44 [main] DEBUG edu.univ.erp.test.BaseDAOTest - Setting up test case
2025-10-26 12:04:44 [main] DEBUG edu.univ.erp.test.BaseDAOTest - Tearing down test case
2025-10-26 12:04:44 [main] INFO  edu.univ.erp.test.BaseDAOTest - Database connections verified for testing
2025-10-26 12:04:44 [main] DEBUG edu.univ.erp.test.BaseDAOTest - Setting up test case
2025-10-26 12:04:44 [main] DEBUG edu.univ.erp.test.BaseDAOTest - Tearing down test case
2025-10-26 12:04:44 [main] DEBUG edu.univ.erp.test.BaseDAOTest - Setting up test case
2025-10-26 12:04:44 [main] DEBUG edu.univ.erp.test.BaseDAOTest - Tearing down test case
2025-10-26 12:04:44 [main] DEBUG edu.univ.erp.test.BaseDAOTest - Setting up test case
2025-10-26 12:04:44 [main] DEBUG edu.univ.erp.test.BaseDAOTest - Tearing down test case
2025-10-26 12:04:44 [main] DEBUG edu.univ.erp.test.BaseDAOTest - Setting up test case
2025-10-26 12:04:44 [main] WARN  edu.univ.erp.service.GradeService - Permission denied for listComponents: You must be logged in to perform this action
2025-10-26 12:04:44 [main] DEBUG edu.univ.erp.test.BaseDAOTest - Tearing down test case
2025-10-26 12:04:44 [main] DEBUG edu.univ.erp.test.BaseDAOTest - Setting up test case
2025-10-26 12:04:44 [main] DEBUG edu.univ.erp.test.BaseDAOTest - Tearing down test case
2025-10-26 12:04:44 [main] DEBUG edu.univ.erp.test.BaseDAOTest - Setting up test case
2025-10-26 12:04:44 [main] DEBUG edu.univ.erp.test.BaseDAOTest - Tearing down test case
2025-10-26 12:04:44 [main] DEBUG edu.univ.erp.test.BaseDAOTest - Setting up test case
2025-10-26 12:04:44 [main] DEBUG edu.univ.erp.test.BaseDAOTest - Tearing down test case
2025-10-26 12:04:45 [main] INFO  edu.univ.erp.test.BaseDAOTest - Database connections verified for testing
2025-10-26 12:04:45 [main] DEBUG edu.univ.erp.test.BaseDAOTest - Setting up test case
2025-10-26 12:04:45 [main] DEBUG edu.univ.erp.test.BaseDAOTest - Tearing down test case
2025-10-26 12:04:45 [main] DEBUG edu.univ.erp.test.BaseDAOTest - Setting up test case
2025-10-26 12:04:45 [main] DEBUG edu.univ.erp.test.BaseDAOTest - Tearing down test case
2025-10-26 12:04:45 [main] DEBUG edu.univ.erp.test.BaseDAOTest - Setting up test case
2025-10-26 12:04:45 [main] WARN  edu.univ.erp.auth.PermissionChecker - Permission denied: User stu1 (role: STUDENT) attempted admin-only operation
2025-10-26 12:04:45 [main] DEBUG edu.univ.erp.test.BaseDAOTest - Tearing down test case
2025-10-26 12:04:45 [main] DEBUG edu.univ.erp.test.BaseDAOTest - Setting up test case
2025-10-26 12:04:45 [main] DEBUG edu.univ.erp.test.BaseDAOTest - Tearing down test case
2025-10-26 12:04:45 [main] DEBUG edu.univ.erp.test.BaseDAOTest - Setting up test case
2025-10-26 12:04:45 [main] DEBUG edu.univ.erp.test.BaseDAOTest - Tearing down test case
2025-10-26 12:04:45 [main] DEBUG edu.univ.erp.test.BaseDAOTest - Setting up test case
2025-10-26 12:04:45 [main] DEBUG edu.univ.erp.test.BaseDAOTest - Tearing down test case
2025-10-26 12:04:45 [main] DEBUG edu.univ.erp.test.BaseDAOTest - Setting up test case
2025-10-26 12:04:45 [main] DEBUG edu.univ.erp.test.BaseDAOTest - Tearing down test case
2025-10-26 12:04:45 [main] DEBUG edu.univ.erp.test.BaseDAOTest - Setting up test case
2025-10-26 12:04:45 [main] DEBUG edu.univ.erp.test.BaseDAOTest - Tearing down test case
2025-10-26 12:04:45 [main] DEBUG edu.univ.erp.test.BaseDAOTest - Setting up test case
2025-10-26 12:04:45 [main] DEBUG edu.univ.erp.test.BaseDAOTest - Tearing down test case
2025-10-26 12:06:00 [main] INFO  edu.univ.erp.util.ConfigUtil - Configuration loaded successfully
2025-10-26 12:06:00 [main] INFO  com.zaxxer.hikari.HikariDataSource - AuthDB-Pool - Starting...
2025-10-26 12:06:00 [main] INFO  com.zaxxer.hikari.pool.HikariPool - AuthDB-Pool - Added connection com.mysql.cj.jdbc.ConnectionImpl@1a6f2363
2025-10-26 12:06:00 [main] INFO  com.zaxxer.hikari.HikariDataSource - AuthDB-Pool - Start completed.
2025-10-26 12:06:00 [main] INFO  e.univ.erp.data.DatabaseConnection - Auth database connection pool initialized
2025-10-26 12:06:00 [main] INFO  com.zaxxer.hikari.HikariDataSource - ErpDB-Pool - Starting...
2025-10-26 12:06:01 [main] INFO  com.zaxxer.hikari.pool.HikariPool - ErpDB-Pool - Added connection com.mysql.cj.jdbc.ConnectionImpl@74f7d1d2
2025-10-26 12:06:01 [main] INFO  com.zaxxer.hikari.HikariDataSource - ErpDB-Pool - Start completed.
2025-10-26 12:06:01 [main] INFO  e.univ.erp.data.DatabaseConnection - ERP database connection pool initialized
2025-10-26 12:06:01 [main] INFO  edu.univ.erp.test.BaseDAOTest - Database connections verified for testing
2025-10-26 12:06:01 [main] DEBUG edu.univ.erp.test.BaseDAOTest - Setting up test case
2025-10-26 12:06:01 [main] INFO  edu.univ.erp.auth.AuthService - Successful login for user: auth_svc_test
2025-10-26 12:06:01 [main] DEBUG edu.univ.erp.test.BaseDAOTest - Tearing down test case
2025-10-26 12:06:01 [main] DEBUG edu.univ.erp.test.BaseDAOTest - Setting up test case
2025-10-26 12:06:01 [main] WARN  edu.univ.erp.auth.AuthService - Login attempt for inactive account: auth_svc_test
2025-10-26 12:06:01 [main] DEBUG edu.univ.erp.test.BaseDAOTest - Tearing down test case
2025-10-26 12:06:01 [main] DEBUG edu.univ.erp.test.BaseDAOTest - Setting up test case
2025-10-26 12:06:01 [main] WARN  edu.univ.erp.auth.AuthService - Login attempt for non-existent user: nonexistent_user
2025-10-26 12:06:01 [main] DEBUG edu.univ.erp.test.BaseDAOTest - Tearing down test case
2025-10-26 12:06:01 [main] DEBUG edu.univ.erp.test.BaseDAOTest - Setting up test case
2025-10-26 12:06:01 [main] WARN  edu.univ.erp.auth.AuthService - Failed login attempt for user: auth_svc_test (attempt 1/5)
2025-10-26 12:06:02 [main] INFO  edu.univ.erp.auth.AuthService - Successful login for user: auth_svc_test
2025-10-26 12:06:02 [main] DEBUG edu.univ.erp.test.BaseDAOTest - Tearing down test case
2025-10-26 12:06:02 [main] DEBUG edu.univ.erp.test.BaseDAOTest - Setting up test case
2025-10-26 12:06:02 [main] WARN  edu.univ.erp.auth.AuthService - Failed login attempt for user: auth_svc_test (attempt 1/5)
2025-10-26 12:06:02 [main] DEBUG edu.univ.erp.test.BaseDAOTest - Tearing down test case
2025-10-26 12:06:02 [main] DEBUG edu.univ.erp.test.BaseDAOTest - Setting up test case
2025-10-26 12:06:02 [main] WARN  edu.univ.erp.auth.AuthService - Failed login attempt for user: auth_svc_test (attempt 1/5)
2025-10-26 12:06:02 [main] WARN  edu.univ.erp.auth.AuthService - Failed login attempt for user: auth_svc_test (attempt 2/5)
2025-10-26 12:06:02 [main] WARN  edu.univ.erp.auth.AuthService - Failed login attempt for user: auth_svc_test (attempt 3/5)
2025-10-26 12:06:02 [main] WARN  edu.univ.erp.auth.AuthService - Failed login attempt for user: auth_svc_test (attempt 4/5)
2025-10-26 12:06:02 [main] WARN  edu.univ.erp.auth.AuthService - Account locked due to too many failed attempts: auth_svc_test
2025-10-26 12:06:02 [main] WARN  edu.univ.erp.auth.AuthService - Login attempt for locked account: auth_svc_test
2025-10-26 12:06:02 [main] DEBUG edu.univ.erp.test.BaseDAOTest - Tearing down test case
2025-10-26 12:06:02 [main] DEBUG edu.univ.erp.test.BaseDAOTest - Setting up test case
2025-10-26 12:06:03 [main] WARN  edu.univ.erp.auth.AuthService - Failed login attempt for user: auth_svc_test (attempt 1/5)
2025-10-26 12:06:03 [main] WARN  edu.univ.erp.auth.AuthService - Failed login attempt for user: auth_svc_test (attempt 2/5)
2025-10-26 12:06:03 [main] WARN  edu.univ.erp.auth.AuthService - Failed login attempt for user: auth_svc_test (attempt 3/5)
2025-10-26 12:06:03 [main] INFO  edu.univ.erp.auth.AuthService - Successful login for user: auth_svc_test
2025-10-26 12:06:03 [main] DEBUG edu.univ.erp.test.BaseDAOTest - Tearing down test case
2025-10-26 12:06:03 [main] DEBUG edu.univ.erp.test.BaseDAOTest - Setting up test case
2025-10-26 12:06:03 [main] WARN  edu.univ.erp.auth.AuthService - Login attempt for locked account: auth_svc_test
2025-10-26 12:06:03 [main] DEBUG edu.univ.erp.test.BaseDAOTest - Tearing down test case
2025-10-26 12:06:03 [main] INFO  edu.univ.erp.test.BaseDAOTest - Database connections verified for testing
2025-10-26 12:06:03 [main] DEBUG edu.univ.erp.test.BaseDAOTest - Setting up test case
2025-10-26 12:06:03 [main] DEBUG edu.univ.erp.test.BaseDAOTest - Tearing down test case
2025-10-26 12:06:03 [main] DEBUG edu.univ.erp.test.BaseDAOTest - Setting up test case
2025-10-26 12:06:04 [main] DEBUG edu.univ.erp.test.BaseDAOTest - Tearing down test case
2025-10-26 12:06:04 [main] DEBUG edu.univ.erp.test.BaseDAOTest - Setting up test case
2025-10-26 12:06:04 [main] DEBUG edu.univ.erp.test.BaseDAOTest - Tearing down test case
2025-10-26 12:06:04 [main] DEBUG edu.univ.erp.test.BaseDAOTest - Setting up test case
2025-10-26 12:06:04 [main] DEBUG edu.univ.erp.test.BaseDAOTest - Tearing down test case
2025-10-26 12:06:04 [main] DEBUG edu.univ.erp.test.BaseDAOTest - Setting up test case
2025-10-26 12:06:04 [main] DEBUG edu.univ.erp.test.BaseDAOTest - Tearing down test case
2025-10-26 12:06:04 [main] DEBUG edu.univ.erp.test.BaseDAOTest - Setting up test case
2025-10-26 12:06:05 [main] DEBUG edu.univ.erp.test.BaseDAOTest - Tearing down test case
2025-10-26 12:06:05 [main] INFO  edu.univ.erp.test.BaseDAOTest - Database connections verified for testing
2025-10-26 12:06:05 [main] DEBUG edu.univ.erp.test.BaseDAOTest - Setting up test case
2025-10-26 12:06:05 [main] DEBUG edu.univ.erp.test.BaseDAOTest - Tearing down test case
2025-10-26 12:06:05 [main] DEBUG edu.univ.erp.test.BaseDAOTest - Setting up test case
2025-10-26 12:06:05 [main] DEBUG edu.univ.erp.test.BaseDAOTest - Tearing down test case
2025-10-26 12:06:05 [main] DEBUG edu.univ.erp.test.BaseDAOTest - Setting up test case
2025-10-26 12:06:05 [main] DEBUG edu.univ.erp.test.BaseDAOTest - Tearing down test case
2025-10-26 12:06:05 [main] INFO  edu.univ.erp.test.BaseDAOTest - Database connections verified for testing
2025-10-26 12:06:05 [main] DEBUG edu.univ.erp.test.BaseDAOTest - Setting up test case
2025-10-26 12:06:05 [main] DEBUG edu.univ.erp.test.BaseDAOTest - Tearing down test case
2025-10-26 12:06:05 [main] DEBUG edu.univ.erp.test.BaseDAOTest - Setting up test case
2025-10-26 12:06:05 [main] DEBUG edu.univ.erp.test.BaseDAOTest - Tearing down test case
2025-10-26 12:06:05 [main] INFO  edu.univ.erp.test.BaseDAOTest - Database connections verified for testing
2025-10-26 12:06:05 [main] DEBUG edu.univ.erp.test.BaseDAOTest - Setting up test case
2025-10-26 12:06:05 [main] DEBUG edu.univ.erp.test.BaseDAOTest - Tearing down test case
2025-10-26 12:06:05 [main] DEBUG edu.univ.erp.test.BaseDAOTest - Setting up test case
2025-10-26 12:06:05 [main] DEBUG edu.univ.erp.test.BaseDAOTest - Tearing down test case
2025-10-26 12:06:05 [main] DEBUG edu.univ.erp.test.BaseDAOTest - Setting up test case
2025-10-26 12:06:05 [main] DEBUG edu.univ.erp.test.BaseDAOTest - Tearing down test case
2025-10-26 12:06:05 [main] DEBUG edu.univ.erp.test.BaseDAOTest - Setting up test case
2025-10-26 12:06:05 [main] DEBUG edu.univ.erp.test.BaseDAOTest - Tearing down test case
2025-10-26 12:06:05 [main] DEBUG edu.univ.erp.test.BaseDAOTest - Setting up test case
2025-10-26 12:06:05 [main] DEBUG edu.univ.erp.test.BaseDAOTest - Tearing down test case
2025-10-26 12:06:05 [main] DEBUG edu.univ.erp.test.BaseDAOTest - Setting up test case
2025-10-26 12:06:06 [main] DEBUG edu.univ.erp.test.BaseDAOTest - Tearing down test case
2025-10-26 12:06:06 [main] DEBUG edu.univ.erp.test.BaseDAOTest - Setting up test case
2025-10-26 12:06:06 [main] DEBUG edu.univ.erp.test.BaseDAOTest - Tearing down test case
2025-10-26 12:06:06 [main] INFO  edu.univ.erp.test.BaseDAOTest - Database connections verified for testing
2025-10-26 12:06:06 [main] DEBUG edu.univ.erp.test.BaseDAOTest - Setting up test case
2025-10-26 12:06:06 [main] DEBUG edu.univ.erp.test.BaseDAOTest - Tearing down test case
2025-10-26 12:06:06 [main] INFO  edu.univ.erp.test.BaseDAOTest - Database connections verified for testing
2025-10-26 12:06:06 [main] DEBUG edu.univ.erp.test.BaseDAOTest - Setting up test case
2025-10-26 12:06:06 [main] DEBUG edu.univ.erp.test.BaseDAOTest - Tearing down test case
2025-10-26 12:06:06 [main] DEBUG edu.univ.erp.test.BaseDAOTest - Setting up test case
2025-10-26 12:06:06 [main] DEBUG edu.univ.erp.test.BaseDAOTest - Tearing down test case
2025-10-26 12:06:06 [main] DEBUG edu.univ.erp.test.BaseDAOTest - Setting up test case
2025-10-26 12:06:07 [main] DEBUG edu.univ.erp.test.BaseDAOTest - Tearing down test case
2025-10-26 12:06:07 [main] DEBUG edu.univ.erp.test.BaseDAOTest - Setting up test case
2025-10-26 12:06:07 [main] DEBUG edu.univ.erp.test.BaseDAOTest - Tearing down test case
2025-10-26 12:06:07 [main] DEBUG edu.univ.erp.test.BaseDAOTest - Setting up test case
2025-10-26 12:06:07 [main] DEBUG edu.univ.erp.test.BaseDAOTest - Tearing down test case
2025-10-26 12:06:07 [main] DEBUG edu.univ.erp.test.BaseDAOTest - Setting up test case
2025-10-26 12:06:07 [main] DEBUG edu.univ.erp.test.BaseDAOTest - Tearing down test case
2025-10-26 12:06:07 [main] DEBUG edu.univ.erp.test.BaseDAOTest - Setting up test case
2025-10-26 12:06:08 [main] DEBUG edu.univ.erp.test.BaseDAOTest - Tearing down test case
2025-10-26 12:06:08 [main] INFO  edu.univ.erp.test.BaseDAOTest - Database connections verified for testing
2025-10-26 12:06:08 [main] DEBUG edu.univ.erp.test.BaseDAOTest - Setting up test case
2025-10-26 12:06:08 [main] INFO  edu.univ.erp.data.AuthDAOTest - Test setup complete for username: test_user_1761460568160
2025-10-26 12:06:08 [main] INFO  edu.univ.erp.data.AuthDAOTest - Successfully found user: test_user_1761460568160
2025-10-26 12:06:08 [main] INFO  edu.univ.erp.data.AuthDAOTest - Cleanup completed for username: test_user_1761460568160
2025-10-26 12:06:08 [main] DEBUG edu.univ.erp.test.BaseDAOTest - Tearing down test case
2025-10-26 12:06:08 [main] DEBUG edu.univ.erp.test.BaseDAOTest - Setting up test case
2025-10-26 12:06:08 [main] INFO  edu.univ.erp.data.AuthDAOTest - Test setup complete for username: test_user_1761460568324
2025-10-26 12:06:08 [main] INFO  edu.univ.erp.data.AuthDAOTest - Correctly returned null for non-existent username: definitely_does_not_exist_1761460568433
2025-10-26 12:06:08 [main] INFO  edu.univ.erp.data.AuthDAOTest - Cleanup completed for username: test_user_1761460568324
2025-10-26 12:06:08 [main] DEBUG edu.univ.erp.test.BaseDAOTest - Tearing down test case
2025-10-26 12:06:08 [main] DEBUG edu.univ.erp.test.BaseDAOTest - Setting up test case
2025-10-26 12:06:08 [main] INFO  edu.univ.erp.data.AuthDAOTest - Test setup complete for username: test_user_1761460568438
2025-10-26 12:06:08 [main] INFO  edu.univ.erp.data.AuthDAOTest - Correctly handled null username input
2025-10-26 12:06:08 [main] INFO  edu.univ.erp.data.AuthDAOTest - Cleanup completed for username: test_user_1761460568438
2025-10-26 12:06:08 [main] DEBUG edu.univ.erp.test.BaseDAOTest - Tearing down test case
2025-10-26 12:06:08 [main] DEBUG edu.univ.erp.test.BaseDAOTest - Setting up test case
2025-10-26 12:06:08 [main] INFO  edu.univ.erp.data.AuthDAOTest - Test setup complete for username: test_user_1761460568550
2025-10-26 12:06:08 [main] INFO  edu.univ.erp.data.AuthDAOTest - Correctly handled empty/whitespace username input
2025-10-26 12:06:08 [main] INFO  edu.univ.erp.data.AuthDAOTest - Cleanup completed for username: test_user_1761460568550
2025-10-26 12:06:08 [main] DEBUG edu.univ.erp.test.BaseDAOTest - Tearing down test case
2025-10-26 12:06:08 [main] DEBUG edu.univ.erp.test.BaseDAOTest - Setting up test case
2025-10-26 12:06:08 [main] INFO  edu.univ.erp.data.AuthDAOTest - Test setup complete for username: test_user_1761460568661
2025-10-26 12:06:08 [main] INFO  edu.univ.erp.data.AuthDAOTest - Successfully created user with ID: 655
2025-10-26 12:06:08 [main] INFO  edu.univ.erp.data.AuthDAOTest - Cleanup completed for username: test_user_1761460568661
2025-10-26 12:06:08 [main] DEBUG edu.univ.erp.test.BaseDAOTest - Tearing down test case
2025-10-26 12:06:08 [main] DEBUG edu.univ.erp.test.BaseDAOTest - Setting up test case
2025-10-26 12:06:08 [main] INFO  edu.univ.erp.data.AuthDAOTest - Test setup complete for username: test_user_1761460568777
2025-10-26 12:06:08 [main] ERROR edu.univ.erp.auth.AuthDAO - Error creating user: test_user_1761460568777
java.sql.SQLIntegrityConstraintViolationException: Duplicate entry 'test_user_1761460568777' for key 'users_auth.username'
	at com.mysql.cj.jdbc.exceptions.SQLError.createSQLException(SQLError.java:118)
	at com.mysql.cj.jdbc.exceptions.SQLExceptionsMapping.translateException(SQLExceptionsMapping.java:122)
	at com.mysql.cj.jdbc.ClientPreparedStatement.executeInternal(ClientPreparedStatement.java:912)
	at com.mysql.cj.jdbc.ClientPreparedStatement.executeUpdateInternal(ClientPreparedStatement.java:1054)
	at com.mysql.cj.jdbc.ClientPreparedStatement.executeUpdateInternal(ClientPreparedStatement.java:1003)
	at com.mysql.cj.jdbc.ClientPreparedStatement.executeLargeUpdate(ClientPreparedStatement.java:1312)
	at com.mysql.cj.jdbc.ClientPreparedStatement.executeUpdate(ClientPreparedStatement.java:988)
	at com.zaxxer.hikari.pool.ProxyPreparedStatement.executeUpdate(ProxyPreparedStatement.java:61)
	at com.zaxxer.hikari.pool.HikariProxyPreparedStatement.executeUpdate(HikariProxyPreparedStatement.java)
	at edu.univ.erp.auth.AuthDAO.createUser(AuthDAO.java:111)
	at edu.univ.erp.data.AuthDAOTest.lambda$testCreateUser_DuplicateUsername$0(AuthDAOTest.java:126)
	at org.junit.jupiter.api.AssertThrows.assertThrows(AssertThrows.java:53)
	at org.junit.jupiter.api.AssertThrows.assertThrows(AssertThrows.java:39)
	at org.junit.jupiter.api.Assertions.assertThrows(Assertions.java:3131)
	at edu.univ.erp.data.AuthDAOTest.testCreateUser_DuplicateUsername(AuthDAOTest.java:125)
	at java.base/jdk.internal.reflect.DirectMethodHandleAccessor.invoke(DirectMethodHandleAccessor.java:103)
	at java.base/java.lang.reflect.Method.invoke(Method.java:580)
	at org.junit.platform.commons.util.ReflectionUtils.invokeMethod(ReflectionUtils.java:728)
	at org.junit.jupiter.engine.execution.MethodInvocation.proceed(MethodInvocation.java:60)
	at org.junit.jupiter.engine.execution.InvocationInterceptorChain$ValidatingInvocation.proceed(InvocationInterceptorChain.java:131)
	at org.junit.jupiter.engine.extension.TimeoutExtension.intercept(TimeoutExtension.java:156)
	at org.junit.jupiter.engine.extension.TimeoutExtension.interceptTestableMethod(TimeoutExtension.java:147)
	at org.junit.jupiter.engine.extension.TimeoutExtension.interceptTestMethod(TimeoutExtension.java:86)
	at org.junit.jupiter.engine.execution.InterceptingExecutableInvoker$ReflectiveInterceptorCall.lambda$ofVoidMethod$0(InterceptingExecutableInvoker.java:103)
	at org.junit.jupiter.engine.execution.InterceptingExecutableInvoker.lambda$invoke$0(InterceptingExecutableInvoker.java:93)
	at org.junit.jupiter.engine.execution.InvocationInterceptorChain$InterceptedInvocation.proceed(InvocationInterceptorChain.java:106)
	at org.junit.jupiter.engine.execution.InvocationInterceptorChain.proceed(InvocationInterceptorChain.java:64)
	at org.junit.jupiter.engine.execution.InvocationInterceptorChain.chainAndInvoke(InvocationInterceptorChain.java:45)
	at org.junit.jupiter.engine.execution.InvocationInterceptorChain.invoke(InvocationInterceptorChain.java:37)
	at org.junit.jupiter.engine.execution.InterceptingExecutableInvoker.invoke(InterceptingExecutableInvoker.java:92)
	at org.junit.jupiter.engine.execution.InterceptingExecutableInvoker.invoke(InterceptingExecutableInvoker.java:86)
	at org.junit.jupiter.engine.descriptor.TestMethodTestDescriptor.lambda$invokeTestMethod$7(TestMethodTestDescriptor.java:218)
	at org.junit.platform.engine.support.hierarchical.ThrowableCollector.execute(ThrowableCollector.java:73)
	at org.junit.jupiter.engine.descriptor.TestMethodTestDescriptor.invokeTestMethod(TestMethodTestDescriptor.java:214)
	at org.junit.jupiter.engine.descriptor.TestMethodTestDescriptor.execute(TestMethodTestDescriptor.java:139)
	at org.junit.jupiter.engine.descriptor.TestMethodTestDescriptor.execute(TestMethodTestDescriptor.java:69)
	at org.junit.platform.engine.support.hierarchical.NodeTestTask.lambda$executeRecursively$6(NodeTestTask.java:151)
	at org.junit.platform.engine.support.hierarchical.ThrowableCollector.execute(ThrowableCollector.java:73)
	at org.junit.platform.engine.support.hierarchical.NodeTestTask.lambda$executeRecursively$8(NodeTestTask.java:141)
	at org.junit.platform.engine.support.hierarchical.Node.around(Node.java:137)
	at org.junit.platform.engine.support.hierarchical.NodeTestTask.lambda$executeRecursively$9(NodeTestTask.java:139)
	at org.junit.platform.engine.support.hierarchical.ThrowableCollector.execute(ThrowableCollector.java:73)
	at org.junit.platform.engine.support.hierarchical.NodeTestTask.executeRecursively(NodeTestTask.java:138)
	at org.junit.platform.engine.support.hierarchical.NodeTestTask.execute(NodeTestTask.java:95)
	at java.base/java.util.ArrayList.forEach(ArrayList.java:1596)
	at org.junit.platform.engine.support.hierarchical.SameThreadHierarchicalTestExecutorService.invokeAll(SameThreadHierarchicalTestExecutorService.java:41)
	at org.junit.platform.engine.support.hierarchical.NodeTestTask.lambda$executeRecursively$6(NodeTestTask.java:155)
	at org.junit.platform.engine.support.hierarchical.ThrowableCollector.execute(ThrowableCollector.java:73)
	at org.junit.platform.engine.support.hierarchical.NodeTestTask.lambda$executeRecursively$8(NodeTestTask.java:141)
	at org.junit.platform.engine.support.hierarchical.Node.around(Node.java:137)
	at org.junit.platform.engine.support.hierarchical.NodeTestTask.lambda$executeRecursively$9(NodeTestTask.java:139)
	at org.junit.platform.engine.support.hierarchical.ThrowableCollector.execute(ThrowableCollector.java:73)
	at org.junit.platform.engine.support.hierarchical.NodeTestTask.executeRecursively(NodeTestTask.java:138)
	at org.junit.platform.engine.support.hierarchical.NodeTestTask.execute(NodeTestTask.java:95)
	at java.base/java.util.ArrayList.forEach(ArrayList.java:1596)
	at org.junit.platform.engine.support.hierarchical.SameThreadHierarchicalTestExecutorService.invokeAll(SameThreadHierarchicalTestExecutorService.java:41)
	at org.junit.platform.engine.support.hierarchical.NodeTestTask.lambda$executeRecursively$6(NodeTestTask.java:155)
	at org.junit.platform.engine.support.hierarchical.ThrowableCollector.execute(ThrowableCollector.java:73)
	at org.junit.platform.engine.support.hierarchical.NodeTestTask.lambda$executeRecursively$8(NodeTestTask.java:141)
	at org.junit.platform.engine.support.hierarchical.Node.around(Node.java:137)
	at org.junit.platform.engine.support.hierarchical.NodeTestTask.lambda$executeRecursively$9(NodeTestTask.java:139)
	at org.junit.platform.engine.support.hierarchical.ThrowableCollector.execute(ThrowableCollector.java:73)
	at org.junit.platform.engine.support.hierarchical.NodeTestTask.executeRecursively(NodeTestTask.java:138)
	at org.junit.platform.engine.support.hierarchical.NodeTestTask.execute(NodeTestTask.java:95)
	at org.junit.platform.engine.support.hierarchical.SameThreadHierarchicalTestExecutorService.submit(SameThreadHierarchicalTestExecutorService.java:35)
	at org.junit.platform.engine.support.hierarchical.HierarchicalTestExecutor.execute(HierarchicalTestExecutor.java:57)
	at org.junit.platform.engine.support.hierarchical.HierarchicalTestEngine.execute(HierarchicalTestEngine.java:54)
	at org.junit.platform.launcher.core.EngineExecutionOrchestrator.execute(EngineExecutionOrchestrator.java:198)
	at org.junit.platform.launcher.core.EngineExecutionOrchestrator.execute(EngineExecutionOrchestrator.java:169)
	at org.junit.platform.launcher.core.EngineExecutionOrchestrator.execute(EngineExecutionOrchestrator.java:93)
	at org.junit.platform.launcher.core.EngineExecutionOrchestrator.lambda$execute$0(EngineExecutionOrchestrator.java:58)
	at org.junit.platform.launcher.core.EngineExecutionOrchestrator.withInterceptedStreams(EngineExecutionOrchestrator.java:141)
	at org.junit.platform.launcher.core.EngineExecutionOrchestrator.execute(EngineExecutionOrchestrator.java:57)
	at org.junit.platform.launcher.core.DefaultLauncher.execute(DefaultLauncher.java:103)
	at org.junit.platform.launcher.core.DefaultLauncher.execute(DefaultLauncher.java:85)
	at org.junit.platform.launcher.core.DelegatingLauncher.execute(DelegatingLauncher.java:47)
	at org.apache.maven.surefire.junitplatform.LazyLauncher.execute(LazyLauncher.java:56)
	at org.apache.maven.surefire.junitplatform.JUnitPlatformProvider.execute(JUnitPlatformProvider.java:184)
	at org.apache.maven.surefire.junitplatform.JUnitPlatformProvider.invokeAllTests(JUnitPlatformProvider.java:148)
	at org.apache.maven.surefire.junitplatform.JUnitPlatformProvider.invoke(JUnitPlatformProvider.java:122)
	at org.apache.maven.surefire.booter.ForkedBooter.runSuitesInProcess(ForkedBooter.java:385)
	at org.apache.maven.surefire.booter.ForkedBooter.execute(ForkedBooter.java:162)
	at org.apache.maven.surefire.booter.ForkedBooter.run(ForkedBooter.java:507)
	at org.apache.maven.surefire.booter.ForkedBooter.main(ForkedBooter.java:495)
2025-10-26 12:06:08 [main] INFO  edu.univ.erp.data.AuthDAOTest - Correctly prevented duplicate username creation
2025-10-26 12:06:08 [main] INFO  edu.univ.erp.data.AuthDAOTest - Cleanup completed for username: test_user_1761460568777
2025-10-26 12:06:08 [main] DEBUG edu.univ.erp.test.BaseDAOTest - Tearing down test case
2025-10-26 12:06:08 [main] DEBUG edu.univ.erp.test.BaseDAOTest - Setting up test case
2025-10-26 12:06:09 [main] INFO  edu.univ.erp.data.AuthDAOTest - Test setup complete for username: test_user_1761460568919
2025-10-26 12:06:09 [main] ERROR edu.univ.erp.auth.AuthDAO - Error creating user: test_user_1761460568919
java.sql.SQLException: Data truncated for column 'role' at row 1
	at com.mysql.cj.jdbc.exceptions.SQLError.createSQLException(SQLError.java:130)
	at com.mysql.cj.jdbc.exceptions.SQLExceptionsMapping.translateException(SQLExceptionsMapping.java:122)
	at com.mysql.cj.jdbc.ClientPreparedStatement.executeInternal(ClientPreparedStatement.java:912)
	at com.mysql.cj.jdbc.ClientPreparedStatement.executeUpdateInternal(ClientPreparedStatement.java:1054)
	at com.mysql.cj.jdbc.ClientPreparedStatement.executeUpdateInternal(ClientPreparedStatement.java:1003)
	at com.mysql.cj.jdbc.ClientPreparedStatement.executeLargeUpdate(ClientPreparedStatement.java:1312)
	at com.mysql.cj.jdbc.ClientPreparedStatement.executeUpdate(ClientPreparedStatement.java:988)
	at com.zaxxer.hikari.pool.ProxyPreparedStatement.executeUpdate(ProxyPreparedStatement.java:61)
	at com.zaxxer.hikari.pool.HikariProxyPreparedStatement.executeUpdate(HikariProxyPreparedStatement.java)
	at edu.univ.erp.auth.AuthDAO.createUser(AuthDAO.java:111)
	at edu.univ.erp.data.AuthDAOTest.lambda$testCreateUser_InvalidRole$1(AuthDAOTest.java:137)
	at org.junit.jupiter.api.AssertThrows.assertThrows(AssertThrows.java:53)
	at org.junit.jupiter.api.AssertThrows.assertThrows(AssertThrows.java:39)
	at org.junit.jupiter.api.Assertions.assertThrows(Assertions.java:3131)
	at edu.univ.erp.data.AuthDAOTest.testCreateUser_InvalidRole(AuthDAOTest.java:136)
	at java.base/jdk.internal.reflect.DirectMethodHandleAccessor.invoke(DirectMethodHandleAccessor.java:103)
	at java.base/java.lang.reflect.Method.invoke(Method.java:580)
	at org.junit.platform.commons.util.ReflectionUtils.invokeMethod(ReflectionUtils.java:728)
	at org.junit.jupiter.engine.execution.MethodInvocation.proceed(MethodInvocation.java:60)
	at org.junit.jupiter.engine.execution.InvocationInterceptorChain$ValidatingInvocation.proceed(InvocationInterceptorChain.java:131)
	at org.junit.jupiter.engine.extension.TimeoutExtension.intercept(TimeoutExtension.java:156)
	at org.junit.jupiter.engine.extension.TimeoutExtension.interceptTestableMethod(TimeoutExtension.java:147)
	at org.junit.jupiter.engine.extension.TimeoutExtension.interceptTestMethod(TimeoutExtension.java:86)
	at org.junit.jupiter.engine.execution.InterceptingExecutableInvoker$ReflectiveInterceptorCall.lambda$ofVoidMethod$0(InterceptingExecutableInvoker.java:103)
	at org.junit.jupiter.engine.execution.InterceptingExecutableInvoker.lambda$invoke$0(InterceptingExecutableInvoker.java:93)
	at org.junit.jupiter.engine.execution.InvocationInterceptorChain$InterceptedInvocation.proceed(InvocationInterceptorChain.java:106)
	at org.junit.jupiter.engine.execution.InvocationInterceptorChain.proceed(InvocationInterceptorChain.java:64)
	at org.junit.jupiter.engine.execution.InvocationInterceptorChain.chainAndInvoke(InvocationInterceptorChain.java:45)
	at org.junit.jupiter.engine.execution.InvocationInterceptorChain.invoke(InvocationInterceptorChain.java:37)
	at org.junit.jupiter.engine.execution.InterceptingExecutableInvoker.invoke(InterceptingExecutableInvoker.java:92)
	at org.junit.jupiter.engine.execution.InterceptingExecutableInvoker.invoke(InterceptingExecutableInvoker.java:86)
	at org.junit.jupiter.engine.descriptor.TestMethodTestDescriptor.lambda$invokeTestMethod$7(TestMethodTestDescriptor.java:218)
	at org.junit.platform.engine.support.hierarchical.ThrowableCollector.execute(ThrowableCollector.java:73)
	at org.junit.jupiter.engine.descriptor.TestMethodTestDescriptor.invokeTestMethod(TestMethodTestDescriptor.java:214)
	at org.junit.jupiter.engine.descriptor.TestMethodTestDescriptor.execute(TestMethodTestDescriptor.java:139)
	at org.junit.jupiter.engine.descriptor.TestMethodTestDescriptor.execute(TestMethodTestDescriptor.java:69)
	at org.junit.platform.engine.support.hierarchical.NodeTestTask.lambda$executeRecursively$6(NodeTestTask.java:151)
	at org.junit.platform.engine.support.hierarchical.ThrowableCollector.execute(ThrowableCollector.java:73)
	at org.junit.platform.engine.support.hierarchical.NodeTestTask.lambda$executeRecursively$8(NodeTestTask.java:141)
	at org.junit.platform.engine.support.hierarchical.Node.around(Node.java:137)
	at org.junit.platform.engine.support.hierarchical.NodeTestTask.lambda$executeRecursively$9(NodeTestTask.java:139)
	at org.junit.platform.engine.support.hierarchical.ThrowableCollector.execute(ThrowableCollector.java:73)
	at org.junit.platform.engine.support.hierarchical.NodeTestTask.executeRecursively(NodeTestTask.java:138)
	at org.junit.platform.engine.support.hierarchical.NodeTestTask.execute(NodeTestTask.java:95)
	at java.base/java.util.ArrayList.forEach(ArrayList.java:1596)
	at org.junit.platform.engine.support.hierarchical.SameThreadHierarchicalTestExecutorService.invokeAll(SameThreadHierarchicalTestExecutorService.java:41)
	at org.junit.platform.engine.support.hierarchical.NodeTestTask.lambda$executeRecursively$6(NodeTestTask.java:155)
	at org.junit.platform.engine.support.hierarchical.ThrowableCollector.execute(ThrowableCollector.java:73)
	at org.junit.platform.engine.support.hierarchical.NodeTestTask.lambda$executeRecursively$8(NodeTestTask.java:141)
	at org.junit.platform.engine.support.hierarchical.Node.around(Node.java:137)
	at org.junit.platform.engine.support.hierarchical.NodeTestTask.lambda$executeRecursively$9(NodeTestTask.java:139)
	at org.junit.platform.engine.support.hierarchical.ThrowableCollector.execute(ThrowableCollector.java:73)
	at org.junit.platform.engine.support.hierarchical.NodeTestTask.executeRecursively(NodeTestTask.java:138)
	at org.junit.platform.engine.support.hierarchical.NodeTestTask.execute(NodeTestTask.java:95)
	at java.base/java.util.ArrayList.forEach(ArrayList.java:1596)
	at org.junit.platform.engine.support.hierarchical.SameThreadHierarchicalTestExecutorService.invokeAll(SameThreadHierarchicalTestExecutorService.java:41)
	at org.junit.platform.engine.support.hierarchical.NodeTestTask.lambda$executeRecursively$6(NodeTestTask.java:155)
	at org.junit.platform.engine.support.hierarchical.ThrowableCollector.execute(ThrowableCollector.java:73)
	at org.junit.platform.engine.support.hierarchical.NodeTestTask.lambda$executeRecursively$8(NodeTestTask.java:141)
	at org.junit.platform.engine.support.hierarchical.Node.around(Node.java:137)
	at org.junit.platform.engine.support.hierarchical.NodeTestTask.lambda$executeRecursively$9(NodeTestTask.java:139)
	at org.junit.platform.engine.support.hierarchical.ThrowableCollector.execute(ThrowableCollector.java:73)
	at org.junit.platform.engine.support.hierarchical.NodeTestTask.executeRecursively(NodeTestTask.java:138)
	at org.junit.platform.engine.support.hierarchical.NodeTestTask.execute(NodeTestTask.java:95)
	at org.junit.platform.engine.support.hierarchical.SameThreadHierarchicalTestExecutorService.submit(SameThreadHierarchicalTestExecutorService.java:35)
	at org.junit.platform.engine.support.hierarchical.HierarchicalTestExecutor.execute(HierarchicalTestExecutor.java:57)
	at org.junit.platform.engine.support.hierarchical.HierarchicalTestEngine.execute(HierarchicalTestEngine.java:54)
	at org.junit.platform.launcher.core.EngineExecutionOrchestrator.execute(EngineExecutionOrchestrator.java:198)
	at org.junit.platform.launcher.core.EngineExecutionOrchestrator.execute(EngineExecutionOrchestrator.java:169)
	at org.junit.platform.launcher.core.EngineExecutionOrchestrator.execute(EngineExecutionOrchestrator.java:93)
	at org.junit.platform.launcher.core.EngineExecutionOrchestrator.lambda$execute$0(EngineExecutionOrchestrator.java:58)
	at org.junit.platform.launcher.core.EngineExecutionOrchestrator.withInterceptedStreams(EngineExecutionOrchestrator.java:141)
	at org.junit.platform.launcher.core.EngineExecutionOrchestrator.execute(EngineExecutionOrchestrator.java:57)
	at org.junit.platform.launcher.core.DefaultLauncher.execute(DefaultLauncher.java:103)
	at org.junit.platform.launcher.core.DefaultLauncher.execute(DefaultLauncher.java:85)
	at org.junit.platform.launcher.core.DelegatingLauncher.execute(DelegatingLauncher.java:47)
	at org.apache.maven.surefire.junitplatform.LazyLauncher.execute(LazyLauncher.java:56)
	at org.apache.maven.surefire.junitplatform.JUnitPlatformProvider.execute(JUnitPlatformProvider.java:184)
	at org.apache.maven.surefire.junitplatform.JUnitPlatformProvider.invokeAllTests(JUnitPlatformProvider.java:148)
	at org.apache.maven.surefire.junitplatform.JUnitPlatformProvider.invoke(JUnitPlatformProvider.java:122)
	at org.apache.maven.surefire.booter.ForkedBooter.runSuitesInProcess(ForkedBooter.java:385)
	at org.apache.maven.surefire.booter.ForkedBooter.execute(ForkedBooter.java:162)
	at org.apache.maven.surefire.booter.ForkedBooter.run(ForkedBooter.java:507)
	at org.apache.maven.surefire.booter.ForkedBooter.main(ForkedBooter.java:495)
2025-10-26 12:06:09 [main] INFO  edu.univ.erp.data.AuthDAOTest - Correctly rejected invalid role
2025-10-26 12:06:09 [main] INFO  edu.univ.erp.data.AuthDAOTest - Cleanup completed for username: test_user_1761460568919
2025-10-26 12:06:09 [main] DEBUG edu.univ.erp.test.BaseDAOTest - Tearing down test case
2025-10-26 12:06:09 [main] DEBUG edu.univ.erp.test.BaseDAOTest - Setting up test case
2025-10-26 12:06:09 [main] INFO  edu.univ.erp.data.AuthDAOTest - Test setup complete for username: test_user_1761460569055
2025-10-26 12:06:09 [main] ERROR edu.univ.erp.auth.AuthDAO - Error creating user: null
java.sql.SQLIntegrityConstraintViolationException: Column 'username' cannot be null
	at com.mysql.cj.jdbc.exceptions.SQLError.createSQLException(SQLError.java:118)
	at com.mysql.cj.jdbc.exceptions.SQLExceptionsMapping.translateException(SQLExceptionsMapping.java:122)
	at com.mysql.cj.jdbc.ClientPreparedStatement.executeInternal(ClientPreparedStatement.java:912)
	at com.mysql.cj.jdbc.ClientPreparedStatement.executeUpdateInternal(ClientPreparedStatement.java:1054)
	at com.mysql.cj.jdbc.ClientPreparedStatement.executeUpdateInternal(ClientPreparedStatement.java:1003)
	at com.mysql.cj.jdbc.ClientPreparedStatement.executeLargeUpdate(ClientPreparedStatement.java:1312)
	at com.mysql.cj.jdbc.ClientPreparedStatement.executeUpdate(ClientPreparedStatement.java:988)
	at com.zaxxer.hikari.pool.ProxyPreparedStatement.executeUpdate(ProxyPreparedStatement.java:61)
	at com.zaxxer.hikari.pool.HikariProxyPreparedStatement.executeUpdate(HikariProxyPreparedStatement.java)
	at edu.univ.erp.auth.AuthDAO.createUser(AuthDAO.java:111)
	at edu.univ.erp.data.AuthDAOTest.lambda$testCreateUser_NullParameters$2(AuthDAOTest.java:148)
	at org.junit.jupiter.api.AssertThrows.assertThrows(AssertThrows.java:53)
	at org.junit.jupiter.api.AssertThrows.assertThrows(AssertThrows.java:39)
	at org.junit.jupiter.api.Assertions.assertThrows(Assertions.java:3131)
	at edu.univ.erp.data.AuthDAOTest.testCreateUser_NullParameters(AuthDAOTest.java:147)
	at java.base/jdk.internal.reflect.DirectMethodHandleAccessor.invoke(DirectMethodHandleAccessor.java:103)
	at java.base/java.lang.reflect.Method.invoke(Method.java:580)
	at org.junit.platform.commons.util.ReflectionUtils.invokeMethod(ReflectionUtils.java:728)
	at org.junit.jupiter.engine.execution.MethodInvocation.proceed(MethodInvocation.java:60)
	at org.junit.jupiter.engine.execution.InvocationInterceptorChain$ValidatingInvocation.proceed(InvocationInterceptorChain.java:131)
	at org.junit.jupiter.engine.extension.TimeoutExtension.intercept(TimeoutExtension.java:156)
	at org.junit.jupiter.engine.extension.TimeoutExtension.interceptTestableMethod(TimeoutExtension.java:147)
	at org.junit.jupiter.engine.extension.TimeoutExtension.interceptTestMethod(TimeoutExtension.java:86)
	at org.junit.jupiter.engine.execution.InterceptingExecutableInvoker$ReflectiveInterceptorCall.lambda$ofVoidMethod$0(InterceptingExecutableInvoker.java:103)
	at org.junit.jupiter.engine.execution.InterceptingExecutableInvoker.lambda$invoke$0(InterceptingExecutableInvoker.java:93)
	at org.junit.jupiter.engine.execution.InvocationInterceptorChain$InterceptedInvocation.proceed(InvocationInterceptorChain.java:106)
	at org.junit.jupiter.engine.execution.InvocationInterceptorChain.proceed(InvocationInterceptorChain.java:64)
	at org.junit.jupiter.engine.execution.InvocationInterceptorChain.chainAndInvoke(InvocationInterceptorChain.java:45)
	at org.junit.jupiter.engine.execution.InvocationInterceptorChain.invoke(InvocationInterceptorChain.java:37)
	at org.junit.jupiter.engine.execution.InterceptingExecutableInvoker.invoke(InterceptingExecutableInvoker.java:92)
	at org.junit.jupiter.engine.execution.InterceptingExecutableInvoker.invoke(InterceptingExecutableInvoker.java:86)
	at org.junit.jupiter.engine.descriptor.TestMethodTestDescriptor.lambda$invokeTestMethod$7(TestMethodTestDescriptor.java:218)
	at org.junit.platform.engine.support.hierarchical.ThrowableCollector.execute(ThrowableCollector.java:73)
	at org.junit.jupiter.engine.descriptor.TestMethodTestDescriptor.invokeTestMethod(TestMethodTestDescriptor.java:214)
	at org.junit.jupiter.engine.descriptor.TestMethodTestDescriptor.execute(TestMethodTestDescriptor.java:139)
	at org.junit.jupiter.engine.descriptor.TestMethodTestDescriptor.execute(TestMethodTestDescriptor.java:69)
	at org.junit.platform.engine.support.hierarchical.NodeTestTask.lambda$executeRecursively$6(NodeTestTask.java:151)
	at org.junit.platform.engine.support.hierarchical.ThrowableCollector.execute(ThrowableCollector.java:73)
	at org.junit.platform.engine.support.hierarchical.NodeTestTask.lambda$executeRecursively$8(NodeTestTask.java:141)
	at org.junit.platform.engine.support.hierarchical.Node.around(Node.java:137)
	at org.junit.platform.engine.support.hierarchical.NodeTestTask.lambda$executeRecursively$9(NodeTestTask.java:139)
	at org.junit.platform.engine.support.hierarchical.ThrowableCollector.execute(ThrowableCollector.java:73)
	at org.junit.platform.engine.support.hierarchical.NodeTestTask.executeRecursively(NodeTestTask.java:138)
	at org.junit.platform.engine.support.hierarchical.NodeTestTask.execute(NodeTestTask.java:95)
	at java.base/java.util.ArrayList.forEach(ArrayList.java:1596)
	at org.junit.platform.engine.support.hierarchical.SameThreadHierarchicalTestExecutorService.invokeAll(SameThreadHierarchicalTestExecutorService.java:41)
	at org.junit.platform.engine.support.hierarchical.NodeTestTask.lambda$executeRecursively$6(NodeTestTask.java:155)
	at org.junit.platform.engine.support.hierarchical.ThrowableCollector.execute(ThrowableCollector.java:73)
	at org.junit.platform.engine.support.hierarchical.NodeTestTask.lambda$executeRecursively$8(NodeTestTask.java:141)
	at org.junit.platform.engine.support.hierarchical.Node.around(Node.java:137)
	at org.junit.platform.engine.support.hierarchical.NodeTestTask.lambda$executeRecursively$9(NodeTestTask.java:139)
	at org.junit.platform.engine.support.hierarchical.ThrowableCollector.execute(ThrowableCollector.java:73)
	at org.junit.platform.engine.support.hierarchical.NodeTestTask.executeRecursively(NodeTestTask.java:138)
	at org.junit.platform.engine.support.hierarchical.NodeTestTask.execute(NodeTestTask.java:95)
	at java.base/java.util.ArrayList.forEach(ArrayList.java:1596)
	at org.junit.platform.engine.support.hierarchical.SameThreadHierarchicalTestExecutorService.invokeAll(SameThreadHierarchicalTestExecutorService.java:41)
	at org.junit.platform.engine.support.hierarchical.NodeTestTask.lambda$executeRecursively$6(NodeTestTask.java:155)
	at org.junit.platform.engine.support.hierarchical.ThrowableCollector.execute(ThrowableCollector.java:73)
	at org.junit.platform.engine.support.hierarchical.NodeTestTask.lambda$executeRecursively$8(NodeTestTask.java:141)
	at org.junit.platform.engine.support.hierarchical.Node.around(Node.java:137)
	at org.junit.platform.engine.support.hierarchical.NodeTestTask.lambda$executeRecursively$9(NodeTestTask.java:139)
	at org.junit.platform.engine.support.hierarchical.ThrowableCollector.execute(ThrowableCollector.java:73)
	at org.junit.platform.engine.support.hierarchical.NodeTestTask.executeRecursively(NodeTestTask.java:138)
	at org.junit.platform.engine.support.hierarchical.NodeTestTask.execute(NodeTestTask.java:95)
	at org.junit.platform.engine.support.hierarchical.SameThreadHierarchicalTestExecutorService.submit(SameThreadHierarchicalTestExecutorService.java:35)
	at org.junit.platform.engine.support.hierarchical.HierarchicalTestExecutor.execute(HierarchicalTestExecutor.java:57)
	at org.junit.platform.engine.support.hierarchical.HierarchicalTestEngine.execute(HierarchicalTestEngine.java:54)
	at org.junit.platform.launcher.core.EngineExecutionOrchestrator.execute(EngineExecutionOrchestrator.java:198)
	at org.junit.platform.launcher.core.EngineExecutionOrchestrator.execute(EngineExecutionOrchestrator.java:169)
	at org.junit.platform.launcher.core.EngineExecutionOrchestrator.execute(EngineExecutionOrchestrator.java:93)
	at org.junit.platform.launcher.core.EngineExecutionOrchestrator.lambda$execute$0(EngineExecutionOrchestrator.java:58)
	at org.junit.platform.launcher.core.EngineExecutionOrchestrator.withInterceptedStreams(EngineExecutionOrchestrator.java:141)
	at org.junit.platform.launcher.core.EngineExecutionOrchestrator.execute(EngineExecutionOrchestrator.java:57)
	at org.junit.platform.launcher.core.DefaultLauncher.execute(DefaultLauncher.java:103)
	at org.junit.platform.launcher.core.DefaultLauncher.execute(DefaultLauncher.java:85)
	at org.junit.platform.launcher.core.DelegatingLauncher.execute(DelegatingLauncher.java:47)
	at org.apache.maven.surefire.junitplatform.LazyLauncher.execute(LazyLauncher.java:56)
	at org.apache.maven.surefire.junitplatform.JUnitPlatformProvider.execute(JUnitPlatformProvider.java:184)
	at org.apache.maven.surefire.junitplatform.JUnitPlatformProvider.invokeAllTests(JUnitPlatformProvider.java:148)
	at org.apache.maven.surefire.junitplatform.JUnitPlatformProvider.invoke(JUnitPlatformProvider.java:122)
	at org.apache.maven.surefire.booter.ForkedBooter.runSuitesInProcess(ForkedBooter.java:385)
	at org.apache.maven.surefire.booter.ForkedBooter.execute(ForkedBooter.java:162)
	at org.apache.maven.surefire.booter.ForkedBooter.run(ForkedBooter.java:507)
	at org.apache.maven.surefire.booter.ForkedBooter.main(ForkedBooter.java:495)
2025-10-26 12:06:09 [main] ERROR edu.univ.erp.auth.AuthDAO - Error creating user: test_user_1761460569055
java.sql.SQLIntegrityConstraintViolationException: Column 'password_hash' cannot be null
	at com.mysql.cj.jdbc.exceptions.SQLError.createSQLException(SQLError.java:118)
	at com.mysql.cj.jdbc.exceptions.SQLExceptionsMapping.translateException(SQLExceptionsMapping.java:122)
	at com.mysql.cj.jdbc.ClientPreparedStatement.executeInternal(ClientPreparedStatement.java:912)
	at com.mysql.cj.jdbc.ClientPreparedStatement.executeUpdateInternal(ClientPreparedStatement.java:1054)
	at com.mysql.cj.jdbc.ClientPreparedStatement.executeUpdateInternal(ClientPreparedStatement.java:1003)
	at com.mysql.cj.jdbc.ClientPreparedStatement.executeLargeUpdate(ClientPreparedStatement.java:1312)
	at com.mysql.cj.jdbc.ClientPreparedStatement.executeUpdate(ClientPreparedStatement.java:988)
	at com.zaxxer.hikari.pool.ProxyPreparedStatement.executeUpdate(ProxyPreparedStatement.java:61)
	at com.zaxxer.hikari.pool.HikariProxyPreparedStatement.executeUpdate(HikariProxyPreparedStatement.java)
	at edu.univ.erp.auth.AuthDAO.createUser(AuthDAO.java:111)
	at edu.univ.erp.data.AuthDAOTest.lambda$testCreateUser_NullParameters$3(AuthDAOTest.java:152)
	at org.junit.jupiter.api.AssertThrows.assertThrows(AssertThrows.java:53)
	at org.junit.jupiter.api.AssertThrows.assertThrows(AssertThrows.java:39)
	at org.junit.jupiter.api.Assertions.assertThrows(Assertions.java:3131)
	at edu.univ.erp.data.AuthDAOTest.testCreateUser_NullParameters(AuthDAOTest.java:151)
	at java.base/jdk.internal.reflect.DirectMethodHandleAccessor.invoke(DirectMethodHandleAccessor.java:103)
	at java.base/java.lang.reflect.Method.invoke(Method.java:580)
	at org.junit.platform.commons.util.ReflectionUtils.invokeMethod(ReflectionUtils.java:728)
	at org.junit.jupiter.engine.execution.MethodInvocation.proceed(MethodInvocation.java:60)
	at org.junit.jupiter.engine.execution.InvocationInterceptorChain$ValidatingInvocation.proceed(InvocationInterceptorChain.java:131)
	at org.junit.jupiter.engine.extension.TimeoutExtension.intercept(TimeoutExtension.java:156)
	at org.junit.jupiter.engine.extension.TimeoutExtension.interceptTestableMethod(TimeoutExtension.java:147)
	at org.junit.jupiter.engine.extension.TimeoutExtension.interceptTestMethod(TimeoutExtension.java:86)
	at org.junit.jupiter.engine.execution.InterceptingExecutableInvoker$ReflectiveInterceptorCall.lambda$ofVoidMethod$0(InterceptingExecutableInvoker.java:103)
	at org.junit.jupiter.engine.execution.InterceptingExecutableInvoker.lambda$invoke$0(InterceptingExecutableInvoker.java:93)
	at org.junit.jupiter.engine.execution.InvocationInterceptorChain$InterceptedInvocation.proceed(InvocationInterceptorChain.java:106)
	at org.junit.jupiter.engine.execution.InvocationInterceptorChain.proceed(InvocationInterceptorChain.java:64)
	at org.junit.jupiter.engine.execution.InvocationInterceptorChain.chainAndInvoke(InvocationInterceptorChain.java:45)
	at org.junit.jupiter.engine.execution.InvocationInterceptorChain.invoke(InvocationInterceptorChain.java:37)
	at org.junit.jupiter.engine.execution.InterceptingExecutableInvoker.invoke(InterceptingExecutableInvoker.java:92)
	at org.junit.jupiter.engine.execution.InterceptingExecutableInvoker.invoke(InterceptingExecutableInvoker.java:86)
	at org.junit.jupiter.engine.descriptor.TestMethodTestDescriptor.lambda$invokeTestMethod$7(TestMethodTestDescriptor.java:218)
	at org.junit.platform.engine.support.hierarchical.ThrowableCollector.execute(ThrowableCollector.java:73)
	at org.junit.jupiter.engine.descriptor.TestMethodTestDescriptor.invokeTestMethod(TestMethodTestDescriptor.java:214)
	at org.junit.jupiter.engine.descriptor.TestMethodTestDescriptor.execute(TestMethodTestDescriptor.java:139)
	at org.junit.jupiter.engine.descriptor.TestMethodTestDescriptor.execute(TestMethodTestDescriptor.java:69)
	at org.junit.platform.engine.support.hierarchical.NodeTestTask.lambda$executeRecursively$6(NodeTestTask.java:151)
	at org.junit.platform.engine.support.hierarchical.ThrowableCollector.execute(ThrowableCollector.java:73)
	at org.junit.platform.engine.support.hierarchical.NodeTestTask.lambda$executeRecursively$8(NodeTestTask.java:141)
	at org.junit.platform.engine.support.hierarchical.Node.around(Node.java:137)
	at org.junit.platform.engine.support.hierarchical.NodeTestTask.lambda$executeRecursively$9(NodeTestTask.java:139)
	at org.junit.platform.engine.support.hierarchical.ThrowableCollector.execute(ThrowableCollector.java:73)
	at org.junit.platform.engine.support.hierarchical.NodeTestTask.executeRecursively(NodeTestTask.java:138)
	at org.junit.platform.engine.support.hierarchical.NodeTestTask.execute(NodeTestTask.java:95)
	at java.base/java.util.ArrayList.forEach(ArrayList.java:1596)
	at org.junit.platform.engine.support.hierarchical.SameThreadHierarchicalTestExecutorService.invokeAll(SameThreadHierarchicalTestExecutorService.java:41)
	at org.junit.platform.engine.support.hierarchical.NodeTestTask.lambda$executeRecursively$6(NodeTestTask.java:155)
	at org.junit.platform.engine.support.hierarchical.ThrowableCollector.execute(ThrowableCollector.java:73)
	at org.junit.platform.engine.support.hierarchical.NodeTestTask.lambda$executeRecursively$8(NodeTestTask.java:141)
	at org.junit.platform.engine.support.hierarchical.Node.around(Node.java:137)
	at org.junit.platform.engine.support.hierarchical.NodeTestTask.lambda$executeRecursively$9(NodeTestTask.java:139)
	at org.junit.platform.engine.support.hierarchical.ThrowableCollector.execute(ThrowableCollector.java:73)
	at org.junit.platform.engine.support.hierarchical.NodeTestTask.executeRecursively(NodeTestTask.java:138)
	at org.junit.platform.engine.support.hierarchical.NodeTestTask.execute(NodeTestTask.java:95)
	at java.base/java.util.ArrayList.forEach(ArrayList.java:1596)
	at org.junit.platform.engine.support.hierarchical.SameThreadHierarchicalTestExecutorService.invokeAll(SameThreadHierarchicalTestExecutorService.java:41)
	at org.junit.platform.engine.support.hierarchical.NodeTestTask.lambda$executeRecursively$6(NodeTestTask.java:155)
	at org.junit.platform.engine.support.hierarchical.ThrowableCollector.execute(ThrowableCollector.java:73)
	at org.junit.platform.engine.support.hierarchical.NodeTestTask.lambda$executeRecursively$8(NodeTestTask.java:141)
	at org.junit.platform.engine.support.hierarchical.Node.around(Node.java:137)
	at org.junit.platform.engine.support.hierarchical.NodeTestTask.lambda$executeRecursively$9(NodeTestTask.java:139)
	at org.junit.platform.engine.support.hierarchical.ThrowableCollector.execute(ThrowableCollector.java:73)
	at org.junit.platform.engine.support.hierarchical.NodeTestTask.executeRecursively(NodeTestTask.java:138)
	at org.junit.platform.engine.support.hierarchical.NodeTestTask.execute(NodeTestTask.java:95)
	at org.junit.platform.engine.support.hierarchical.SameThreadHierarchicalTestExecutorService.submit(SameThreadHierarchicalTestExecutorService.java:35)
	at org.junit.platform.engine.support.hierarchical.HierarchicalTestExecutor.execute(HierarchicalTestExecutor.java:57)
	at org.junit.platform.engine.support.hierarchical.HierarchicalTestEngine.execute(HierarchicalTestEngine.java:54)
	at org.junit.platform.launcher.core.EngineExecutionOrchestrator.execute(EngineExecutionOrchestrator.java:198)
	at org.junit.platform.launcher.core.EngineExecutionOrchestrator.execute(EngineExecutionOrchestrator.java:169)
	at org.junit.platform.launcher.core.EngineExecutionOrchestrator.execute(EngineExecutionOrchestrator.java:93)
	at org.junit.platform.launcher.core.EngineExecutionOrchestrator.lambda$execute$0(EngineExecutionOrchestrator.java:58)
	at org.junit.platform.launcher.core.EngineExecutionOrchestrator.withInterceptedStreams(EngineExecutionOrchestrator.java:141)
	at org.junit.platform.launcher.core.EngineExecutionOrchestrator.execute(EngineExecutionOrchestrator.java:57)
	at org.junit.platform.launcher.core.DefaultLauncher.execute(DefaultLauncher.java:103)
	at org.junit.platform.launcher.core.DefaultLauncher.execute(DefaultLauncher.java:85)
	at org.junit.platform.launcher.core.DelegatingLauncher.execute(DelegatingLauncher.java:47)
	at org.apache.maven.surefire.junitplatform.LazyLauncher.execute(LazyLauncher.java:56)
	at org.apache.maven.surefire.junitplatform.JUnitPlatformProvider.execute(JUnitPlatformProvider.java:184)
	at org.apache.maven.surefire.junitplatform.JUnitPlatformProvider.invokeAllTests(JUnitPlatformProvider.java:148)
	at org.apache.maven.surefire.junitplatform.JUnitPlatformProvider.invoke(JUnitPlatformProvider.java:122)
	at org.apache.maven.surefire.booter.ForkedBooter.runSuitesInProcess(ForkedBooter.java:385)
	at org.apache.maven.surefire.booter.ForkedBooter.execute(ForkedBooter.java:162)
	at org.apache.maven.surefire.booter.ForkedBooter.run(ForkedBooter.java:507)
	at org.apache.maven.surefire.booter.ForkedBooter.main(ForkedBooter.java:495)
2025-10-26 12:06:09 [main] ERROR edu.univ.erp.auth.AuthDAO - Error creating user: test_user_1761460569055
java.sql.SQLIntegrityConstraintViolationException: Column 'role' cannot be null
	at com.mysql.cj.jdbc.exceptions.SQLError.createSQLException(SQLError.java:118)
	at com.mysql.cj.jdbc.exceptions.SQLExceptionsMapping.translateException(SQLExceptionsMapping.java:122)
	at com.mysql.cj.jdbc.ClientPreparedStatement.executeInternal(ClientPreparedStatement.java:912)
	at com.mysql.cj.jdbc.ClientPreparedStatement.executeUpdateInternal(ClientPreparedStatement.java:1054)
	at com.mysql.cj.jdbc.ClientPreparedStatement.executeUpdateInternal(ClientPreparedStatement.java:1003)
	at com.mysql.cj.jdbc.ClientPreparedStatement.executeLargeUpdate(ClientPreparedStatement.java:1312)
	at com.mysql.cj.jdbc.ClientPreparedStatement.executeUpdate(ClientPreparedStatement.java:988)
	at com.zaxxer.hikari.pool.ProxyPreparedStatement.executeUpdate(ProxyPreparedStatement.java:61)
	at com.zaxxer.hikari.pool.HikariProxyPreparedStatement.executeUpdate(HikariProxyPreparedStatement.java)
	at edu.univ.erp.auth.AuthDAO.createUser(AuthDAO.java:111)
	at edu.univ.erp.data.AuthDAOTest.lambda$testCreateUser_NullParameters$4(AuthDAOTest.java:156)
	at org.junit.jupiter.api.AssertThrows.assertThrows(AssertThrows.java:53)
	at org.junit.jupiter.api.AssertThrows.assertThrows(AssertThrows.java:39)
	at org.junit.jupiter.api.Assertions.assertThrows(Assertions.java:3131)
	at edu.univ.erp.data.AuthDAOTest.testCreateUser_NullParameters(AuthDAOTest.java:155)
	at java.base/jdk.internal.reflect.DirectMethodHandleAccessor.invoke(DirectMethodHandleAccessor.java:103)
	at java.base/java.lang.reflect.Method.invoke(Method.java:580)
	at org.junit.platform.commons.util.ReflectionUtils.invokeMethod(ReflectionUtils.java:728)
	at org.junit.jupiter.engine.execution.MethodInvocation.proceed(MethodInvocation.java:60)
	at org.junit.jupiter.engine.execution.InvocationInterceptorChain$ValidatingInvocation.proceed(InvocationInterceptorChain.java:131)
	at org.junit.jupiter.engine.extension.TimeoutExtension.intercept(TimeoutExtension.java:156)
	at org.junit.jupiter.engine.extension.TimeoutExtension.interceptTestableMethod(TimeoutExtension.java:147)
	at org.junit.jupiter.engine.extension.TimeoutExtension.interceptTestMethod(TimeoutExtension.java:86)
	at org.junit.jupiter.engine.execution.InterceptingExecutableInvoker$ReflectiveInterceptorCall.lambda$ofVoidMethod$0(InterceptingExecutableInvoker.java:103)
	at org.junit.jupiter.engine.execution.InterceptingExecutableInvoker.lambda$invoke$0(InterceptingExecutableInvoker.java:93)
	at org.junit.jupiter.engine.execution.InvocationInterceptorChain$InterceptedInvocation.proceed(InvocationInterceptorChain.java:106)
	at org.junit.jupiter.engine.execution.InvocationInterceptorChain.proceed(InvocationInterceptorChain.java:64)
	at org.junit.jupiter.engine.execution.InvocationInterceptorChain.chainAndInvoke(InvocationInterceptorChain.java:45)
	at org.junit.jupiter.engine.execution.InvocationInterceptorChain.invoke(InvocationInterceptorChain.java:37)
	at org.junit.jupiter.engine.execution.InterceptingExecutableInvoker.invoke(InterceptingExecutableInvoker.java:92)
	at org.junit.jupiter.engine.execution.InterceptingExecutableInvoker.invoke(InterceptingExecutableInvoker.java:86)
	at org.junit.jupiter.engine.descriptor.TestMethodTestDescriptor.lambda$invokeTestMethod$7(TestMethodTestDescriptor.java:218)
	at org.junit.platform.engine.support.hierarchical.ThrowableCollector.execute(ThrowableCollector.java:73)
	at org.junit.jupiter.engine.descriptor.TestMethodTestDescriptor.invokeTestMethod(TestMethodTestDescriptor.java:214)
	at org.junit.jupiter.engine.descriptor.TestMethodTestDescriptor.execute(TestMethodTestDescriptor.java:139)
	at org.junit.jupiter.engine.descriptor.TestMethodTestDescriptor.execute(TestMethodTestDescriptor.java:69)
	at org.junit.platform.engine.support.hierarchical.NodeTestTask.lambda$executeRecursively$6(NodeTestTask.java:151)
	at org.junit.platform.engine.support.hierarchical.ThrowableCollector.execute(ThrowableCollector.java:73)
	at org.junit.platform.engine.support.hierarchical.NodeTestTask.lambda$executeRecursively$8(NodeTestTask.java:141)
	at org.junit.platform.engine.support.hierarchical.Node.around(Node.java:137)
	at org.junit.platform.engine.support.hierarchical.NodeTestTask.lambda$executeRecursively$9(NodeTestTask.java:139)
	at org.junit.platform.engine.support.hierarchical.ThrowableCollector.execute(ThrowableCollector.java:73)
	at org.junit.platform.engine.support.hierarchical.NodeTestTask.executeRecursively(NodeTestTask.java:138)
	at org.junit.platform.engine.support.hierarchical.NodeTestTask.execute(NodeTestTask.java:95)
	at java.base/java.util.ArrayList.forEach(ArrayList.java:1596)
	at org.junit.platform.engine.support.hierarchical.SameThreadHierarchicalTestExecutorService.invokeAll(SameThreadHierarchicalTestExecutorService.java:41)
	at org.junit.platform.engine.support.hierarchical.NodeTestTask.lambda$executeRecursively$6(NodeTestTask.java:155)
	at org.junit.platform.engine.support.hierarchical.ThrowableCollector.execute(ThrowableCollector.java:73)
	at org.junit.platform.engine.support.hierarchical.NodeTestTask.lambda$executeRecursively$8(NodeTestTask.java:141)
	at org.junit.platform.engine.support.hierarchical.Node.around(Node.java:137)
	at org.junit.platform.engine.support.hierarchical.NodeTestTask.lambda$executeRecursively$9(NodeTestTask.java:139)
	at org.junit.platform.engine.support.hierarchical.ThrowableCollector.execute(ThrowableCollector.java:73)
	at org.junit.platform.engine.support.hierarchical.NodeTestTask.executeRecursively(NodeTestTask.java:138)
	at org.junit.platform.engine.support.hierarchical.NodeTestTask.execute(NodeTestTask.java:95)
	at java.base/java.util.ArrayList.forEach(ArrayList.java:1596)
	at org.junit.platform.engine.support.hierarchical.SameThreadHierarchicalTestExecutorService.invokeAll(SameThreadHierarchicalTestExecutorService.java:41)
	at org.junit.platform.engine.support.hierarchical.NodeTestTask.lambda$executeRecursively$6(NodeTestTask.java:155)
	at org.junit.platform.engine.support.hierarchical.ThrowableCollector.execute(ThrowableCollector.java:73)
	at org.junit.platform.engine.support.hierarchical.NodeTestTask.lambda$executeRecursively$8(NodeTestTask.java:141)
	at org.junit.platform.engine.support.hierarchical.Node.around(Node.java:137)
	at org.junit.platform.engine.support.hierarchical.NodeTestTask.lambda$executeRecursively$9(NodeTestTask.java:139)
	at org.junit.platform.engine.support.hierarchical.ThrowableCollector.execute(ThrowableCollector.java:73)
	at org.junit.platform.engine.support.hierarchical.NodeTestTask.executeRecursively(NodeTestTask.java:138)
	at org.junit.platform.engine.support.hierarchical.NodeTestTask.execute(NodeTestTask.java:95)
	at org.junit.platform.engine.support.hierarchical.SameThreadHierarchicalTestExecutorService.submit(SameThreadHierarchicalTestExecutorService.java:35)
	at org.junit.platform.engine.support.hierarchical.HierarchicalTestExecutor.execute(HierarchicalTestExecutor.java:57)
	at org.junit.platform.engine.support.hierarchical.HierarchicalTestEngine.execute(HierarchicalTestEngine.java:54)
	at org.junit.platform.launcher.core.EngineExecutionOrchestrator.execute(EngineExecutionOrchestrator.java:198)
	at org.junit.platform.launcher.core.EngineExecutionOrchestrator.execute(EngineExecutionOrchestrator.java:169)
	at org.junit.platform.launcher.core.EngineExecutionOrchestrator.execute(EngineExecutionOrchestrator.java:93)
	at org.junit.platform.launcher.core.EngineExecutionOrchestrator.lambda$execute$0(EngineExecutionOrchestrator.java:58)
	at org.junit.platform.launcher.core.EngineExecutionOrchestrator.withInterceptedStreams(EngineExecutionOrchestrator.java:141)
	at org.junit.platform.launcher.core.EngineExecutionOrchestrator.execute(EngineExecutionOrchestrator.java:57)
	at org.junit.platform.launcher.core.DefaultLauncher.execute(DefaultLauncher.java:103)
	at org.junit.platform.launcher.core.DefaultLauncher.execute(DefaultLauncher.java:85)
	at org.junit.platform.launcher.core.DelegatingLauncher.execute(DelegatingLauncher.java:47)
	at org.apache.maven.surefire.junitplatform.LazyLauncher.execute(LazyLauncher.java:56)
	at org.apache.maven.surefire.junitplatform.JUnitPlatformProvider.execute(JUnitPlatformProvider.java:184)
	at org.apache.maven.surefire.junitplatform.JUnitPlatformProvider.invokeAllTests(JUnitPlatformProvider.java:148)
	at org.apache.maven.surefire.junitplatform.JUnitPlatformProvider.invoke(JUnitPlatformProvider.java:122)
	at org.apache.maven.surefire.booter.ForkedBooter.runSuitesInProcess(ForkedBooter.java:385)
	at org.apache.maven.surefire.booter.ForkedBooter.execute(ForkedBooter.java:162)
	at org.apache.maven.surefire.booter.ForkedBooter.run(ForkedBooter.java:507)
	at org.apache.maven.surefire.booter.ForkedBooter.main(ForkedBooter.java:495)
2025-10-26 12:06:09 [main] INFO  edu.univ.erp.data.AuthDAOTest - Correctly rejected null parameters
2025-10-26 12:06:09 [main] INFO  edu.univ.erp.data.AuthDAOTest - Cleanup completed for username: test_user_1761460569055
2025-10-26 12:06:09 [main] DEBUG edu.univ.erp.test.BaseDAOTest - Tearing down test case
2025-10-26 12:06:09 [main] DEBUG edu.univ.erp.test.BaseDAOTest - Setting up test case
2025-10-26 12:06:09 [main] INFO  edu.univ.erp.data.AuthDAOTest - Test setup complete for username: test_user_1761460569191
2025-10-26 12:06:09 [main] INFO  edu.univ.erp.data.AuthDAOTest - Successfully updated user ID: 658
2025-10-26 12:06:09 [main] INFO  edu.univ.erp.data.AuthDAOTest - Cleanup completed for username: test_user_1761460569191_updated
2025-10-26 12:06:09 [main] DEBUG edu.univ.erp.test.BaseDAOTest - Tearing down test case
2025-10-26 12:06:09 [main] DEBUG edu.univ.erp.test.BaseDAOTest - Setting up test case
2025-10-26 12:06:09 [main] INFO  edu.univ.erp.data.AuthDAOTest - Test setup complete for username: test_user_1761460569310
2025-10-26 12:06:09 [main] ERROR edu.univ.erp.auth.AuthDAO - No user exists with userId=999999. Update failed.
2025-10-26 12:06:09 [main] ERROR edu.univ.erp.auth.AuthDAO - Error updating user with ID: 999999
java.sql.SQLException: No user exists with userId=999999. Update failed.
	at edu.univ.erp.auth.AuthDAO.updateUser(AuthDAO.java:340)
	at edu.univ.erp.data.AuthDAOTest.lambda$testUpdateUser_NonExistentUser$5(AuthDAOTest.java:198)
	at org.junit.jupiter.api.AssertThrows.assertThrows(AssertThrows.java:53)
	at org.junit.jupiter.api.AssertThrows.assertThrows(AssertThrows.java:39)
	at org.junit.jupiter.api.Assertions.assertThrows(Assertions.java:3131)
	at edu.univ.erp.data.AuthDAOTest.testUpdateUser_NonExistentUser(AuthDAOTest.java:197)
	at java.base/jdk.internal.reflect.DirectMethodHandleAccessor.invoke(DirectMethodHandleAccessor.java:103)
	at java.base/java.lang.reflect.Method.invoke(Method.java:580)
	at org.junit.platform.commons.util.ReflectionUtils.invokeMethod(ReflectionUtils.java:728)
	at org.junit.jupiter.engine.execution.MethodInvocation.proceed(MethodInvocation.java:60)
	at org.junit.jupiter.engine.execution.InvocationInterceptorChain$ValidatingInvocation.proceed(InvocationInterceptorChain.java:131)
	at org.junit.jupiter.engine.extension.TimeoutExtension.intercept(TimeoutExtension.java:156)
	at org.junit.jupiter.engine.extension.TimeoutExtension.interceptTestableMethod(TimeoutExtension.java:147)
	at org.junit.jupiter.engine.extension.TimeoutExtension.interceptTestMethod(TimeoutExtension.java:86)
	at org.junit.jupiter.engine.execution.InterceptingExecutableInvoker$ReflectiveInterceptorCall.lambda$ofVoidMethod$0(InterceptingExecutableInvoker.java:103)
	at org.junit.jupiter.engine.execution.InterceptingExecutableInvoker.lambda$invoke$0(InterceptingExecutableInvoker.java:93)
	at org.junit.jupiter.engine.execution.InvocationInterceptorChain$InterceptedInvocation.proceed(InvocationInterceptorChain.java:106)
	at org.junit.jupiter.engine.execution.InvocationInterceptorChain.proceed(InvocationInterceptorChain.java:64)
	at org.junit.jupiter.engine.execution.InvocationInterceptorChain.chainAndInvoke(InvocationInterceptorChain.java:45)
	at org.junit.jupiter.engine.execution.InvocationInterceptorChain.invoke(InvocationInterceptorChain.java:37)
	at org.junit.jupiter.engine.execution.InterceptingExecutableInvoker.invoke(InterceptingExecutableInvoker.java:92)
	at org.junit.jupiter.engine.execution.InterceptingExecutableInvoker.invoke(InterceptingExecutableInvoker.java:86)
	at org.junit.jupiter.engine.descriptor.TestMethodTestDescriptor.lambda$invokeTestMethod$7(TestMethodTestDescriptor.java:218)
	at org.junit.platform.engine.support.hierarchical.ThrowableCollector.execute(ThrowableCollector.java:73)
	at org.junit.jupiter.engine.descriptor.TestMethodTestDescriptor.invokeTestMethod(TestMethodTestDescriptor.java:214)
	at org.junit.jupiter.engine.descriptor.TestMethodTestDescriptor.execute(TestMethodTestDescriptor.java:139)
	at org.junit.jupiter.engine.descriptor.TestMethodTestDescriptor.execute(TestMethodTestDescriptor.java:69)
	at org.junit.platform.engine.support.hierarchical.NodeTestTask.lambda$executeRecursively$6(NodeTestTask.java:151)
	at org.junit.platform.engine.support.hierarchical.ThrowableCollector.execute(ThrowableCollector.java:73)
	at org.junit.platform.engine.support.hierarchical.NodeTestTask.lambda$executeRecursively$8(NodeTestTask.java:141)
	at org.junit.platform.engine.support.hierarchical.Node.around(Node.java:137)
	at org.junit.platform.engine.support.hierarchical.NodeTestTask.lambda$executeRecursively$9(NodeTestTask.java:139)
	at org.junit.platform.engine.support.hierarchical.ThrowableCollector.execute(ThrowableCollector.java:73)
	at org.junit.platform.engine.support.hierarchical.NodeTestTask.executeRecursively(NodeTestTask.java:138)
	at org.junit.platform.engine.support.hierarchical.NodeTestTask.execute(NodeTestTask.java:95)
	at java.base/java.util.ArrayList.forEach(ArrayList.java:1596)
	at org.junit.platform.engine.support.hierarchical.SameThreadHierarchicalTestExecutorService.invokeAll(SameThreadHierarchicalTestExecutorService.java:41)
	at org.junit.platform.engine.support.hierarchical.NodeTestTask.lambda$executeRecursively$6(NodeTestTask.java:155)
	at org.junit.platform.engine.support.hierarchical.ThrowableCollector.execute(ThrowableCollector.java:73)
	at org.junit.platform.engine.support.hierarchical.NodeTestTask.lambda$executeRecursively$8(NodeTestTask.java:141)
	at org.junit.platform.engine.support.hierarchical.Node.around(Node.java:137)
	at org.junit.platform.engine.support.hierarchical.NodeTestTask.lambda$executeRecursively$9(NodeTestTask.java:139)
	at org.junit.platform.engine.support.hierarchical.ThrowableCollector.execute(ThrowableCollector.java:73)
	at org.junit.platform.engine.support.hierarchical.NodeTestTask.executeRecursively(NodeTestTask.java:138)
	at org.junit.platform.engine.support.hierarchical.NodeTestTask.execute(NodeTestTask.java:95)
	at java.base/java.util.ArrayList.forEach(ArrayList.java:1596)
	at org.junit.platform.engine.support.hierarchical.SameThreadHierarchicalTestExecutorService.invokeAll(SameThreadHierarchicalTestExecutorService.java:41)
	at org.junit.platform.engine.support.hierarchical.NodeTestTask.lambda$executeRecursively$6(NodeTestTask.java:155)
	at org.junit.platform.engine.support.hierarchical.ThrowableCollector.execute(ThrowableCollector.java:73)
	at org.junit.platform.engine.support.hierarchical.NodeTestTask.lambda$executeRecursively$8(NodeTestTask.java:141)
	at org.junit.platform.engine.support.hierarchical.Node.around(Node.java:137)
	at org.junit.platform.engine.support.hierarchical.NodeTestTask.lambda$executeRecursively$9(NodeTestTask.java:139)
	at org.junit.platform.engine.support.hierarchical.ThrowableCollector.execute(ThrowableCollector.java:73)
	at org.junit.platform.engine.support.hierarchical.NodeTestTask.executeRecursively(NodeTestTask.java:138)
	at org.junit.platform.engine.support.hierarchical.NodeTestTask.execute(NodeTestTask.java:95)
	at org.junit.platform.engine.support.hierarchical.SameThreadHierarchicalTestExecutorService.submit(SameThreadHierarchicalTestExecutorService.java:35)
	at org.junit.platform.engine.support.hierarchical.HierarchicalTestExecutor.execute(HierarchicalTestExecutor.java:57)
	at org.junit.platform.engine.support.hierarchical.HierarchicalTestEngine.execute(HierarchicalTestEngine.java:54)
	at org.junit.platform.launcher.core.EngineExecutionOrchestrator.execute(EngineExecutionOrchestrator.java:198)
	at org.junit.platform.launcher.core.EngineExecutionOrchestrator.execute(EngineExecutionOrchestrator.java:169)
	at org.junit.platform.launcher.core.EngineExecutionOrchestrator.execute(EngineExecutionOrchestrator.java:93)
	at org.junit.platform.launcher.core.EngineExecutionOrchestrator.lambda$execute$0(EngineExecutionOrchestrator.java:58)
	at org.junit.platform.launcher.core.EngineExecutionOrchestrator.withInterceptedStreams(EngineExecutionOrchestrator.java:141)
	at org.junit.platform.launcher.core.EngineExecutionOrchestrator.execute(EngineExecutionOrchestrator.java:57)
	at org.junit.platform.launcher.core.DefaultLauncher.execute(DefaultLauncher.java:103)
	at org.junit.platform.launcher.core.DefaultLauncher.execute(DefaultLauncher.java:85)
	at org.junit.platform.launcher.core.DelegatingLauncher.execute(DelegatingLauncher.java:47)
	at org.apache.maven.surefire.junitplatform.LazyLauncher.execute(LazyLauncher.java:56)
	at org.apache.maven.surefire.junitplatform.JUnitPlatformProvider.execute(JUnitPlatformProvider.java:184)
	at org.apache.maven.surefire.junitplatform.JUnitPlatformProvider.invokeAllTests(JUnitPlatformProvider.java:148)
	at org.apache.maven.surefire.junitplatform.JUnitPlatformProvider.invoke(JUnitPlatformProvider.java:122)
	at org.apache.maven.surefire.booter.ForkedBooter.runSuitesInProcess(ForkedBooter.java:385)
	at org.apache.maven.surefire.booter.ForkedBooter.execute(ForkedBooter.java:162)
	at org.apache.maven.surefire.booter.ForkedBooter.run(ForkedBooter.java:507)
	at org.apache.maven.surefire.booter.ForkedBooter.main(ForkedBooter.java:495)
2025-10-26 12:06:09 [main] INFO  edu.univ.erp.data.AuthDAOTest - Correctly handled non-existent user update with exception
2025-10-26 12:06:09 [main] INFO  edu.univ.erp.data.AuthDAOTest - Cleanup completed for username: test_user_1761460569310
2025-10-26 12:06:09 [main] DEBUG edu.univ.erp.test.BaseDAOTest - Tearing down test case
2025-10-26 12:06:09 [main] DEBUG edu.univ.erp.test.BaseDAOTest - Setting up test case
2025-10-26 12:06:09 [main] INFO  edu.univ.erp.data.AuthDAOTest - Test setup complete for username: test_user_1761460569430
2025-10-26 12:06:09 [main] INFO  edu.univ.erp.auth.AuthDAO - Password reset for user ID: 659
2025-10-26 12:06:09 [main] INFO  edu.univ.erp.data.AuthDAOTest - Successfully reset password for user ID: 659
2025-10-26 12:06:09 [main] INFO  edu.univ.erp.data.AuthDAOTest - Cleanup completed for username: test_user_1761460569430
2025-10-26 12:06:09 [main] DEBUG edu.univ.erp.test.BaseDAOTest - Tearing down test case
2025-10-26 12:06:09 [main] DEBUG edu.univ.erp.test.BaseDAOTest - Setting up test case
2025-10-26 12:06:09 [main] INFO  edu.univ.erp.data.AuthDAOTest - Test setup complete for username: test_user_1761460569889
2025-10-26 12:06:09 [main] ERROR edu.univ.erp.auth.AuthDAO - No user exists with userId=999999. Password reset failed.
2025-10-26 12:06:09 [main] ERROR edu.univ.erp.auth.AuthDAO - Error resetting password for user ID: 999999
java.sql.SQLException: No user exists with userId=999999. Password reset failed.
	at edu.univ.erp.auth.AuthDAO.resetPassword(AuthDAO.java:363)
	at edu.univ.erp.data.AuthDAOTest.lambda$testResetPassword_NonExistentUser$6(AuthDAOTest.java:235)
	at org.junit.jupiter.api.AssertThrows.assertThrows(AssertThrows.java:53)
	at org.junit.jupiter.api.AssertThrows.assertThrows(AssertThrows.java:39)
	at org.junit.jupiter.api.Assertions.assertThrows(Assertions.java:3131)
	at edu.univ.erp.data.AuthDAOTest.testResetPassword_NonExistentUser(AuthDAOTest.java:234)
	at java.base/jdk.internal.reflect.DirectMethodHandleAccessor.invoke(DirectMethodHandleAccessor.java:103)
	at java.base/java.lang.reflect.Method.invoke(Method.java:580)
	at org.junit.platform.commons.util.ReflectionUtils.invokeMethod(ReflectionUtils.java:728)
	at org.junit.jupiter.engine.execution.MethodInvocation.proceed(MethodInvocation.java:60)
	at org.junit.jupiter.engine.execution.InvocationInterceptorChain$ValidatingInvocation.proceed(InvocationInterceptorChain.java:131)
	at org.junit.jupiter.engine.extension.TimeoutExtension.intercept(TimeoutExtension.java:156)
	at org.junit.jupiter.engine.extension.TimeoutExtension.interceptTestableMethod(TimeoutExtension.java:147)
	at org.junit.jupiter.engine.extension.TimeoutExtension.interceptTestMethod(TimeoutExtension.java:86)
	at org.junit.jupiter.engine.execution.InterceptingExecutableInvoker$ReflectiveInterceptorCall.lambda$ofVoidMethod$0(InterceptingExecutableInvoker.java:103)
	at org.junit.jupiter.engine.execution.InterceptingExecutableInvoker.lambda$invoke$0(InterceptingExecutableInvoker.java:93)
	at org.junit.jupiter.engine.execution.InvocationInterceptorChain$InterceptedInvocation.proceed(InvocationInterceptorChain.java:106)
	at org.junit.jupiter.engine.execution.InvocationInterceptorChain.proceed(InvocationInterceptorChain.java:64)
	at org.junit.jupiter.engine.execution.InvocationInterceptorChain.chainAndInvoke(InvocationInterceptorChain.java:45)
	at org.junit.jupiter.engine.execution.InvocationInterceptorChain.invoke(InvocationInterceptorChain.java:37)
	at org.junit.jupiter.engine.execution.InterceptingExecutableInvoker.invoke(InterceptingExecutableInvoker.java:92)
	at org.junit.jupiter.engine.execution.InterceptingExecutableInvoker.invoke(InterceptingExecutableInvoker.java:86)
	at org.junit.jupiter.engine.descriptor.TestMethodTestDescriptor.lambda$invokeTestMethod$7(TestMethodTestDescriptor.java:218)
	at org.junit.platform.engine.support.hierarchical.ThrowableCollector.execute(ThrowableCollector.java:73)
	at org.junit.jupiter.engine.descriptor.TestMethodTestDescriptor.invokeTestMethod(TestMethodTestDescriptor.java:214)
	at org.junit.jupiter.engine.descriptor.TestMethodTestDescriptor.execute(TestMethodTestDescriptor.java:139)
	at org.junit.jupiter.engine.descriptor.TestMethodTestDescriptor.execute(TestMethodTestDescriptor.java:69)
	at org.junit.platform.engine.support.hierarchical.NodeTestTask.lambda$executeRecursively$6(NodeTestTask.java:151)
	at org.junit.platform.engine.support.hierarchical.ThrowableCollector.execute(ThrowableCollector.java:73)
	at org.junit.platform.engine.support.hierarchical.NodeTestTask.lambda$executeRecursively$8(NodeTestTask.java:141)
	at org.junit.platform.engine.support.hierarchical.Node.around(Node.java:137)
	at org.junit.platform.engine.support.hierarchical.NodeTestTask.lambda$executeRecursively$9(NodeTestTask.java:139)
	at org.junit.platform.engine.support.hierarchical.ThrowableCollector.execute(ThrowableCollector.java:73)
	at org.junit.platform.engine.support.hierarchical.NodeTestTask.executeRecursively(NodeTestTask.java:138)
	at org.junit.platform.engine.support.hierarchical.NodeTestTask.execute(NodeTestTask.java:95)
	at java.base/java.util.ArrayList.forEach(ArrayList.java:1596)
	at org.junit.platform.engine.support.hierarchical.SameThreadHierarchicalTestExecutorService.invokeAll(SameThreadHierarchicalTestExecutorService.java:41)
	at org.junit.platform.engine.support.hierarchical.NodeTestTask.lambda$executeRecursively$6(NodeTestTask.java:155)
	at org.junit.platform.engine.support.hierarchical.ThrowableCollector.execute(ThrowableCollector.java:73)
	at org.junit.platform.engine.support.hierarchical.NodeTestTask.lambda$executeRecursively$8(NodeTestTask.java:141)
	at org.junit.platform.engine.support.hierarchical.Node.around(Node.java:137)
	at org.junit.platform.engine.support.hierarchical.NodeTestTask.lambda$executeRecursively$9(NodeTestTask.java:139)
	at org.junit.platform.engine.support.hierarchical.ThrowableCollector.execute(ThrowableCollector.java:73)
	at org.junit.platform.engine.support.hierarchical.NodeTestTask.executeRecursively(NodeTestTask.java:138)
	at org.junit.platform.engine.support.hierarchical.NodeTestTask.execute(NodeTestTask.java:95)
	at java.base/java.util.ArrayList.forEach(ArrayList.java:1596)
	at org.junit.platform.engine.support.hierarchical.SameThreadHierarchicalTestExecutorService.invokeAll(SameThreadHierarchicalTestExecutorService.java:41)
	at org.junit.platform.engine.support.hierarchical.NodeTestTask.lambda$executeRecursively$6(NodeTestTask.java:155)
	at org.junit.platform.engine.support.hierarchical.ThrowableCollector.execute(ThrowableCollector.java:73)
	at org.junit.platform.engine.support.hierarchical.NodeTestTask.lambda$executeRecursively$8(NodeTestTask.java:141)
	at org.junit.platform.engine.support.hierarchical.Node.around(Node.java:137)
	at org.junit.platform.engine.support.hierarchical.NodeTestTask.lambda$executeRecursively$9(NodeTestTask.java:139)
	at org.junit.platform.engine.support.hierarchical.ThrowableCollector.execute(ThrowableCollector.java:73)
	at org.junit.platform.engine.support.hierarchical.NodeTestTask.executeRecursively(NodeTestTask.java:138)
	at org.junit.platform.engine.support.hierarchical.NodeTestTask.execute(NodeTestTask.java:95)
	at org.junit.platform.engine.support.hierarchical.SameThreadHierarchicalTestExecutorService.submit(SameThreadHierarchicalTestExecutorService.java:35)
	at org.junit.platform.engine.support.hierarchical.HierarchicalTestExecutor.execute(HierarchicalTestExecutor.java:57)
	at org.junit.platform.engine.support.hierarchical.HierarchicalTestEngine.execute(HierarchicalTestEngine.java:54)
	at org.junit.platform.launcher.core.EngineExecutionOrchestrator.execute(EngineExecutionOrchestrator.java:198)
	at org.junit.platform.launcher.core.EngineExecutionOrchestrator.execute(EngineExecutionOrchestrator.java:169)
	at org.junit.platform.launcher.core.EngineExecutionOrchestrator.execute(EngineExecutionOrchestrator.java:93)
	at org.junit.platform.launcher.core.EngineExecutionOrchestrator.lambda$execute$0(EngineExecutionOrchestrator.java:58)
	at org.junit.platform.launcher.core.EngineExecutionOrchestrator.withInterceptedStreams(EngineExecutionOrchestrator.java:141)
	at org.junit.platform.launcher.core.EngineExecutionOrchestrator.execute(EngineExecutionOrchestrator.java:57)
	at org.junit.platform.launcher.core.DefaultLauncher.execute(DefaultLauncher.java:103)
	at org.junit.platform.launcher.core.DefaultLauncher.execute(DefaultLauncher.java:85)
	at org.junit.platform.launcher.core.DelegatingLauncher.execute(DelegatingLauncher.java:47)
	at org.apache.maven.surefire.junitplatform.LazyLauncher.execute(LazyLauncher.java:56)
	at org.apache.maven.surefire.junitplatform.JUnitPlatformProvider.execute(JUnitPlatformProvider.java:184)
	at org.apache.maven.surefire.junitplatform.JUnitPlatformProvider.invokeAllTests(JUnitPlatformProvider.java:148)
	at org.apache.maven.surefire.junitplatform.JUnitPlatformProvider.invoke(JUnitPlatformProvider.java:122)
	at org.apache.maven.surefire.booter.ForkedBooter.runSuitesInProcess(ForkedBooter.java:385)
	at org.apache.maven.surefire.booter.ForkedBooter.execute(ForkedBooter.java:162)
	at org.apache.maven.surefire.booter.ForkedBooter.run(ForkedBooter.java:507)
	at org.apache.maven.surefire.booter.ForkedBooter.main(ForkedBooter.java:495)
2025-10-26 12:06:10 [main] INFO  edu.univ.erp.data.AuthDAOTest - Correctly handled non-existent user password reset with exception
2025-10-26 12:06:10 [main] INFO  edu.univ.erp.data.AuthDAOTest - Cleanup completed for username: test_user_1761460569889
2025-10-26 12:06:10 [main] DEBUG edu.univ.erp.test.BaseDAOTest - Tearing down test case
2025-10-26 12:06:10 [main] DEBUG edu.univ.erp.test.BaseDAOTest - Setting up test case
2025-10-26 12:06:10 [main] INFO  edu.univ.erp.data.AuthDAOTest - Test setup complete for username: test_user_1761460570002
2025-10-26 12:06:10 [main] INFO  edu.univ.erp.auth.AuthDAO - Account unlocked for user ID: 660
2025-10-26 12:06:10 [main] INFO  edu.univ.erp.data.AuthDAOTest - Successfully unlocked account for user ID: 660
2025-10-26 12:06:10 [main] INFO  edu.univ.erp.data.AuthDAOTest - Cleanup completed for username: test_user_1761460570002
2025-10-26 12:06:10 [main] DEBUG edu.univ.erp.test.BaseDAOTest - Tearing down test case
2025-10-26 12:06:10 [main] DEBUG edu.univ.erp.test.BaseDAOTest - Setting up test case
2025-10-26 12:06:10 [main] INFO  edu.univ.erp.data.AuthDAOTest - Test setup complete for username: test_user_1761460570123
2025-10-26 12:06:10 [main] ERROR edu.univ.erp.auth.AuthDAO - No user exists with userId=999999. Account unlock failed.
2025-10-26 12:06:10 [main] ERROR edu.univ.erp.auth.AuthDAO - Error unlocking account for user ID: 999999
java.sql.SQLException: No user exists with userId=999999. Account unlock failed.
	at edu.univ.erp.auth.AuthDAO.unlockAccount(AuthDAO.java:388)
	at edu.univ.erp.data.AuthDAOTest.lambda$testUnlockAccount_NonExistentUser$7(AuthDAOTest.java:272)
	at org.junit.jupiter.api.AssertThrows.assertThrows(AssertThrows.java:53)
	at org.junit.jupiter.api.AssertThrows.assertThrows(AssertThrows.java:39)
	at org.junit.jupiter.api.Assertions.assertThrows(Assertions.java:3131)
	at edu.univ.erp.data.AuthDAOTest.testUnlockAccount_NonExistentUser(AuthDAOTest.java:271)
	at java.base/jdk.internal.reflect.DirectMethodHandleAccessor.invoke(DirectMethodHandleAccessor.java:103)
	at java.base/java.lang.reflect.Method.invoke(Method.java:580)
	at org.junit.platform.commons.util.ReflectionUtils.invokeMethod(ReflectionUtils.java:728)
	at org.junit.jupiter.engine.execution.MethodInvocation.proceed(MethodInvocation.java:60)
	at org.junit.jupiter.engine.execution.InvocationInterceptorChain$ValidatingInvocation.proceed(InvocationInterceptorChain.java:131)
	at org.junit.jupiter.engine.extension.TimeoutExtension.intercept(TimeoutExtension.java:156)
	at org.junit.jupiter.engine.extension.TimeoutExtension.interceptTestableMethod(TimeoutExtension.java:147)
	at org.junit.jupiter.engine.extension.TimeoutExtension.interceptTestMethod(TimeoutExtension.java:86)
	at org.junit.jupiter.engine.execution.InterceptingExecutableInvoker$ReflectiveInterceptorCall.lambda$ofVoidMethod$0(InterceptingExecutableInvoker.java:103)
	at org.junit.jupiter.engine.execution.InterceptingExecutableInvoker.lambda$invoke$0(InterceptingExecutableInvoker.java:93)
	at org.junit.jupiter.engine.execution.InvocationInterceptorChain$InterceptedInvocation.proceed(InvocationInterceptorChain.java:106)
	at org.junit.jupiter.engine.execution.InvocationInterceptorChain.proceed(InvocationInterceptorChain.java:64)
	at org.junit.jupiter.engine.execution.InvocationInterceptorChain.chainAndInvoke(InvocationInterceptorChain.java:45)
	at org.junit.jupiter.engine.execution.InvocationInterceptorChain.invoke(InvocationInterceptorChain.java:37)
	at org.junit.jupiter.engine.execution.InterceptingExecutableInvoker.invoke(InterceptingExecutableInvoker.java:92)
	at org.junit.jupiter.engine.execution.InterceptingExecutableInvoker.invoke(InterceptingExecutableInvoker.java:86)
	at org.junit.jupiter.engine.descriptor.TestMethodTestDescriptor.lambda$invokeTestMethod$7(TestMethodTestDescriptor.java:218)
	at org.junit.platform.engine.support.hierarchical.ThrowableCollector.execute(ThrowableCollector.java:73)
	at org.junit.jupiter.engine.descriptor.TestMethodTestDescriptor.invokeTestMethod(TestMethodTestDescriptor.java:214)
	at org.junit.jupiter.engine.descriptor.TestMethodTestDescriptor.execute(TestMethodTestDescriptor.java:139)
	at org.junit.jupiter.engine.descriptor.TestMethodTestDescriptor.execute(TestMethodTestDescriptor.java:69)
	at org.junit.platform.engine.support.hierarchical.NodeTestTask.lambda$executeRecursively$6(NodeTestTask.java:151)
	at org.junit.platform.engine.support.hierarchical.ThrowableCollector.execute(ThrowableCollector.java:73)
	at org.junit.platform.engine.support.hierarchical.NodeTestTask.lambda$executeRecursively$8(NodeTestTask.java:141)
	at org.junit.platform.engine.support.hierarchical.Node.around(Node.java:137)
	at org.junit.platform.engine.support.hierarchical.NodeTestTask.lambda$executeRecursively$9(NodeTestTask.java:139)
	at org.junit.platform.engine.support.hierarchical.ThrowableCollector.execute(ThrowableCollector.java:73)
	at org.junit.platform.engine.support.hierarchical.NodeTestTask.executeRecursively(NodeTestTask.java:138)
	at org.junit.platform.engine.support.hierarchical.NodeTestTask.execute(NodeTestTask.java:95)
	at java.base/java.util.ArrayList.forEach(ArrayList.java:1596)
	at org.junit.platform.engine.support.hierarchical.SameThreadHierarchicalTestExecutorService.invokeAll(SameThreadHierarchicalTestExecutorService.java:41)
	at org.junit.platform.engine.support.hierarchical.NodeTestTask.lambda$executeRecursively$6(NodeTestTask.java:155)
	at org.junit.platform.engine.support.hierarchical.ThrowableCollector.execute(ThrowableCollector.java:73)
	at org.junit.platform.engine.support.hierarchical.NodeTestTask.lambda$executeRecursively$8(NodeTestTask.java:141)
	at org.junit.platform.engine.support.hierarchical.Node.around(Node.java:137)
	at org.junit.platform.engine.support.hierarchical.NodeTestTask.lambda$executeRecursively$9(NodeTestTask.java:139)
	at org.junit.platform.engine.support.hierarchical.ThrowableCollector.execute(ThrowableCollector.java:73)
	at org.junit.platform.engine.support.hierarchical.NodeTestTask.executeRecursively(NodeTestTask.java:138)
	at org.junit.platform.engine.support.hierarchical.NodeTestTask.execute(NodeTestTask.java:95)
	at java.base/java.util.ArrayList.forEach(ArrayList.java:1596)
	at org.junit.platform.engine.support.hierarchical.SameThreadHierarchicalTestExecutorService.invokeAll(SameThreadHierarchicalTestExecutorService.java:41)
	at org.junit.platform.engine.support.hierarchical.NodeTestTask.lambda$executeRecursively$6(NodeTestTask.java:155)
	at org.junit.platform.engine.support.hierarchical.ThrowableCollector.execute(ThrowableCollector.java:73)
	at org.junit.platform.engine.support.hierarchical.NodeTestTask.lambda$executeRecursively$8(NodeTestTask.java:141)
	at org.junit.platform.engine.support.hierarchical.Node.around(Node.java:137)
	at org.junit.platform.engine.support.hierarchical.NodeTestTask.lambda$executeRecursively$9(NodeTestTask.java:139)
	at org.junit.platform.engine.support.hierarchical.ThrowableCollector.execute(ThrowableCollector.java:73)
	at org.junit.platform.engine.support.hierarchical.NodeTestTask.executeRecursively(NodeTestTask.java:138)
	at org.junit.platform.engine.support.hierarchical.NodeTestTask.execute(NodeTestTask.java:95)
	at org.junit.platform.engine.support.hierarchical.SameThreadHierarchicalTestExecutorService.submit(SameThreadHierarchicalTestExecutorService.java:35)
	at org.junit.platform.engine.support.hierarchical.HierarchicalTestExecutor.execute(HierarchicalTestExecutor.java:57)
	at org.junit.platform.engine.support.hierarchical.HierarchicalTestEngine.execute(HierarchicalTestEngine.java:54)
	at org.junit.platform.launcher.core.EngineExecutionOrchestrator.execute(EngineExecutionOrchestrator.java:198)
	at org.junit.platform.launcher.core.EngineExecutionOrchestrator.execute(EngineExecutionOrchestrator.java:169)
	at org.junit.platform.launcher.core.EngineExecutionOrchestrator.execute(EngineExecutionOrchestrator.java:93)
	at org.junit.platform.launcher.core.EngineExecutionOrchestrator.lambda$execute$0(EngineExecutionOrchestrator.java:58)
	at org.junit.platform.launcher.core.EngineExecutionOrchestrator.withInterceptedStreams(EngineExecutionOrchestrator.java:141)
	at org.junit.platform.launcher.core.EngineExecutionOrchestrator.execute(EngineExecutionOrchestrator.java:57)
	at org.junit.platform.launcher.core.DefaultLauncher.execute(DefaultLauncher.java:103)
	at org.junit.platform.launcher.core.DefaultLauncher.execute(DefaultLauncher.java:85)
	at org.junit.platform.launcher.core.DelegatingLauncher.execute(DelegatingLauncher.java:47)
	at org.apache.maven.surefire.junitplatform.LazyLauncher.execute(LazyLauncher.java:56)
	at org.apache.maven.surefire.junitplatform.JUnitPlatformProvider.execute(JUnitPlatformProvider.java:184)
	at org.apache.maven.surefire.junitplatform.JUnitPlatformProvider.invokeAllTests(JUnitPlatformProvider.java:148)
	at org.apache.maven.surefire.junitplatform.JUnitPlatformProvider.invoke(JUnitPlatformProvider.java:122)
	at org.apache.maven.surefire.booter.ForkedBooter.runSuitesInProcess(ForkedBooter.java:385)
	at org.apache.maven.surefire.booter.ForkedBooter.execute(ForkedBooter.java:162)
	at org.apache.maven.surefire.booter.ForkedBooter.run(ForkedBooter.java:507)
	at org.apache.maven.surefire.booter.ForkedBooter.main(ForkedBooter.java:495)
2025-10-26 12:06:10 [main] INFO  edu.univ.erp.data.AuthDAOTest - Correctly handled non-existent user unlock with exception
2025-10-26 12:06:10 [main] INFO  edu.univ.erp.data.AuthDAOTest - Cleanup completed for username: test_user_1761460570123
2025-10-26 12:06:10 [main] DEBUG edu.univ.erp.test.BaseDAOTest - Tearing down test case
2025-10-26 12:06:10 [main] DEBUG edu.univ.erp.test.BaseDAOTest - Setting up test case
2025-10-26 12:06:10 [main] INFO  edu.univ.erp.data.AuthDAOTest - Test setup complete for username: test_user_1761460570235
2025-10-26 12:06:10 [main] INFO  edu.univ.erp.data.AuthDAOTest - BCrypt password verification working correctly
2025-10-26 12:06:10 [main] INFO  edu.univ.erp.data.AuthDAOTest - Cleanup completed for username: test_user_1761460570235
2025-10-26 12:06:10 [main] DEBUG edu.univ.erp.test.BaseDAOTest - Tearing down test case
2025-10-26 12:06:10 [main] DEBUG edu.univ.erp.test.BaseDAOTest - Setting up test case
2025-10-26 12:06:10 [main] INFO  edu.univ.erp.data.AuthDAOTest - Test setup complete for username: test_user_1761460570812
2025-10-26 12:06:10 [main] INFO  edu.univ.erp.data.AuthDAOTest - All valid user roles work correctly
2025-10-26 12:06:10 [main] INFO  edu.univ.erp.data.AuthDAOTest - Cleanup completed for username: test_user_1761460570812
2025-10-26 12:06:10 [main] DEBUG edu.univ.erp.test.BaseDAOTest - Tearing down test case
2025-10-26 12:06:10 [main] DEBUG edu.univ.erp.test.BaseDAOTest - Setting up test case
2025-10-26 12:06:11 [main] INFO  edu.univ.erp.data.AuthDAOTest - Test setup complete for username: test_user_1761460570945
2025-10-26 12:06:11 [main] INFO  edu.univ.erp.data.AuthDAOTest - Concurrent access test completed successfully
2025-10-26 12:06:11 [main] INFO  edu.univ.erp.data.AuthDAOTest - Cleanup completed for username: test_user_1761460570945
2025-10-26 12:06:11 [main] DEBUG edu.univ.erp.test.BaseDAOTest - Tearing down test case
2025-10-26 12:06:11 [main] DEBUG edu.univ.erp.test.BaseDAOTest - Setting up test case
2025-10-26 12:06:11 [main] INFO  edu.univ.erp.data.AuthDAOTest - Test setup complete for username: test_user_1761460571100
2025-10-26 12:06:11 [main] INFO  edu.univ.erp.data.AuthDAOTest - Special character username handling works correctly
2025-10-26 12:06:11 [main] INFO  edu.univ.erp.data.AuthDAOTest - Cleanup completed for username: test_user_1761460571100
2025-10-26 12:06:11 [main] DEBUG edu.univ.erp.test.BaseDAOTest - Tearing down test case
2025-10-26 12:06:11 [main] DEBUG edu.univ.erp.test.BaseDAOTest - Setting up test case
2025-10-26 12:06:11 [main] INFO  edu.univ.erp.data.AuthDAOTest - Test setup complete for username: test_user_1761460571224
2025-10-26 12:06:11 [main] ERROR edu.univ.erp.auth.AuthDAO - Error creating user: aaaaaaaaaaaaaaaaaaaaaaaaaaaaaaaaaaaaaaaaaaaaaaaaaaa
com.mysql.cj.jdbc.exceptions.MysqlDataTruncation: Data truncation: Data too long for column 'username' at row 1
	at com.mysql.cj.jdbc.exceptions.SQLExceptionsMapping.translateException(SQLExceptionsMapping.java:104)
	at com.mysql.cj.jdbc.ClientPreparedStatement.executeInternal(ClientPreparedStatement.java:912)
	at com.mysql.cj.jdbc.ClientPreparedStatement.executeUpdateInternal(ClientPreparedStatement.java:1054)
	at com.mysql.cj.jdbc.ClientPreparedStatement.executeUpdateInternal(ClientPreparedStatement.java:1003)
	at com.mysql.cj.jdbc.ClientPreparedStatement.executeLargeUpdate(ClientPreparedStatement.java:1312)
	at com.mysql.cj.jdbc.ClientPreparedStatement.executeUpdate(ClientPreparedStatement.java:988)
	at com.zaxxer.hikari.pool.ProxyPreparedStatement.executeUpdate(ProxyPreparedStatement.java:61)
	at com.zaxxer.hikari.pool.HikariProxyPreparedStatement.executeUpdate(HikariProxyPreparedStatement.java)
	at edu.univ.erp.auth.AuthDAO.createUser(AuthDAO.java:111)
	at edu.univ.erp.data.AuthDAOTest.lambda$testEdgeCases_LongUsername$9(AuthDAOTest.java:411)
	at org.junit.jupiter.api.AssertThrows.assertThrows(AssertThrows.java:53)
	at org.junit.jupiter.api.AssertThrows.assertThrows(AssertThrows.java:39)
	at org.junit.jupiter.api.Assertions.assertThrows(Assertions.java:3131)
	at edu.univ.erp.data.AuthDAOTest.testEdgeCases_LongUsername(AuthDAOTest.java:410)
	at java.base/jdk.internal.reflect.DirectMethodHandleAccessor.invoke(DirectMethodHandleAccessor.java:103)
	at java.base/java.lang.reflect.Method.invoke(Method.java:580)
	at org.junit.platform.commons.util.ReflectionUtils.invokeMethod(ReflectionUtils.java:728)
	at org.junit.jupiter.engine.execution.MethodInvocation.proceed(MethodInvocation.java:60)
	at org.junit.jupiter.engine.execution.InvocationInterceptorChain$ValidatingInvocation.proceed(InvocationInterceptorChain.java:131)
	at org.junit.jupiter.engine.extension.TimeoutExtension.intercept(TimeoutExtension.java:156)
	at org.junit.jupiter.engine.extension.TimeoutExtension.interceptTestableMethod(TimeoutExtension.java:147)
	at org.junit.jupiter.engine.extension.TimeoutExtension.interceptTestMethod(TimeoutExtension.java:86)
	at org.junit.jupiter.engine.execution.InterceptingExecutableInvoker$ReflectiveInterceptorCall.lambda$ofVoidMethod$0(InterceptingExecutableInvoker.java:103)
	at org.junit.jupiter.engine.execution.InterceptingExecutableInvoker.lambda$invoke$0(InterceptingExecutableInvoker.java:93)
	at org.junit.jupiter.engine.execution.InvocationInterceptorChain$InterceptedInvocation.proceed(InvocationInterceptorChain.java:106)
	at org.junit.jupiter.engine.execution.InvocationInterceptorChain.proceed(InvocationInterceptorChain.java:64)
	at org.junit.jupiter.engine.execution.InvocationInterceptorChain.chainAndInvoke(InvocationInterceptorChain.java:45)
	at org.junit.jupiter.engine.execution.InvocationInterceptorChain.invoke(InvocationInterceptorChain.java:37)
	at org.junit.jupiter.engine.execution.InterceptingExecutableInvoker.invoke(InterceptingExecutableInvoker.java:92)
	at org.junit.jupiter.engine.execution.InterceptingExecutableInvoker.invoke(InterceptingExecutableInvoker.java:86)
	at org.junit.jupiter.engine.descriptor.TestMethodTestDescriptor.lambda$invokeTestMethod$7(TestMethodTestDescriptor.java:218)
	at org.junit.platform.engine.support.hierarchical.ThrowableCollector.execute(ThrowableCollector.java:73)
	at org.junit.jupiter.engine.descriptor.TestMethodTestDescriptor.invokeTestMethod(TestMethodTestDescriptor.java:214)
	at org.junit.jupiter.engine.descriptor.TestMethodTestDescriptor.execute(TestMethodTestDescriptor.java:139)
	at org.junit.jupiter.engine.descriptor.TestMethodTestDescriptor.execute(TestMethodTestDescriptor.java:69)
	at org.junit.platform.engine.support.hierarchical.NodeTestTask.lambda$executeRecursively$6(NodeTestTask.java:151)
	at org.junit.platform.engine.support.hierarchical.ThrowableCollector.execute(ThrowableCollector.java:73)
	at org.junit.platform.engine.support.hierarchical.NodeTestTask.lambda$executeRecursively$8(NodeTestTask.java:141)
	at org.junit.platform.engine.support.hierarchical.Node.around(Node.java:137)
	at org.junit.platform.engine.support.hierarchical.NodeTestTask.lambda$executeRecursively$9(NodeTestTask.java:139)
	at org.junit.platform.engine.support.hierarchical.ThrowableCollector.execute(ThrowableCollector.java:73)
	at org.junit.platform.engine.support.hierarchical.NodeTestTask.executeRecursively(NodeTestTask.java:138)
	at org.junit.platform.engine.support.hierarchical.NodeTestTask.execute(NodeTestTask.java:95)
	at java.base/java.util.ArrayList.forEach(ArrayList.java:1596)
	at org.junit.platform.engine.support.hierarchical.SameThreadHierarchicalTestExecutorService.invokeAll(SameThreadHierarchicalTestExecutorService.java:41)
	at org.junit.platform.engine.support.hierarchical.NodeTestTask.lambda$executeRecursively$6(NodeTestTask.java:155)
	at org.junit.platform.engine.support.hierarchical.ThrowableCollector.execute(ThrowableCollector.java:73)
	at org.junit.platform.engine.support.hierarchical.NodeTestTask.lambda$executeRecursively$8(NodeTestTask.java:141)
	at org.junit.platform.engine.support.hierarchical.Node.around(Node.java:137)
	at org.junit.platform.engine.support.hierarchical.NodeTestTask.lambda$executeRecursively$9(NodeTestTask.java:139)
	at org.junit.platform.engine.support.hierarchical.ThrowableCollector.execute(ThrowableCollector.java:73)
	at org.junit.platform.engine.support.hierarchical.NodeTestTask.executeRecursively(NodeTestTask.java:138)
	at org.junit.platform.engine.support.hierarchical.NodeTestTask.execute(NodeTestTask.java:95)
	at java.base/java.util.ArrayList.forEach(ArrayList.java:1596)
	at org.junit.platform.engine.support.hierarchical.SameThreadHierarchicalTestExecutorService.invokeAll(SameThreadHierarchicalTestExecutorService.java:41)
	at org.junit.platform.engine.support.hierarchical.NodeTestTask.lambda$executeRecursively$6(NodeTestTask.java:155)
	at org.junit.platform.engine.support.hierarchical.ThrowableCollector.execute(ThrowableCollector.java:73)
	at org.junit.platform.engine.support.hierarchical.NodeTestTask.lambda$executeRecursively$8(NodeTestTask.java:141)
	at org.junit.platform.engine.support.hierarchical.Node.around(Node.java:137)
	at org.junit.platform.engine.support.hierarchical.NodeTestTask.lambda$executeRecursively$9(NodeTestTask.java:139)
	at org.junit.platform.engine.support.hierarchical.ThrowableCollector.execute(ThrowableCollector.java:73)
	at org.junit.platform.engine.support.hierarchical.NodeTestTask.executeRecursively(NodeTestTask.java:138)
	at org.junit.platform.engine.support.hierarchical.NodeTestTask.execute(NodeTestTask.java:95)
	at org.junit.platform.engine.support.hierarchical.SameThreadHierarchicalTestExecutorService.submit(SameThreadHierarchicalTestExecutorService.java:35)
	at org.junit.platform.engine.support.hierarchical.HierarchicalTestExecutor.execute(HierarchicalTestExecutor.java:57)
	at org.junit.platform.engine.support.hierarchical.HierarchicalTestEngine.execute(HierarchicalTestEngine.java:54)
	at org.junit.platform.launcher.core.EngineExecutionOrchestrator.execute(EngineExecutionOrchestrator.java:198)
	at org.junit.platform.launcher.core.EngineExecutionOrchestrator.execute(EngineExecutionOrchestrator.java:169)
	at org.junit.platform.launcher.core.EngineExecutionOrchestrator.execute(EngineExecutionOrchestrator.java:93)
	at org.junit.platform.launcher.core.EngineExecutionOrchestrator.lambda$execute$0(EngineExecutionOrchestrator.java:58)
	at org.junit.platform.launcher.core.EngineExecutionOrchestrator.withInterceptedStreams(EngineExecutionOrchestrator.java:141)
	at org.junit.platform.launcher.core.EngineExecutionOrchestrator.execute(EngineExecutionOrchestrator.java:57)
	at org.junit.platform.launcher.core.DefaultLauncher.execute(DefaultLauncher.java:103)
	at org.junit.platform.launcher.core.DefaultLauncher.execute(DefaultLauncher.java:85)
	at org.junit.platform.launcher.core.DelegatingLauncher.execute(DelegatingLauncher.java:47)
	at org.apache.maven.surefire.junitplatform.LazyLauncher.execute(LazyLauncher.java:56)
	at org.apache.maven.surefire.junitplatform.JUnitPlatformProvider.execute(JUnitPlatformProvider.java:184)
	at org.apache.maven.surefire.junitplatform.JUnitPlatformProvider.invokeAllTests(JUnitPlatformProvider.java:148)
	at org.apache.maven.surefire.junitplatform.JUnitPlatformProvider.invoke(JUnitPlatformProvider.java:122)
	at org.apache.maven.surefire.booter.ForkedBooter.runSuitesInProcess(ForkedBooter.java:385)
	at org.apache.maven.surefire.booter.ForkedBooter.execute(ForkedBooter.java:162)
	at org.apache.maven.surefire.booter.ForkedBooter.run(ForkedBooter.java:507)
	at org.apache.maven.surefire.booter.ForkedBooter.main(ForkedBooter.java:495)
2025-10-26 12:06:11 [main] INFO  edu.univ.erp.data.AuthDAOTest - Username length handling works correctly
2025-10-26 12:06:11 [main] INFO  edu.univ.erp.data.AuthDAOTest - Cleanup completed for username: test_user_1761460571224
2025-10-26 12:06:11 [main] DEBUG edu.univ.erp.test.BaseDAOTest - Tearing down test case
2025-10-26 12:06:11 [main] INFO  edu.univ.erp.test.BaseDAOTest - Database connections verified for testing
2025-10-26 12:06:11 [main] DEBUG edu.univ.erp.test.BaseDAOTest - Setting up test case
2025-10-26 12:06:11 [main] DEBUG edu.univ.erp.test.BaseDAOTest - Tearing down test case
2025-10-26 12:06:11 [main] DEBUG edu.univ.erp.test.BaseDAOTest - Setting up test case
2025-10-26 12:06:11 [main] DEBUG edu.univ.erp.test.BaseDAOTest - Tearing down test case
2025-10-26 12:06:11 [main] DEBUG edu.univ.erp.test.BaseDAOTest - Setting up test case
2025-10-26 12:06:12 [main] DEBUG edu.univ.erp.test.BaseDAOTest - Tearing down test case
2025-10-26 12:06:12 [main] DEBUG edu.univ.erp.test.BaseDAOTest - Setting up test case
2025-10-26 12:06:12 [main] DEBUG edu.univ.erp.test.BaseDAOTest - Tearing down test case
2025-10-26 12:06:12 [main] DEBUG edu.univ.erp.test.BaseDAOTest - Setting up test case
2025-10-26 12:06:12 [main] DEBUG edu.univ.erp.test.BaseDAOTest - Tearing down test case
2025-10-26 12:06:12 [main] DEBUG edu.univ.erp.test.BaseDAOTest - Setting up test case
2025-10-26 12:06:12 [main] DEBUG edu.univ.erp.test.BaseDAOTest - Tearing down test case
2025-10-26 12:06:12 [main] DEBUG edu.univ.erp.test.BaseDAOTest - Setting up test case
2025-10-26 12:06:13 [main] DEBUG edu.univ.erp.test.BaseDAOTest - Tearing down test case
2025-10-26 12:06:13 [AWT-EventQueue-0] ERROR e.u.erp.ui.instructor.ReportsPanel - No current user session found. User must be logged in to access instructor features.
2025-10-26 12:06:13 [AWT-EventQueue-0] ERROR e.u.erp.ui.instructor.ReportsPanel - Error retrieving current instructor ID from session
java.lang.IllegalStateException: User session not found. Please log in again.
	at edu.univ.erp.ui.instructor.ReportsPanel.getCurrentInstructorId(ReportsPanel.java:827)
	at edu.univ.erp.ui.instructor.ReportsPanel.lambda$loadSections$1(ReportsPanel.java:155)
	at java.desktop/java.awt.event.InvocationEvent.dispatch(InvocationEvent.java:318)
	at java.desktop/java.awt.EventQueue.dispatchEventImpl(EventQueue.java:773)
	at java.desktop/java.awt.EventQueue$4.run(EventQueue.java:720)
	at java.desktop/java.awt.EventQueue$4.run(EventQueue.java:714)
	at java.base/java.security.AccessController.doPrivileged(AccessController.java:400)
	at java.base/java.security.ProtectionDomain$JavaSecurityAccessImpl.doIntersectionPrivilege(ProtectionDomain.java:87)
	at java.desktop/java.awt.EventQueue.dispatchEvent(EventQueue.java:742)
	at java.desktop/java.awt.EventDispatchThread.pumpOneEventForFilters(EventDispatchThread.java:203)
	at java.desktop/java.awt.EventDispatchThread.pumpEventsForFilter(EventDispatchThread.java:124)
	at java.desktop/java.awt.EventDispatchThread.pumpEventsForHierarchy(EventDispatchThread.java:113)
	at java.desktop/java.awt.EventDispatchThread.pumpEvents(EventDispatchThread.java:109)
	at java.desktop/java.awt.EventDispatchThread.pumpEvents(EventDispatchThread.java:101)
	at java.desktop/java.awt.EventDispatchThread.run(EventDispatchThread.java:90)
2025-10-26 12:06:13 [AWT-EventQueue-0] ERROR e.u.erp.ui.instructor.ReportsPanel - Error loading sections
java.lang.IllegalStateException: User session not found. Please log in again.
	at edu.univ.erp.ui.instructor.ReportsPanel.getCurrentInstructorId(ReportsPanel.java:827)
	at edu.univ.erp.ui.instructor.ReportsPanel.lambda$loadSections$1(ReportsPanel.java:155)
	at java.desktop/java.awt.event.InvocationEvent.dispatch(InvocationEvent.java:318)
	at java.desktop/java.awt.EventQueue.dispatchEventImpl(EventQueue.java:773)
	at java.desktop/java.awt.EventQueue$4.run(EventQueue.java:720)
	at java.desktop/java.awt.EventQueue$4.run(EventQueue.java:714)
	at java.base/java.security.AccessController.doPrivileged(AccessController.java:400)
	at java.base/java.security.ProtectionDomain$JavaSecurityAccessImpl.doIntersectionPrivilege(ProtectionDomain.java:87)
	at java.desktop/java.awt.EventQueue.dispatchEvent(EventQueue.java:742)
	at java.desktop/java.awt.EventDispatchThread.pumpOneEventForFilters(EventDispatchThread.java:203)
	at java.desktop/java.awt.EventDispatchThread.pumpEventsForFilter(EventDispatchThread.java:124)
	at java.desktop/java.awt.EventDispatchThread.pumpEventsForHierarchy(EventDispatchThread.java:113)
	at java.desktop/java.awt.EventDispatchThread.pumpEvents(EventDispatchThread.java:109)
	at java.desktop/java.awt.EventDispatchThread.pumpEvents(EventDispatchThread.java:101)
	at java.desktop/java.awt.EventDispatchThread.run(EventDispatchThread.java:90)
2025-10-26 12:06:13 [AWT-EventQueue-0] ERROR e.u.erp.ui.instructor.ReportsPanel - No current user session found. User must be logged in to access instructor features.
2025-10-26 12:06:13 [AWT-EventQueue-0] ERROR e.u.erp.ui.instructor.ReportsPanel - Error retrieving current instructor ID from session
java.lang.IllegalStateException: User session not found. Please log in again.
	at edu.univ.erp.ui.instructor.ReportsPanel.getCurrentInstructorId(ReportsPanel.java:827)
	at edu.univ.erp.ui.instructor.ReportsPanel.lambda$loadSections$1(ReportsPanel.java:155)
	at java.desktop/java.awt.event.InvocationEvent.dispatch(InvocationEvent.java:318)
	at java.desktop/java.awt.EventQueue.dispatchEventImpl(EventQueue.java:773)
	at java.desktop/java.awt.EventQueue$4.run(EventQueue.java:720)
	at java.desktop/java.awt.EventQueue$4.run(EventQueue.java:714)
	at java.base/java.security.AccessController.doPrivileged(AccessController.java:400)
	at java.base/java.security.ProtectionDomain$JavaSecurityAccessImpl.doIntersectionPrivilege(ProtectionDomain.java:87)
	at java.desktop/java.awt.EventQueue.dispatchEvent(EventQueue.java:742)
	at java.desktop/java.awt.EventDispatchThread.pumpOneEventForFilters(EventDispatchThread.java:203)
	at java.desktop/java.awt.EventDispatchThread.pumpEventsForFilter(EventDispatchThread.java:124)
	at java.desktop/java.awt.EventDispatchThread.pumpEventsForFilter(EventDispatchThread.java:117)
	at java.desktop/java.awt.WaitDispatchSupport$2.run(WaitDispatchSupport.java:191)
	at java.desktop/java.awt.WaitDispatchSupport$4.run(WaitDispatchSupport.java:236)
	at java.desktop/java.awt.WaitDispatchSupport$4.run(WaitDispatchSupport.java:234)
	at java.base/java.security.AccessController.doPrivileged(AccessController.java:319)
	at java.desktop/java.awt.WaitDispatchSupport.enter(WaitDispatchSupport.java:234)
	at java.desktop/java.awt.Dialog.show(Dialog.java:1079)
	at java.desktop/javax.swing.JOptionPane.showOptionDialog(JOptionPane.java:881)
	at java.desktop/javax.swing.JOptionPane.showMessageDialog(JOptionPane.java:677)
	at java.desktop/javax.swing.JOptionPane.showMessageDialog(JOptionPane.java:648)
	at edu.univ.erp.ui.instructor.ReportsPanel.lambda$loadSections$1(ReportsPanel.java:163)
	at java.desktop/java.awt.event.InvocationEvent.dispatch(InvocationEvent.java:318)
	at java.desktop/java.awt.EventQueue.dispatchEventImpl(EventQueue.java:773)
	at java.desktop/java.awt.EventQueue$4.run(EventQueue.java:720)
	at java.desktop/java.awt.EventQueue$4.run(EventQueue.java:714)
	at java.base/java.security.AccessController.doPrivileged(AccessController.java:400)
	at java.base/java.security.ProtectionDomain$JavaSecurityAccessImpl.doIntersectionPrivilege(ProtectionDomain.java:87)
	at java.desktop/java.awt.EventQueue.dispatchEvent(EventQueue.java:742)
	at java.desktop/java.awt.EventDispatchThread.pumpOneEventForFilters(EventDispatchThread.java:203)
	at java.desktop/java.awt.EventDispatchThread.pumpEventsForFilter(EventDispatchThread.java:124)
	at java.desktop/java.awt.EventDispatchThread.pumpEventsForHierarchy(EventDispatchThread.java:113)
	at java.desktop/java.awt.EventDispatchThread.pumpEvents(EventDispatchThread.java:109)
	at java.desktop/java.awt.EventDispatchThread.pumpEvents(EventDispatchThread.java:101)
	at java.desktop/java.awt.EventDispatchThread.run(EventDispatchThread.java:90)
2025-10-26 12:06:13 [AWT-EventQueue-0] ERROR e.u.erp.ui.instructor.ReportsPanel - Error loading sections
java.lang.IllegalStateException: User session not found. Please log in again.
	at edu.univ.erp.ui.instructor.ReportsPanel.getCurrentInstructorId(ReportsPanel.java:827)
	at edu.univ.erp.ui.instructor.ReportsPanel.lambda$loadSections$1(ReportsPanel.java:155)
	at java.desktop/java.awt.event.InvocationEvent.dispatch(InvocationEvent.java:318)
	at java.desktop/java.awt.EventQueue.dispatchEventImpl(EventQueue.java:773)
	at java.desktop/java.awt.EventQueue$4.run(EventQueue.java:720)
	at java.desktop/java.awt.EventQueue$4.run(EventQueue.java:714)
	at java.base/java.security.AccessController.doPrivileged(AccessController.java:400)
	at java.base/java.security.ProtectionDomain$JavaSecurityAccessImpl.doIntersectionPrivilege(ProtectionDomain.java:87)
	at java.desktop/java.awt.EventQueue.dispatchEvent(EventQueue.java:742)
	at java.desktop/java.awt.EventDispatchThread.pumpOneEventForFilters(EventDispatchThread.java:203)
	at java.desktop/java.awt.EventDispatchThread.pumpEventsForFilter(EventDispatchThread.java:124)
	at java.desktop/java.awt.EventDispatchThread.pumpEventsForFilter(EventDispatchThread.java:117)
	at java.desktop/java.awt.WaitDispatchSupport$2.run(WaitDispatchSupport.java:191)
	at java.desktop/java.awt.WaitDispatchSupport$4.run(WaitDispatchSupport.java:236)
	at java.desktop/java.awt.WaitDispatchSupport$4.run(WaitDispatchSupport.java:234)
	at java.base/java.security.AccessController.doPrivileged(AccessController.java:319)
	at java.desktop/java.awt.WaitDispatchSupport.enter(WaitDispatchSupport.java:234)
	at java.desktop/java.awt.Dialog.show(Dialog.java:1079)
	at java.desktop/javax.swing.JOptionPane.showOptionDialog(JOptionPane.java:881)
	at java.desktop/javax.swing.JOptionPane.showMessageDialog(JOptionPane.java:677)
	at java.desktop/javax.swing.JOptionPane.showMessageDialog(JOptionPane.java:648)
	at edu.univ.erp.ui.instructor.ReportsPanel.lambda$loadSections$1(ReportsPanel.java:163)
	at java.desktop/java.awt.event.InvocationEvent.dispatch(InvocationEvent.java:318)
	at java.desktop/java.awt.EventQueue.dispatchEventImpl(EventQueue.java:773)
	at java.desktop/java.awt.EventQueue$4.run(EventQueue.java:720)
	at java.desktop/java.awt.EventQueue$4.run(EventQueue.java:714)
	at java.base/java.security.AccessController.doPrivileged(AccessController.java:400)
	at java.base/java.security.ProtectionDomain$JavaSecurityAccessImpl.doIntersectionPrivilege(ProtectionDomain.java:87)
	at java.desktop/java.awt.EventQueue.dispatchEvent(EventQueue.java:742)
	at java.desktop/java.awt.EventDispatchThread.pumpOneEventForFilters(EventDispatchThread.java:203)
	at java.desktop/java.awt.EventDispatchThread.pumpEventsForFilter(EventDispatchThread.java:124)
	at java.desktop/java.awt.EventDispatchThread.pumpEventsForHierarchy(EventDispatchThread.java:113)
	at java.desktop/java.awt.EventDispatchThread.pumpEvents(EventDispatchThread.java:109)
	at java.desktop/java.awt.EventDispatchThread.pumpEvents(EventDispatchThread.java:101)
	at java.desktop/java.awt.EventDispatchThread.run(EventDispatchThread.java:90)
2025-10-26 12:06:14 [AWT-EventQueue-0] ERROR e.u.erp.ui.instructor.ReportsPanel - No current user session found. User must be logged in to access instructor features.
2025-10-26 12:06:14 [AWT-EventQueue-0] ERROR e.u.erp.ui.instructor.ReportsPanel - Error retrieving current instructor ID from session
java.lang.IllegalStateException: User session not found. Please log in again.
	at edu.univ.erp.ui.instructor.ReportsPanel.getCurrentInstructorId(ReportsPanel.java:827)
	at edu.univ.erp.ui.instructor.ReportsPanel.lambda$loadSections$1(ReportsPanel.java:155)
	at java.desktop/java.awt.event.InvocationEvent.dispatch(InvocationEvent.java:318)
	at java.desktop/java.awt.EventQueue.dispatchEventImpl(EventQueue.java:773)
	at java.desktop/java.awt.EventQueue$4.run(EventQueue.java:720)
	at java.desktop/java.awt.EventQueue$4.run(EventQueue.java:714)
	at java.base/java.security.AccessController.doPrivileged(AccessController.java:400)
	at java.base/java.security.ProtectionDomain$JavaSecurityAccessImpl.doIntersectionPrivilege(ProtectionDomain.java:87)
	at java.desktop/java.awt.EventQueue.dispatchEvent(EventQueue.java:742)
	at java.desktop/java.awt.EventDispatchThread.pumpOneEventForFilters(EventDispatchThread.java:203)
	at java.desktop/java.awt.EventDispatchThread.pumpEventsForFilter(EventDispatchThread.java:124)
	at java.desktop/java.awt.EventDispatchThread.pumpEventsForFilter(EventDispatchThread.java:117)
	at java.desktop/java.awt.WaitDispatchSupport$2.run(WaitDispatchSupport.java:191)
	at java.desktop/java.awt.WaitDispatchSupport$4.run(WaitDispatchSupport.java:236)
	at java.desktop/java.awt.WaitDispatchSupport$4.run(WaitDispatchSupport.java:234)
	at java.base/java.security.AccessController.doPrivileged(AccessController.java:319)
	at java.desktop/java.awt.WaitDispatchSupport.enter(WaitDispatchSupport.java:234)
	at java.desktop/java.awt.Dialog.show(Dialog.java:1079)
	at java.desktop/javax.swing.JOptionPane.showOptionDialog(JOptionPane.java:881)
	at java.desktop/javax.swing.JOptionPane.showMessageDialog(JOptionPane.java:677)
	at java.desktop/javax.swing.JOptionPane.showMessageDialog(JOptionPane.java:648)
	at edu.univ.erp.ui.instructor.ReportsPanel.lambda$loadSections$1(ReportsPanel.java:163)
	at java.desktop/java.awt.event.InvocationEvent.dispatch(InvocationEvent.java:318)
	at java.desktop/java.awt.EventQueue.dispatchEventImpl(EventQueue.java:773)
	at java.desktop/java.awt.EventQueue$4.run(EventQueue.java:720)
	at java.desktop/java.awt.EventQueue$4.run(EventQueue.java:714)
	at java.base/java.security.AccessController.doPrivileged(AccessController.java:400)
	at java.base/java.security.ProtectionDomain$JavaSecurityAccessImpl.doIntersectionPrivilege(ProtectionDomain.java:87)
	at java.desktop/java.awt.EventQueue.dispatchEvent(EventQueue.java:742)
	at java.desktop/java.awt.EventDispatchThread.pumpOneEventForFilters(EventDispatchThread.java:203)
	at java.desktop/java.awt.EventDispatchThread.pumpEventsForFilter(EventDispatchThread.java:124)
	at java.desktop/java.awt.EventDispatchThread.pumpEventsForFilter(EventDispatchThread.java:117)
	at java.desktop/java.awt.WaitDispatchSupport$2.run(WaitDispatchSupport.java:191)
	at java.desktop/java.awt.WaitDispatchSupport$4.run(WaitDispatchSupport.java:236)
	at java.desktop/java.awt.WaitDispatchSupport$4.run(WaitDispatchSupport.java:234)
	at java.base/java.security.AccessController.doPrivileged(AccessController.java:319)
	at java.desktop/java.awt.WaitDispatchSupport.enter(WaitDispatchSupport.java:234)
	at java.desktop/java.awt.Dialog.show(Dialog.java:1079)
	at java.desktop/javax.swing.JOptionPane.showOptionDialog(JOptionPane.java:881)
	at java.desktop/javax.swing.JOptionPane.showMessageDialog(JOptionPane.java:677)
	at java.desktop/javax.swing.JOptionPane.showMessageDialog(JOptionPane.java:648)
	at edu.univ.erp.ui.instructor.ReportsPanel.lambda$loadSections$1(ReportsPanel.java:163)
	at java.desktop/java.awt.event.InvocationEvent.dispatch(InvocationEvent.java:318)
	at java.desktop/java.awt.EventQueue.dispatchEventImpl(EventQueue.java:773)
	at java.desktop/java.awt.EventQueue$4.run(EventQueue.java:720)
	at java.desktop/java.awt.EventQueue$4.run(EventQueue.java:714)
	at java.base/java.security.AccessController.doPrivileged(AccessController.java:400)
	at java.base/java.security.ProtectionDomain$JavaSecurityAccessImpl.doIntersectionPrivilege(ProtectionDomain.java:87)
	at java.desktop/java.awt.EventQueue.dispatchEvent(EventQueue.java:742)
	at java.desktop/java.awt.EventDispatchThread.pumpOneEventForFilters(EventDispatchThread.java:203)
	at java.desktop/java.awt.EventDispatchThread.pumpEventsForFilter(EventDispatchThread.java:124)
	at java.desktop/java.awt.EventDispatchThread.pumpEventsForHierarchy(EventDispatchThread.java:113)
	at java.desktop/java.awt.EventDispatchThread.pumpEvents(EventDispatchThread.java:109)
	at java.desktop/java.awt.EventDispatchThread.pumpEvents(EventDispatchThread.java:101)
	at java.desktop/java.awt.EventDispatchThread.run(EventDispatchThread.java:90)
2025-10-26 12:06:14 [AWT-EventQueue-0] ERROR e.u.erp.ui.instructor.ReportsPanel - Error loading sections
java.lang.IllegalStateException: User session not found. Please log in again.
	at edu.univ.erp.ui.instructor.ReportsPanel.getCurrentInstructorId(ReportsPanel.java:827)
	at edu.univ.erp.ui.instructor.ReportsPanel.lambda$loadSections$1(ReportsPanel.java:155)
	at java.desktop/java.awt.event.InvocationEvent.dispatch(InvocationEvent.java:318)
	at java.desktop/java.awt.EventQueue.dispatchEventImpl(EventQueue.java:773)
	at java.desktop/java.awt.EventQueue$4.run(EventQueue.java:720)
	at java.desktop/java.awt.EventQueue$4.run(EventQueue.java:714)
	at java.base/java.security.AccessController.doPrivileged(AccessController.java:400)
	at java.base/java.security.ProtectionDomain$JavaSecurityAccessImpl.doIntersectionPrivilege(ProtectionDomain.java:87)
	at java.desktop/java.awt.EventQueue.dispatchEvent(EventQueue.java:742)
	at java.desktop/java.awt.EventDispatchThread.pumpOneEventForFilters(EventDispatchThread.java:203)
	at java.desktop/java.awt.EventDispatchThread.pumpEventsForFilter(EventDispatchThread.java:124)
	at java.desktop/java.awt.EventDispatchThread.pumpEventsForFilter(EventDispatchThread.java:117)
	at java.desktop/java.awt.WaitDispatchSupport$2.run(WaitDispatchSupport.java:191)
	at java.desktop/java.awt.WaitDispatchSupport$4.run(WaitDispatchSupport.java:236)
	at java.desktop/java.awt.WaitDispatchSupport$4.run(WaitDispatchSupport.java:234)
	at java.base/java.security.AccessController.doPrivileged(AccessController.java:319)
	at java.desktop/java.awt.WaitDispatchSupport.enter(WaitDispatchSupport.java:234)
	at java.desktop/java.awt.Dialog.show(Dialog.java:1079)
	at java.desktop/javax.swing.JOptionPane.showOptionDialog(JOptionPane.java:881)
	at java.desktop/javax.swing.JOptionPane.showMessageDialog(JOptionPane.java:677)
	at java.desktop/javax.swing.JOptionPane.showMessageDialog(JOptionPane.java:648)
	at edu.univ.erp.ui.instructor.ReportsPanel.lambda$loadSections$1(ReportsPanel.java:163)
	at java.desktop/java.awt.event.InvocationEvent.dispatch(InvocationEvent.java:318)
	at java.desktop/java.awt.EventQueue.dispatchEventImpl(EventQueue.java:773)
	at java.desktop/java.awt.EventQueue$4.run(EventQueue.java:720)
	at java.desktop/java.awt.EventQueue$4.run(EventQueue.java:714)
	at java.base/java.security.AccessController.doPrivileged(AccessController.java:400)
	at java.base/java.security.ProtectionDomain$JavaSecurityAccessImpl.doIntersectionPrivilege(ProtectionDomain.java:87)
	at java.desktop/java.awt.EventQueue.dispatchEvent(EventQueue.java:742)
	at java.desktop/java.awt.EventDispatchThread.pumpOneEventForFilters(EventDispatchThread.java:203)
	at java.desktop/java.awt.EventDispatchThread.pumpEventsForFilter(EventDispatchThread.java:124)
	at java.desktop/java.awt.EventDispatchThread.pumpEventsForFilter(EventDispatchThread.java:117)
	at java.desktop/java.awt.WaitDispatchSupport$2.run(WaitDispatchSupport.java:191)
	at java.desktop/java.awt.WaitDispatchSupport$4.run(WaitDispatchSupport.java:236)
	at java.desktop/java.awt.WaitDispatchSupport$4.run(WaitDispatchSupport.java:234)
	at java.base/java.security.AccessController.doPrivileged(AccessController.java:319)
	at java.desktop/java.awt.WaitDispatchSupport.enter(WaitDispatchSupport.java:234)
	at java.desktop/java.awt.Dialog.show(Dialog.java:1079)
	at java.desktop/javax.swing.JOptionPane.showOptionDialog(JOptionPane.java:881)
	at java.desktop/javax.swing.JOptionPane.showMessageDialog(JOptionPane.java:677)
	at java.desktop/javax.swing.JOptionPane.showMessageDialog(JOptionPane.java:648)
	at edu.univ.erp.ui.instructor.ReportsPanel.lambda$loadSections$1(ReportsPanel.java:163)
	at java.desktop/java.awt.event.InvocationEvent.dispatch(InvocationEvent.java:318)
	at java.desktop/java.awt.EventQueue.dispatchEventImpl(EventQueue.java:773)
	at java.desktop/java.awt.EventQueue$4.run(EventQueue.java:720)
	at java.desktop/java.awt.EventQueue$4.run(EventQueue.java:714)
	at java.base/java.security.AccessController.doPrivileged(AccessController.java:400)
	at java.base/java.security.ProtectionDomain$JavaSecurityAccessImpl.doIntersectionPrivilege(ProtectionDomain.java:87)
	at java.desktop/java.awt.EventQueue.dispatchEvent(EventQueue.java:742)
	at java.desktop/java.awt.EventDispatchThread.pumpOneEventForFilters(EventDispatchThread.java:203)
	at java.desktop/java.awt.EventDispatchThread.pumpEventsForFilter(EventDispatchThread.java:124)
	at java.desktop/java.awt.EventDispatchThread.pumpEventsForHierarchy(EventDispatchThread.java:113)
	at java.desktop/java.awt.EventDispatchThread.pumpEvents(EventDispatchThread.java:109)
	at java.desktop/java.awt.EventDispatchThread.pumpEvents(EventDispatchThread.java:101)
	at java.desktop/java.awt.EventDispatchThread.run(EventDispatchThread.java:90)
2025-10-26 12:06:14 [main] INFO  edu.univ.erp.test.BaseDAOTest - Database connections verified for testing
2025-10-26 12:06:14 [main] DEBUG edu.univ.erp.test.BaseDAOTest - Setting up test case
2025-10-26 12:06:14 [main] DEBUG edu.univ.erp.test.BaseDAOTest - Tearing down test case
2025-10-26 12:06:14 [main] DEBUG edu.univ.erp.test.BaseDAOTest - Setting up test case
2025-10-26 12:06:14 [main] DEBUG edu.univ.erp.test.BaseDAOTest - Tearing down test case
2025-10-26 12:06:14 [main] DEBUG edu.univ.erp.test.BaseDAOTest - Setting up test case
2025-10-26 12:06:14 [main] DEBUG edu.univ.erp.test.BaseDAOTest - Tearing down test case
2025-10-26 12:06:14 [main] DEBUG edu.univ.erp.test.BaseDAOTest - Setting up test case
2025-10-26 12:06:14 [main] DEBUG edu.univ.erp.test.BaseDAOTest - Tearing down test case
2025-10-26 12:06:14 [main] DEBUG edu.univ.erp.test.BaseDAOTest - Setting up test case
2025-10-26 12:06:14 [main] DEBUG edu.univ.erp.test.BaseDAOTest - Tearing down test case
2025-10-26 12:06:14 [main] DEBUG edu.univ.erp.test.BaseDAOTest - Setting up test case
2025-10-26 12:06:14 [main] DEBUG edu.univ.erp.test.BaseDAOTest - Tearing down test case
2025-10-26 12:06:14 [main] DEBUG edu.univ.erp.test.BaseDAOTest - Setting up test case
2025-10-26 12:06:14 [main] DEBUG edu.univ.erp.test.BaseDAOTest - Tearing down test case
2025-10-26 12:06:14 [main] DEBUG edu.univ.erp.test.BaseDAOTest - Setting up test case
2025-10-26 12:06:14 [main] DEBUG edu.univ.erp.test.BaseDAOTest - Tearing down test case
2025-10-26 12:06:14 [main] INFO  edu.univ.erp.test.BaseDAOTest - Database connections verified for testing
2025-10-26 12:06:14 [main] DEBUG edu.univ.erp.test.BaseDAOTest - Setting up test case
2025-10-26 12:06:14 [main] DEBUG edu.univ.erp.test.BaseDAOTest - Tearing down test case
2025-10-26 12:06:14 [main] DEBUG edu.univ.erp.test.BaseDAOTest - Setting up test case
2025-10-26 12:06:14 [main] DEBUG edu.univ.erp.test.BaseDAOTest - Tearing down test case
2025-10-26 12:06:14 [main] DEBUG edu.univ.erp.test.BaseDAOTest - Setting up test case
2025-10-26 12:06:14 [main] DEBUG edu.univ.erp.test.BaseDAOTest - Tearing down test case
2025-10-26 12:06:14 [main] DEBUG edu.univ.erp.test.BaseDAOTest - Setting up test case
2025-10-26 12:06:14 [main] DEBUG edu.univ.erp.test.BaseDAOTest - Tearing down test case
2025-10-26 12:06:14 [main] DEBUG edu.univ.erp.test.BaseDAOTest - Setting up test case
2025-10-26 12:06:14 [main] DEBUG edu.univ.erp.test.BaseDAOTest - Tearing down test case
2025-10-26 12:06:14 [main] DEBUG edu.univ.erp.test.BaseDAOTest - Setting up test case
2025-10-26 12:06:14 [main] DEBUG edu.univ.erp.test.BaseDAOTest - Tearing down test case
2025-10-26 12:06:14 [main] DEBUG edu.univ.erp.test.BaseDAOTest - Setting up test case
2025-10-26 12:06:14 [main] DEBUG edu.univ.erp.test.BaseDAOTest - Tearing down test case
2025-10-26 12:06:14 [main] DEBUG edu.univ.erp.test.BaseDAOTest - Setting up test case
2025-10-26 12:06:14 [main] DEBUG edu.univ.erp.test.BaseDAOTest - Tearing down test case
2025-10-26 12:06:14 [main] DEBUG edu.univ.erp.test.BaseDAOTest - Setting up test case
2025-10-26 12:06:14 [main] DEBUG edu.univ.erp.test.BaseDAOTest - Tearing down test case
2025-10-26 12:06:14 [main] DEBUG edu.univ.erp.test.BaseDAOTest - Setting up test case
2025-10-26 12:06:14 [main] DEBUG edu.univ.erp.test.BaseDAOTest - Tearing down test case
2025-10-26 12:06:14 [main] INFO  edu.univ.erp.test.BaseDAOTest - Database connections verified for testing
2025-10-26 12:06:14 [main] DEBUG edu.univ.erp.test.BaseDAOTest - Setting up test case
2025-10-26 12:06:14 [main] DEBUG edu.univ.erp.test.BaseDAOTest - Tearing down test case
2025-10-26 12:06:14 [main] DEBUG edu.univ.erp.test.BaseDAOTest - Setting up test case
2025-10-26 12:06:14 [main] DEBUG edu.univ.erp.test.BaseDAOTest - Tearing down test case
2025-10-26 12:06:14 [main] DEBUG edu.univ.erp.test.BaseDAOTest - Setting up test case
2025-10-26 12:06:14 [main] DEBUG edu.univ.erp.test.BaseDAOTest - Tearing down test case
2025-10-26 12:06:14 [main] DEBUG edu.univ.erp.test.BaseDAOTest - Setting up test case
2025-10-26 12:06:14 [main] WARN  edu.univ.erp.service.GradeService - Permission denied for listComponents: You must be logged in to perform this action
2025-10-26 12:06:14 [main] DEBUG edu.univ.erp.test.BaseDAOTest - Tearing down test case
2025-10-26 12:06:14 [main] DEBUG edu.univ.erp.test.BaseDAOTest - Setting up test case
2025-10-26 12:06:14 [main] DEBUG edu.univ.erp.test.BaseDAOTest - Tearing down test case
2025-10-26 12:06:14 [main] DEBUG edu.univ.erp.test.BaseDAOTest - Setting up test case
2025-10-26 12:06:14 [main] DEBUG edu.univ.erp.test.BaseDAOTest - Tearing down test case
2025-10-26 12:06:14 [main] DEBUG edu.univ.erp.test.BaseDAOTest - Setting up test case
2025-10-26 12:06:14 [main] DEBUG edu.univ.erp.test.BaseDAOTest - Tearing down test case
2025-10-26 12:06:14 [main] INFO  edu.univ.erp.test.BaseDAOTest - Database connections verified for testing
2025-10-26 12:06:14 [main] DEBUG edu.univ.erp.test.BaseDAOTest - Setting up test case
2025-10-26 12:06:14 [main] DEBUG edu.univ.erp.test.BaseDAOTest - Tearing down test case
2025-10-26 12:06:14 [main] DEBUG edu.univ.erp.test.BaseDAOTest - Setting up test case
2025-10-26 12:06:14 [main] DEBUG edu.univ.erp.test.BaseDAOTest - Tearing down test case
2025-10-26 12:06:14 [main] DEBUG edu.univ.erp.test.BaseDAOTest - Setting up test case
2025-10-26 12:06:14 [main] WARN  edu.univ.erp.auth.PermissionChecker - Permission denied: User stu1 (role: STUDENT) attempted admin-only operation
2025-10-26 12:06:14 [main] DEBUG edu.univ.erp.test.BaseDAOTest - Tearing down test case
2025-10-26 12:06:14 [main] DEBUG edu.univ.erp.test.BaseDAOTest - Setting up test case
2025-10-26 12:06:14 [main] DEBUG edu.univ.erp.test.BaseDAOTest - Tearing down test case
2025-10-26 12:06:14 [main] DEBUG edu.univ.erp.test.BaseDAOTest - Setting up test case
2025-10-26 12:06:14 [main] DEBUG edu.univ.erp.test.BaseDAOTest - Tearing down test case
2025-10-26 12:06:14 [main] DEBUG edu.univ.erp.test.BaseDAOTest - Setting up test case
2025-10-26 12:06:14 [main] DEBUG edu.univ.erp.test.BaseDAOTest - Tearing down test case
2025-10-26 12:06:14 [main] DEBUG edu.univ.erp.test.BaseDAOTest - Setting up test case
2025-10-26 12:06:14 [main] DEBUG edu.univ.erp.test.BaseDAOTest - Tearing down test case
2025-10-26 12:06:14 [main] DEBUG edu.univ.erp.test.BaseDAOTest - Setting up test case
2025-10-26 12:06:14 [main] DEBUG edu.univ.erp.test.BaseDAOTest - Tearing down test case
2025-10-26 12:06:14 [main] DEBUG edu.univ.erp.test.BaseDAOTest - Setting up test case
2025-10-26 12:06:14 [main] DEBUG edu.univ.erp.test.BaseDAOTest - Tearing down test case
